#
# There is insufficient memory for the Java Runtime Environment to continue.
# Native memory allocation (malloc) failed to allocate 632912 bytes. Error detail: Chunk::new
# Possible reasons:
#   The system is out of physical RAM or swap space
#   This process is running with CompressedOops enabled, and the Java Heap may be blocking the growth of the native heap
# Possible solutions:
#   Reduce memory load on the system
#   Increase physical memory or swap space
#   Check if swap backing store is full
#   Decrease Java heap size (-Xmx/-Xms)
#   Decrease number of Java threads
#   Decrease Java thread stack sizes (-Xss)
#   Set larger code cache with -XX:ReservedCodeCacheSize=
#   JVM is running with Unscaled Compressed Oops mode in which the Java heap is
#     placed in the first 4GB address space. The Java Heap base address is the
#     maximum limit for the native heap growth. Please use -XX:HeapBaseMinAddress
#     to set the Java Heap base and to place the Java Heap above 4GB virtual address.
# This output file may be truncated or incomplete.
#
#  Out of Memory Error (arena.cpp:168), pid=11012, tid=18576
#
# JRE version: OpenJDK Runtime Environment Temurin-21.0.8+9 (21.0.8+9) (build 21.0.8+9-LTS)
# Java VM: OpenJDK 64-Bit Server VM Temurin-21.0.8+9 (21.0.8+9-LTS, mixed mode, sharing, tiered, compressed oops, compressed class ptrs, parallel gc, windows-amd64)
# No core dump will be written. Minidumps are not enabled by default on client versions of Windows
#

---------------  S U M M A R Y ------------

Command Line: --add-modules=ALL-SYSTEM --add-opens=java.base/java.util=ALL-UNNAMED --add-opens=java.base/java.lang=ALL-UNNAMED --add-opens=java.base/sun.nio.fs=ALL-UNNAMED -Declipse.application=org.eclipse.jdt.ls.core.id1 -Dosgi.bundles.defaultStartLevel=4 -Declipse.product=org.eclipse.jdt.ls.core.product -Djava.import.generatesMetadataFilesAtProjectRoot=false -DDetectVMInstallationsJob.disabled=true -Dfile.encoding=utf8 -XX:+UseParallelGC -XX:GCTimeRatio=4 -XX:AdaptiveSizePolicyWeight=90 -Dsun.zip.disableMemoryMapping=true -Xmx2G -Xms100m -Xlog:disable -javaagent:c:\Users\User\.vscode\extensions\redhat.java-1.46.0-win32-x64\lombok\lombok-1.18.39-4050.jar c:\Users\User\.vscode\extensions\redhat.java-1.46.0-win32-x64\server\plugins\org.eclipse.equinox.launcher_1.7.0.v20250519-0528.jar -configuration c:\Users\User\AppData\Roaming\Code\User\globalStorage\redhat.java\1.46.0\config_ss_win -data c:\Users\User\AppData\Roaming\Code\User\workspaceStorage\dbac1ccca7af464e6365b9032b453e86\redhat.java\ss_ws --pipe=\\.\pipe\lsp-5913e3cd0cc7ae4cc8e44215c9a33c40-sock

Host: 11th Gen Intel(R) Core(TM) i3-1115G4 @ 3.00GHz, 4 cores, 7G,  Windows 11 , 64 bit Build 22621 (10.0.22621.5415)
Time: Mon Oct 27 23:37:51 2025 Sri Lanka Standard Time elapsed time: 19.813231 seconds (0d 0h 0m 19s)

---------------  T H R E A D  ---------------

Current thread (0x000001b2e9ff65a0):  JavaThread "C2 CompilerThread0" daemon [_thread_in_native, id=18576, stack(0x00000023a1f00000,0x00000023a2000000) (1024K)]


Current CompileTask:
C2:19813 3865       4       com.google.gson.stream.JsonReader::nextQuotedValue (296 bytes)

Stack: [0x00000023a1f00000,0x00000023a2000000]
Native frames: (J=compiled Java code, j=interpreted, Vv=VM code, C=native code)
V  [jvm.dll+0x6d2449]
V  [jvm.dll+0x8ae341]
V  [jvm.dll+0x8b08be]
V  [jvm.dll+0x8b0fa3]
V  [jvm.dll+0x280c96]
V  [jvm.dll+0xc581d]
V  [jvm.dll+0xc5d53]
V  [jvm.dll+0x3b919c]
V  [jvm.dll+0x385315]
V  [jvm.dll+0x38477a]
V  [jvm.dll+0x248ed0]
V  [jvm.dll+0x2484af]
V  [jvm.dll+0x1c89ee]
V  [jvm.dll+0x257d4d]
V  [jvm.dll+0x2562ea]
V  [jvm.dll+0x3f2d16]
V  [jvm.dll+0x857e6b]
V  [jvm.dll+0x6d0b0d]
C  [ucrtbase.dll+0x29333]
C  [KERNEL32.DLL+0x1259d]
C  [ntdll.dll+0x5af78]


---------------  P R O C E S S  ---------------

Threads class SMR info:
_java_thread_list=0x000001b2f0249150, length=31, elements={
0x000001b2d12c84d0, 0x000001b2e9fea910, 0x000001b2e9fec210, 0x000001b2e9feec50,
0x000001b2e9fefde0, 0x000001b2e9ff0cf0, 0x000001b2e9ff5770, 0x000001b2e9ff65a0,
0x000001b2ea02ae10, 0x000001b2ea0ab3b0, 0x000001b2ef18f710, 0x000001b2efc6f650,
0x000001b2efa07810, 0x000001b2efa07e70, 0x000001b2efaaafd0, 0x000001b2efce28e0,
0x000001b2efd3af00, 0x000001b2efdfab70, 0x000001b2efefcdf0, 0x000001b2f00c8270,
0x000001b2f00c7be0, 0x000001b2f00cb060, 0x000001b2f00ca340, 0x000001b2f00ca9d0,
0x000001b2f00c8900, 0x000001b2f00c8f90, 0x000001b2f00c9cb0, 0x000001b2f00c9620,
0x000001b2ef8c43a0, 0x000001b2ef8c8bd0, 0x000001b2ef8c9260
}

Java Threads: ( => current thread )
  0x000001b2d12c84d0 JavaThread "main"                              [_thread_blocked, id=14440, stack(0x00000023a1500000,0x00000023a1600000) (1024K)]
  0x000001b2e9fea910 JavaThread "Reference Handler"          daemon [_thread_blocked, id=15712, stack(0x00000023a1900000,0x00000023a1a00000) (1024K)]
  0x000001b2e9fec210 JavaThread "Finalizer"                  daemon [_thread_blocked, id=7792, stack(0x00000023a1a00000,0x00000023a1b00000) (1024K)]
  0x000001b2e9feec50 JavaThread "Signal Dispatcher"          daemon [_thread_blocked, id=592, stack(0x00000023a1b00000,0x00000023a1c00000) (1024K)]
  0x000001b2e9fefde0 JavaThread "Attach Listener"            daemon [_thread_blocked, id=11212, stack(0x00000023a1c00000,0x00000023a1d00000) (1024K)]
  0x000001b2e9ff0cf0 JavaThread "Service Thread"             daemon [_thread_blocked, id=8124, stack(0x00000023a1d00000,0x00000023a1e00000) (1024K)]
  0x000001b2e9ff5770 JavaThread "Monitor Deflation Thread"   daemon [_thread_blocked, id=3380, stack(0x00000023a1e00000,0x00000023a1f00000) (1024K)]
=>0x000001b2e9ff65a0 JavaThread "C2 CompilerThread0"         daemon [_thread_in_native, id=18576, stack(0x00000023a1f00000,0x00000023a2000000) (1024K)]
  0x000001b2ea02ae10 JavaThread "C1 CompilerThread0"         daemon [_thread_blocked, id=13784, stack(0x00000023a2000000,0x00000023a2100000) (1024K)]
  0x000001b2ea0ab3b0 JavaThread "Common-Cleaner"             daemon [_thread_blocked, id=17576, stack(0x00000023a2100000,0x00000023a2200000) (1024K)]
  0x000001b2ef18f710 JavaThread "Notification Thread"        daemon [_thread_blocked, id=4352, stack(0x00000023a2200000,0x00000023a2300000) (1024K)]
  0x000001b2efc6f650 JavaThread "Active Thread: Equinox Container: 8b07424f-19a7-411d-ac78-430889adbfc3"        [_thread_blocked, id=6108, stack(0x00000023a2600000,0x00000023a2700000) (1024K)]
  0x000001b2efa07810 JavaThread "Framework Event Dispatcher: Equinox Container: 8b07424f-19a7-411d-ac78-430889adbfc3" daemon [_thread_blocked, id=22476, stack(0x00000023a2700000,0x00000023a2800000) (1024K)]
  0x000001b2efa07e70 JavaThread "Start Level: Equinox Container: 8b07424f-19a7-411d-ac78-430889adbfc3" daemon [_thread_blocked, id=21592, stack(0x00000023a2800000,0x00000023a2900000) (1024K)]
  0x000001b2efaaafd0 JavaThread "SCR Component Actor"        daemon [_thread_blocked, id=15576, stack(0x00000023a2900000,0x00000023a2a00000) (1024K)]
  0x000001b2efce28e0 JavaThread "Worker-JM"                         [_thread_blocked, id=21028, stack(0x00000023a2b00000,0x00000023a2c00000) (1024K)]
  0x000001b2efd3af00 JavaThread "JNA Cleaner"                daemon [_thread_blocked, id=15376, stack(0x00000023a2a00000,0x00000023a2b00000) (1024K)]
  0x000001b2efdfab70 JavaThread "Worker-0"                          [_thread_blocked, id=332, stack(0x00000023a2c00000,0x00000023a2d00000) (1024K)]
  0x000001b2efefcdf0 JavaThread "Worker-1"                          [_thread_blocked, id=17100, stack(0x00000023a2d00000,0x00000023a2e00000) (1024K)]
  0x000001b2f00c8270 JavaThread "Worker-2"                          [_thread_blocked, id=11260, stack(0x00000023a2e00000,0x00000023a2f00000) (1024K)]
  0x000001b2f00c7be0 JavaThread "Thread-1"                   daemon [_thread_in_native, id=19220, stack(0x00000023a2f00000,0x00000023a3000000) (1024K)]
  0x000001b2f00cb060 JavaThread "Thread-2"                   daemon [_thread_in_native, id=9360, stack(0x00000023a3000000,0x00000023a3100000) (1024K)]
  0x000001b2f00ca340 JavaThread "Thread-3"                   daemon [_thread_in_native, id=20052, stack(0x00000023a3100000,0x00000023a3200000) (1024K)]
  0x000001b2f00ca9d0 JavaThread "Thread-4"                   daemon [_thread_in_native, id=18764, stack(0x00000023a3200000,0x00000023a3300000) (1024K)]
  0x000001b2f00c8900 JavaThread "Thread-5"                   daemon [_thread_in_native, id=7212, stack(0x00000023a3300000,0x00000023a3400000) (1024K)]
  0x000001b2f00c8f90 JavaThread "pool-2-thread-1"                   [_thread_blocked, id=13432, stack(0x00000023a3400000,0x00000023a3500000) (1024K)]
  0x000001b2f00c9cb0 JavaThread "WorkspaceEventsHandler"            [_thread_blocked, id=4064, stack(0x00000023a3500000,0x00000023a3600000) (1024K)]
  0x000001b2f00c9620 JavaThread "pool-1-thread-1"                   [_thread_blocked, id=1168, stack(0x00000023a3600000,0x00000023a3700000) (1024K)]
  0x000001b2ef8c43a0 JavaThread "ForkJoinPool.commonPool-worker-1" daemon [_thread_in_vm, id=20904, stack(0x00000023a3700000,0x00000023a3800000) (1024K)]
  0x000001b2ef8c8bd0 JavaThread "ForkJoinPool.commonPool-worker-2" daemon [_thread_blocked, id=4820, stack(0x00000023a3800000,0x00000023a3900000) (1024K)]
  0x000001b2ef8c9260 JavaThread "ForkJoinPool.commonPool-worker-3" daemon [_thread_blocked, id=12868, stack(0x00000023a3900000,0x00000023a3a00000) (1024K)]
Total: 31

Other Threads:
  0x000001b2d36ce4f0 VMThread "VM Thread"                           [id=11056, stack(0x00000023a1800000,0x00000023a1900000) (1024K)]
  0x000001b2d367cb20 WatcherThread "VM Periodic Task Thread"        [id=11112, stack(0x00000023a1700000,0x00000023a1800000) (1024K)]
  0x000001b2d362fe10 WorkerThread "GC Thread#0"                     [id=2224, stack(0x00000023a1600000,0x00000023a1700000) (1024K)]
  0x000001b2ef42a710 WorkerThread "GC Thread#1"                     [id=14720, stack(0x00000023a2300000,0x00000023a2400000) (1024K)]
  0x000001b2ef8bab90 WorkerThread "GC Thread#2"                     [id=21436, stack(0x00000023a2400000,0x00000023a2500000) (1024K)]
  0x000001b2ef8baf30 WorkerThread "GC Thread#3"                     [id=9212, stack(0x00000023a2500000,0x00000023a2600000) (1024K)]
Total: 6

Threads with active compile tasks:
C2 CompilerThread0  19844 3865       4       com.google.gson.stream.JsonReader::nextQuotedValue (296 bytes)
Total: 1

VM state: not at safepoint (normal execution)

VM Mutex/Monitor currently owned by a thread: None

Heap address: 0x0000000080000000, size: 2048 MB, Compressed Oops mode: 32-bit

CDS archive(s) mapped at: [0x000001b280000000-0x000001b280ba0000-0x000001b280ba0000), size 12189696, SharedBaseAddress: 0x000001b280000000, ArchiveRelocationMode: 1.
Compressed class space mapped at: 0x000001b281000000-0x000001b2c1000000, reserved size: 1073741824
Narrow klass base: 0x000001b280000000, Narrow klass shift: 0, Narrow klass range: 0x100000000

GC Precious Log:
 CardTable entry size: 512
 CPUs: 4 total, 4 available
 Memory: 7914M
 Large Page Support: Disabled
 NUMA Support: Disabled
 Compressed Oops: Enabled (32-bit)
 Alignments: Space 512K, Generation 512K, Heap 2M
 Heap Min Capacity: 100M
 Heap Initial Capacity: 100M
 Heap Max Capacity: 2G
 Pre-touch: Disabled
 Parallel Workers: 4

Heap:
 PSYoungGen      total 27648K, used 14647K [0x00000000d5580000, 0x00000000d7580000, 0x0000000100000000)
  eden space 22528K, 43% used [0x00000000d5580000,0x00000000d5f2e0f8,0x00000000d6b80000)
  from space 5120K, 92% used [0x00000000d6c00000,0x00000000d709ff00,0x00000000d7100000)
  to   space 4608K, 0% used [0x00000000d7100000,0x00000000d7100000,0x00000000d7580000)
 ParOldGen       total 68608K, used 9894K [0x0000000080000000, 0x0000000084300000, 0x00000000d5580000)
  object space 68608K, 14% used [0x0000000080000000,0x00000000809a99a8,0x0000000084300000)
 Metaspace       used 31125K, committed 32064K, reserved 1114112K
  class space    used 3118K, committed 3520K, reserved 1048576K

Card table byte_map: [0x000001b2d2fe0000,0x000001b2d33f0000] _byte_map_base: 0x000001b2d2be0000

Marking Bits: (ParMarkBitMap*) 0x00007fff3dfca340
 Begin Bits: [0x000001b2e5ab0000, 0x000001b2e7ab0000)
 End Bits:   [0x000001b2e7ab0000, 0x000001b2e9ab0000)

Polling page: 0x000001b2d2dd0000

Metaspace:

Usage:
  Non-class:     27.35 MB used.
      Class:      3.05 MB used.
       Both:     30.40 MB used.

Virtual space:
  Non-class space:       64.00 MB reserved,      27.88 MB ( 44%) committed,  1 nodes.
      Class space:        1.00 GB reserved,       3.44 MB ( <1%) committed,  1 nodes.
             Both:        1.06 GB reserved,      31.31 MB (  3%) committed. 

Chunk freelists:
   Non-Class:  3.36 MB
       Class:  12.59 MB
        Both:  15.95 MB

MaxMetaspaceSize: unlimited
CompressedClassSpaceSize: 1.00 GB
Initial GC threshold: 21.00 MB
Current GC threshold: 35.00 MB
CDS: on
 - commit_granule_bytes: 65536.
 - commit_granule_words: 8192.
 - virtual_space_node_default_size: 8388608.
 - enlarge_chunks_in_place: 1.
 - use_allocation_guard: 0.


Internal statistics:

num_allocs_failed_limit: 3.
num_arena_births: 574.
num_arena_deaths: 14.
num_vsnodes_births: 2.
num_vsnodes_deaths: 0.
num_space_committed: 501.
num_space_uncommitted: 0.
num_chunks_returned_to_freelist: 17.
num_chunks_taken_from_freelist: 1832.
num_chunk_merges: 9.
num_chunk_splits: 1164.
num_chunks_enlarged: 729.
num_inconsistent_stats: 0.

CodeHeap 'non-profiled nmethods': size=120000Kb used=1754Kb max_used=1754Kb free=118246Kb
 bounds [0x000001b2de2d0000, 0x000001b2de540000, 0x000001b2e5800000]
CodeHeap 'profiled nmethods': size=120000Kb used=7856Kb max_used=7856Kb free=112143Kb
 bounds [0x000001b2d6800000, 0x000001b2d6fb0000, 0x000001b2ddd30000]
CodeHeap 'non-nmethods': size=5760Kb used=1361Kb max_used=1386Kb free=4398Kb
 bounds [0x000001b2ddd30000, 0x000001b2ddfa0000, 0x000001b2de2d0000]
CodeCache: size=245760Kb, used=10971Kb, max_used=10996Kb, free=234787Kb
 total_blobs=4535, nmethods=3890, adapters=550, full_count=0
Compilation: enabled, stopped_count=0, restarted_count=0

Compilation events (20 events):
Event: 19.775 Thread 0x000001b2ea02ae10 3875       3       java.lang.invoke.MethodHandleNatives::linkCallSiteImpl (119 bytes)
Event: 19.775 Thread 0x000001b2ea02ae10 nmethod 3875 0x000001b2d6f9ce10 code [0x000001b2d6f9d040, 0x000001b2d6f9d8d0]
Event: 19.776 Thread 0x000001b2ea02ae10 3876       1       org.eclipse.jdt.internal.compiler.parser.TerminalToken::tokenNumber (5 bytes)
Event: 19.776 Thread 0x000001b2e9ff65a0 nmethod 3864 0x000001b2de485e10 code [0x000001b2de485fc0, 0x000001b2de486358]
Event: 19.776 Thread 0x000001b2e9ff65a0 3865       4       com.google.gson.stream.JsonReader::nextQuotedValue (296 bytes)
Event: 19.776 Thread 0x000001b2ea02ae10 nmethod 3876 0x000001b2de486510 code [0x000001b2de4866a0, 0x000001b2de486768]
Event: 19.777 Thread 0x000001b2ea02ae10 3877       3       org.eclipse.core.runtime.Path::computeFlags (143 bytes)
Event: 19.778 Thread 0x000001b2ea02ae10 nmethod 3877 0x000001b2d6f9dc90 code [0x000001b2d6f9dfe0, 0x000001b2d6f9f6a0]
Event: 19.778 Thread 0x000001b2ea02ae10 3878       3       java.net.URI::toLower (19 bytes)
Event: 19.778 Thread 0x000001b2ea02ae10 nmethod 3878 0x000001b2d6f9fe90 code [0x000001b2d6fa0040, 0x000001b2d6fa01c0]
Event: 19.780 Thread 0x000001b2ea02ae10 3879       3       org.eclipse.core.runtime.Path::computeSegmentCount (86 bytes)
Event: 19.781 Thread 0x000001b2ea02ae10 nmethod 3879 0x000001b2d6fa0290 code [0x000001b2d6fa0520, 0x000001b2d6fa1298]
Event: 19.783 Thread 0x000001b2ea02ae10 3880       3       org.eclipse.core.runtime.Path::isAbsolute (13 bytes)
Event: 19.783 Thread 0x000001b2ea02ae10 nmethod 3880 0x000001b2d6fa1810 code [0x000001b2d6fa19c0, 0x000001b2d6fa1b38]
Event: 19.783 Thread 0x000001b2ea02ae10 3881       3       java.util.Locale::getDefault (4 bytes)
Event: 19.783 Thread 0x000001b2ea02ae10 nmethod 3881 0x000001b2d6fa1c10 code [0x000001b2d6fa1da0, 0x000001b2d6fa1e98]
Event: 19.796 Thread 0x000001b2ea02ae10 3882       3       java.net.URI::getPath (31 bytes)
Event: 19.797 Thread 0x000001b2ea02ae10 nmethod 3882 0x000001b2d6fa1f10 code [0x000001b2d6fa20c0, 0x000001b2d6fa22f0]
Event: 19.797 Thread 0x000001b2ea02ae10 3883       3       org.eclipse.core.internal.filesystem.local.LocalFile::toURI (23 bytes)
Event: 19.797 Thread 0x000001b2ea02ae10 nmethod 3883 0x000001b2d6fa2410 code [0x000001b2d6fa25e0, 0x000001b2d6fa2940]

GC Heap History (20 events):
Event: 1.615 GC heap before
{Heap before GC invocations=1 (full 0):
 PSYoungGen      total 29696K, used 25600K [0x00000000d5580000, 0x00000000d7680000, 0x0000000100000000)
  eden space 25600K, 100% used [0x00000000d5580000,0x00000000d6e80000,0x00000000d6e80000)
  from space 4096K, 0% used [0x00000000d7280000,0x00000000d7280000,0x00000000d7680000)
  to   space 4096K, 0% used [0x00000000d6e80000,0x00000000d6e80000,0x00000000d7280000)
 ParOldGen       total 68608K, used 0K [0x0000000080000000, 0x0000000084300000, 0x00000000d5580000)
  object space 68608K, 0% used [0x0000000080000000,0x0000000080000000,0x0000000084300000)
 Metaspace       used 4355K, committed 4608K, reserved 1114112K
  class space    used 473K, committed 576K, reserved 1048576K
}
Event: 1.636 GC heap after
{Heap after GC invocations=1 (full 0):
 PSYoungGen      total 29696K, used 3335K [0x00000000d5580000, 0x00000000d7680000, 0x0000000100000000)
  eden space 25600K, 0% used [0x00000000d5580000,0x00000000d5580000,0x00000000d6e80000)
  from space 4096K, 81% used [0x00000000d6e80000,0x00000000d71c1e18,0x00000000d7280000)
  to   space 4096K, 0% used [0x00000000d7280000,0x00000000d7280000,0x00000000d7680000)
 ParOldGen       total 68608K, used 0K [0x0000000080000000, 0x0000000084300000, 0x00000000d5580000)
  object space 68608K, 0% used [0x0000000080000000,0x0000000080000000,0x0000000084300000)
 Metaspace       used 4355K, committed 4608K, reserved 1114112K
  class space    used 473K, committed 576K, reserved 1048576K
}
Event: 3.280 GC heap before
{Heap before GC invocations=2 (full 0):
 PSYoungGen      total 29696K, used 28935K [0x00000000d5580000, 0x00000000d7680000, 0x0000000100000000)
  eden space 25600K, 100% used [0x00000000d5580000,0x00000000d6e80000,0x00000000d6e80000)
  from space 4096K, 81% used [0x00000000d6e80000,0x00000000d71c1e18,0x00000000d7280000)
  to   space 4096K, 0% used [0x00000000d7280000,0x00000000d7280000,0x00000000d7680000)
 ParOldGen       total 68608K, used 0K [0x0000000080000000, 0x0000000084300000, 0x00000000d5580000)
  object space 68608K, 0% used [0x0000000080000000,0x0000000080000000,0x0000000084300000)
 Metaspace       used 8243K, committed 8512K, reserved 1114112K
  class space    used 878K, committed 1024K, reserved 1048576K
}
Event: 3.287 GC heap after
{Heap after GC invocations=2 (full 0):
 PSYoungGen      total 29696K, used 4091K [0x00000000d5580000, 0x00000000d7680000, 0x0000000100000000)
  eden space 25600K, 0% used [0x00000000d5580000,0x00000000d5580000,0x00000000d6e80000)
  from space 4096K, 99% used [0x00000000d7280000,0x00000000d767ef68,0x00000000d7680000)
  to   space 4096K, 0% used [0x00000000d6e80000,0x00000000d6e80000,0x00000000d7280000)
 ParOldGen       total 68608K, used 923K [0x0000000080000000, 0x0000000084300000, 0x00000000d5580000)
  object space 68608K, 1% used [0x0000000080000000,0x00000000800e6ea8,0x0000000084300000)
 Metaspace       used 8243K, committed 8512K, reserved 1114112K
  class space    used 878K, committed 1024K, reserved 1048576K
}
Event: 4.563 GC heap before
{Heap before GC invocations=3 (full 0):
 PSYoungGen      total 29696K, used 29691K [0x00000000d5580000, 0x00000000d7680000, 0x0000000100000000)
  eden space 25600K, 100% used [0x00000000d5580000,0x00000000d6e80000,0x00000000d6e80000)
  from space 4096K, 99% used [0x00000000d7280000,0x00000000d767ef68,0x00000000d7680000)
  to   space 4096K, 0% used [0x00000000d6e80000,0x00000000d6e80000,0x00000000d7280000)
 ParOldGen       total 68608K, used 923K [0x0000000080000000, 0x0000000084300000, 0x00000000d5580000)
  object space 68608K, 1% used [0x0000000080000000,0x00000000800e6ea8,0x0000000084300000)
 Metaspace       used 13022K, committed 13504K, reserved 1114112K
  class space    used 1382K, committed 1600K, reserved 1048576K
}
Event: 4.568 GC heap after
{Heap after GC invocations=3 (full 0):
 PSYoungGen      total 29696K, used 4086K [0x00000000d5580000, 0x00000000d7680000, 0x0000000100000000)
  eden space 25600K, 0% used [0x00000000d5580000,0x00000000d5580000,0x00000000d6e80000)
  from space 4096K, 99% used [0x00000000d6e80000,0x00000000d727d868,0x00000000d7280000)
  to   space 4096K, 0% used [0x00000000d7280000,0x00000000d7280000,0x00000000d7680000)
 ParOldGen       total 68608K, used 2816K [0x0000000080000000, 0x0000000084300000, 0x00000000d5580000)
  object space 68608K, 4% used [0x0000000080000000,0x00000000802c00c8,0x0000000084300000)
 Metaspace       used 13022K, committed 13504K, reserved 1114112K
  class space    used 1382K, committed 1600K, reserved 1048576K
}
Event: 5.703 GC heap before
{Heap before GC invocations=4 (full 0):
 PSYoungGen      total 29696K, used 29686K [0x00000000d5580000, 0x00000000d7680000, 0x0000000100000000)
  eden space 25600K, 100% used [0x00000000d5580000,0x00000000d6e80000,0x00000000d6e80000)
  from space 4096K, 99% used [0x00000000d6e80000,0x00000000d727d868,0x00000000d7280000)
  to   space 4096K, 0% used [0x00000000d7280000,0x00000000d7280000,0x00000000d7680000)
 ParOldGen       total 68608K, used 2816K [0x0000000080000000, 0x0000000084300000, 0x00000000d5580000)
  object space 68608K, 4% used [0x0000000080000000,0x00000000802c00c8,0x0000000084300000)
 Metaspace       used 17109K, committed 17728K, reserved 1114112K
  class space    used 1797K, committed 2048K, reserved 1048576K
}
Event: 5.712 GC heap after
{Heap after GC invocations=4 (full 0):
 PSYoungGen      total 29696K, used 4087K [0x00000000d5580000, 0x00000000d7680000, 0x0000000100000000)
  eden space 25600K, 0% used [0x00000000d5580000,0x00000000d5580000,0x00000000d6e80000)
  from space 4096K, 99% used [0x00000000d7280000,0x00000000d767dcd8,0x00000000d7680000)
  to   space 4096K, 0% used [0x00000000d6e80000,0x00000000d6e80000,0x00000000d7280000)
 ParOldGen       total 68608K, used 4605K [0x0000000080000000, 0x0000000084300000, 0x00000000d5580000)
  object space 68608K, 6% used [0x0000000080000000,0x000000008047f7a8,0x0000000084300000)
 Metaspace       used 17109K, committed 17728K, reserved 1114112K
  class space    used 1797K, committed 2048K, reserved 1048576K
}
Event: 6.253 GC heap before
{Heap before GC invocations=5 (full 0):
 PSYoungGen      total 29696K, used 29687K [0x00000000d5580000, 0x00000000d7680000, 0x0000000100000000)
  eden space 25600K, 100% used [0x00000000d5580000,0x00000000d6e80000,0x00000000d6e80000)
  from space 4096K, 99% used [0x00000000d7280000,0x00000000d767dcd8,0x00000000d7680000)
  to   space 4096K, 0% used [0x00000000d6e80000,0x00000000d6e80000,0x00000000d7280000)
 ParOldGen       total 68608K, used 4605K [0x0000000080000000, 0x0000000084300000, 0x00000000d5580000)
  object space 68608K, 6% used [0x0000000080000000,0x000000008047f7a8,0x0000000084300000)
 Metaspace       used 20382K, committed 21056K, reserved 1114112K
  class space    used 2019K, committed 2304K, reserved 1048576K
}
Event: 6.259 GC heap after
{Heap after GC invocations=5 (full 0):
 PSYoungGen      total 29184K, used 4071K [0x00000000d5580000, 0x00000000d7800000, 0x0000000100000000)
  eden space 25088K, 0% used [0x00000000d5580000,0x00000000d5580000,0x00000000d6e00000)
  from space 4096K, 99% used [0x00000000d6e80000,0x00000000d7279cc8,0x00000000d7280000)
  to   space 5120K, 0% used [0x00000000d7300000,0x00000000d7300000,0x00000000d7800000)
 ParOldGen       total 68608K, used 4797K [0x0000000080000000, 0x0000000084300000, 0x00000000d5580000)
  object space 68608K, 6% used [0x0000000080000000,0x00000000804af7a8,0x0000000084300000)
 Metaspace       used 20382K, committed 21056K, reserved 1114112K
  class space    used 2019K, committed 2304K, reserved 1048576K
}
Event: 6.439 GC heap before
{Heap before GC invocations=6 (full 0):
 PSYoungGen      total 29184K, used 10235K [0x00000000d5580000, 0x00000000d7800000, 0x0000000100000000)
  eden space 25088K, 24% used [0x00000000d5580000,0x00000000d5b85278,0x00000000d6e00000)
  from space 4096K, 99% used [0x00000000d6e80000,0x00000000d7279cc8,0x00000000d7280000)
  to   space 5120K, 0% used [0x00000000d7300000,0x00000000d7300000,0x00000000d7800000)
 ParOldGen       total 68608K, used 4797K [0x0000000080000000, 0x0000000084300000, 0x00000000d5580000)
  object space 68608K, 6% used [0x0000000080000000,0x00000000804af7a8,0x0000000084300000)
 Metaspace       used 20822K, committed 21504K, reserved 1114112K
  class space    used 2056K, committed 2368K, reserved 1048576K
}
Event: 6.443 GC heap after
{Heap after GC invocations=6 (full 0):
 PSYoungGen      total 29696K, used 4457K [0x00000000d5580000, 0x00000000d7780000, 0x0000000100000000)
  eden space 25088K, 0% used [0x00000000d5580000,0x00000000d5580000,0x00000000d6e00000)
  from space 4608K, 96% used [0x00000000d7300000,0x00000000d775a4a0,0x00000000d7780000)
  to   space 4608K, 0% used [0x00000000d6e80000,0x00000000d6e80000,0x00000000d7300000)
 ParOldGen       total 68608K, used 4797K [0x0000000080000000, 0x0000000084300000, 0x00000000d5580000)
  object space 68608K, 6% used [0x0000000080000000,0x00000000804af7a8,0x0000000084300000)
 Metaspace       used 20822K, committed 21504K, reserved 1114112K
  class space    used 2056K, committed 2368K, reserved 1048576K
}
Event: 6.443 GC heap before
{Heap before GC invocations=7 (full 1):
 PSYoungGen      total 29696K, used 4457K [0x00000000d5580000, 0x00000000d7780000, 0x0000000100000000)
  eden space 25088K, 0% used [0x00000000d5580000,0x00000000d5580000,0x00000000d6e00000)
  from space 4608K, 96% used [0x00000000d7300000,0x00000000d775a4a0,0x00000000d7780000)
  to   space 4608K, 0% used [0x00000000d6e80000,0x00000000d6e80000,0x00000000d7300000)
 ParOldGen       total 68608K, used 4797K [0x0000000080000000, 0x0000000084300000, 0x00000000d5580000)
  object space 68608K, 6% used [0x0000000080000000,0x00000000804af7a8,0x0000000084300000)
 Metaspace       used 20822K, committed 21504K, reserved 1114112K
  class space    used 2056K, committed 2368K, reserved 1048576K
}
Event: 6.478 GC heap after
{Heap after GC invocations=7 (full 1):
 PSYoungGen      total 29696K, used 0K [0x00000000d5580000, 0x00000000d7780000, 0x0000000100000000)
  eden space 25088K, 0% used [0x00000000d5580000,0x00000000d5580000,0x00000000d6e00000)
  from space 4608K, 0% used [0x00000000d7300000,0x00000000d7300000,0x00000000d7780000)
  to   space 4608K, 0% used [0x00000000d6e80000,0x00000000d6e80000,0x00000000d7300000)
 ParOldGen       total 68608K, used 8965K [0x0000000080000000, 0x0000000084300000, 0x00000000d5580000)
  object space 68608K, 13% used [0x0000000080000000,0x00000000808c17d0,0x0000000084300000)
 Metaspace       used 20809K, committed 21504K, reserved 1114112K
  class space    used 2052K, committed 2368K, reserved 1048576K
}
Event: 7.621 GC heap before
{Heap before GC invocations=8 (full 1):
 PSYoungGen      total 29696K, used 25088K [0x00000000d5580000, 0x00000000d7780000, 0x0000000100000000)
  eden space 25088K, 100% used [0x00000000d5580000,0x00000000d6e00000,0x00000000d6e00000)
  from space 4608K, 0% used [0x00000000d7300000,0x00000000d7300000,0x00000000d7780000)
  to   space 4608K, 0% used [0x00000000d6e80000,0x00000000d6e80000,0x00000000d7300000)
 ParOldGen       total 68608K, used 8965K [0x0000000080000000, 0x0000000084300000, 0x00000000d5580000)
  object space 68608K, 13% used [0x0000000080000000,0x00000000808c17d0,0x0000000084300000)
 Metaspace       used 23042K, committed 23744K, reserved 1114112K
  class space    used 2234K, committed 2560K, reserved 1048576K
}
Event: 7.623 GC heap after
{Heap after GC invocations=8 (full 1):
 PSYoungGen      total 27136K, used 2512K [0x00000000d5580000, 0x00000000d7480000, 0x0000000100000000)
  eden space 24576K, 0% used [0x00000000d5580000,0x00000000d5580000,0x00000000d6d80000)
  from space 2560K, 98% used [0x00000000d6e80000,0x00000000d70f4368,0x00000000d7100000)
  to   space 3584K, 0% used [0x00000000d7100000,0x00000000d7100000,0x00000000d7480000)
 ParOldGen       total 68608K, used 8973K [0x0000000080000000, 0x0000000084300000, 0x00000000d5580000)
  object space 68608K, 13% used [0x0000000080000000,0x00000000808c37d0,0x0000000084300000)
 Metaspace       used 23042K, committed 23744K, reserved 1114112K
  class space    used 2234K, committed 2560K, reserved 1048576K
}
Event: 8.704 GC heap before
{Heap before GC invocations=9 (full 1):
 PSYoungGen      total 27136K, used 27088K [0x00000000d5580000, 0x00000000d7480000, 0x0000000100000000)
  eden space 24576K, 99% used [0x00000000d5580000,0x00000000d6d7ff90,0x00000000d6d80000)
  from space 2560K, 98% used [0x00000000d6e80000,0x00000000d70f4368,0x00000000d7100000)
  to   space 3584K, 0% used [0x00000000d7100000,0x00000000d7100000,0x00000000d7480000)
 ParOldGen       total 68608K, used 8974K [0x0000000080000000, 0x0000000084300000, 0x00000000d5580000)
  object space 68608K, 13% used [0x0000000080000000,0x00000000808c3850,0x0000000084300000)
 Metaspace       used 26853K, committed 27712K, reserved 1114112K
  class space    used 2650K, committed 3008K, reserved 1048576K
}
Event: 8.710 GC heap after
{Heap after GC invocations=9 (full 1):
 PSYoungGen      total 26624K, used 3564K [0x00000000d5580000, 0x00000000d7780000, 0x0000000100000000)
  eden space 23040K, 0% used [0x00000000d5580000,0x00000000d5580000,0x00000000d6c00000)
  from space 3584K, 99% used [0x00000000d7100000,0x00000000d747b390,0x00000000d7480000)
  to   space 5120K, 0% used [0x00000000d6c00000,0x00000000d6c00000,0x00000000d7100000)
 ParOldGen       total 68608K, used 9882K [0x0000000080000000, 0x0000000084300000, 0x00000000d5580000)
  object space 68608K, 14% used [0x0000000080000000,0x00000000809a6b00,0x0000000084300000)
 Metaspace       used 26853K, committed 27712K, reserved 1114112K
  class space    used 2650K, committed 3008K, reserved 1048576K
}
Event: 19.064 GC heap before
{Heap before GC invocations=10 (full 1):
 PSYoungGen      total 26624K, used 26604K [0x00000000d5580000, 0x00000000d7780000, 0x0000000100000000)
  eden space 23040K, 100% used [0x00000000d5580000,0x00000000d6c00000,0x00000000d6c00000)
  from space 3584K, 99% used [0x00000000d7100000,0x00000000d747b390,0x00000000d7480000)
  to   space 5120K, 0% used [0x00000000d6c00000,0x00000000d6c00000,0x00000000d7100000)
 ParOldGen       total 68608K, used 9886K [0x0000000080000000, 0x0000000084300000, 0x00000000d5580000)
  object space 68608K, 14% used [0x0000000080000000,0x00000000809a79a8,0x0000000084300000)
 Metaspace       used 29748K, committed 30592K, reserved 1114112K
  class space    used 2968K, committed 3328K, reserved 1048576K
}
Event: 19.068 GC heap after
{Heap after GC invocations=10 (full 1):
 PSYoungGen      total 27648K, used 4735K [0x00000000d5580000, 0x00000000d7580000, 0x0000000100000000)
  eden space 22528K, 0% used [0x00000000d5580000,0x00000000d5580000,0x00000000d6b80000)
  from space 5120K, 92% used [0x00000000d6c00000,0x00000000d709ff00,0x00000000d7100000)
  to   space 4608K, 0% used [0x00000000d7100000,0x00000000d7100000,0x00000000d7580000)
 ParOldGen       total 68608K, used 9894K [0x0000000080000000, 0x0000000084300000, 0x00000000d5580000)
  object space 68608K, 14% used [0x0000000080000000,0x00000000809a99a8,0x0000000084300000)
 Metaspace       used 29748K, committed 30592K, reserved 1114112K
  class space    used 2968K, committed 3328K, reserved 1048576K
}

Dll operation events (10 events):
Event: 0.012 Loaded shared library c:\Users\User\.vscode\extensions\redhat.java-1.46.0-win32-x64\jre\21.0.8-win32-x86_64\bin\java.dll
Event: 0.140 Loaded shared library c:\Users\User\.vscode\extensions\redhat.java-1.46.0-win32-x64\jre\21.0.8-win32-x86_64\bin\zip.dll
Event: 0.174 Loaded shared library C:\Users\User\.vscode\extensions\redhat.java-1.46.0-win32-x64\jre\21.0.8-win32-x86_64\bin\instrument.dll
Event: 0.186 Loaded shared library C:\Users\User\.vscode\extensions\redhat.java-1.46.0-win32-x64\jre\21.0.8-win32-x86_64\bin\net.dll
Event: 0.188 Loaded shared library C:\Users\User\.vscode\extensions\redhat.java-1.46.0-win32-x64\jre\21.0.8-win32-x86_64\bin\nio.dll
Event: 0.194 Loaded shared library C:\Users\User\.vscode\extensions\redhat.java-1.46.0-win32-x64\jre\21.0.8-win32-x86_64\bin\zip.dll
Event: 0.233 Loaded shared library C:\Users\User\.vscode\extensions\redhat.java-1.46.0-win32-x64\jre\21.0.8-win32-x86_64\bin\jimage.dll
Event: 0.355 Loaded shared library c:\Users\User\.vscode\extensions\redhat.java-1.46.0-win32-x64\jre\21.0.8-win32-x86_64\bin\verify.dll
Event: 3.073 Loaded shared library C:\Users\User\AppData\Roaming\Code\User\globalStorage\redhat.java\1.46.0\config_ss_win\org.eclipse.equinox.launcher\org.eclipse.equinox.launcher.win32.win32.x86_64_1.2.1400.v20250801-0854\eclipse_11916.dll
Event: 5.256 Loaded shared library C:\Users\User\AppData\Local\Temp\jna-2645995\jna14604495071076610681.dll

Deoptimization events (20 events):
Event: 18.825 Thread 0x000001b2f00c8900 Uncommon trap: trap_request=0xffffffc6 fr.pc=0x000001b2de470b14 relative=0x00000000000004b4
Event: 18.825 Thread 0x000001b2f00c8900 Uncommon trap: reason=bimorphic_or_optimized_type_check action=maybe_recompile pc=0x000001b2de470b14 method=java.util.HashMap.removeNode(ILjava/lang/Object;Ljava/lang/Object;ZZ)Ljava/util/HashMap$Node; @ 68 c2
Event: 18.825 Thread 0x000001b2f00c8900 DEOPT PACKING pc=0x000001b2de470b14 sp=0x00000023a33fee40
Event: 18.825 Thread 0x000001b2f00c8900 DEOPT UNPACKING pc=0x000001b2ddd86da2 sp=0x00000023a33fedd8 mode 2
Event: 19.022 Thread 0x000001b2f00c9620 Uncommon trap: trap_request=0xffffffde fr.pc=0x000001b2de3c9e70 relative=0x0000000000000050
Event: 19.022 Thread 0x000001b2f00c9620 Uncommon trap: reason=class_check action=maybe_recompile pc=0x000001b2de3c9e70 method=java.lang.invoke.DirectMethodHandle.internalMemberName(Ljava/lang/Object;)Ljava/lang/Object; @ 1 c2
Event: 19.022 Thread 0x000001b2f00c9620 DEOPT PACKING pc=0x000001b2de3c9e70 sp=0x00000023a36fe950
Event: 19.022 Thread 0x000001b2f00c9620 DEOPT UNPACKING pc=0x000001b2ddd86da2 sp=0x00000023a36fe8e0 mode 2
Event: 19.674 Thread 0x000001b2f00c9620 Uncommon trap: trap_request=0xffffff45 fr.pc=0x000001b2de319eec relative=0x00000000000004ec
Event: 19.674 Thread 0x000001b2f00c9620 Uncommon trap: reason=unstable_if action=reinterpret pc=0x000001b2de319eec method=java.util.HashMap$HashIterator.<init>(Ljava/util/HashMap;)V @ 45 c2
Event: 19.674 Thread 0x000001b2f00c9620 DEOPT PACKING pc=0x000001b2de319eec sp=0x00000023a36fe6f0
Event: 19.674 Thread 0x000001b2f00c9620 DEOPT UNPACKING pc=0x000001b2ddd86da2 sp=0x00000023a36fe560 mode 2
Event: 19.771 Thread 0x000001b2f00c9620 Uncommon trap: trap_request=0xffffff45 fr.pc=0x000001b2de2e79a0 relative=0x0000000000000100
Event: 19.771 Thread 0x000001b2f00c9620 Uncommon trap: reason=unstable_if action=reinterpret pc=0x000001b2de2e79a0 method=java.lang.StringCoding.countPositives([BII)I @ 17 c2
Event: 19.772 Thread 0x000001b2f00c9620 DEOPT PACKING pc=0x000001b2de2e79a0 sp=0x00000023a36fdfc0
Event: 19.772 Thread 0x000001b2f00c9620 DEOPT UNPACKING pc=0x000001b2ddd86da2 sp=0x00000023a36fdf60 mode 2
Event: 19.772 Thread 0x000001b2f00c9620 Uncommon trap: trap_request=0xffffff45 fr.pc=0x000001b2de2e218c relative=0x000000000000016c
Event: 19.772 Thread 0x000001b2f00c9620 Uncommon trap: reason=unstable_if action=reinterpret pc=0x000001b2de2e218c method=java.lang.StringCoding.countPositives([BII)I @ 17 c2
Event: 19.772 Thread 0x000001b2f00c9620 DEOPT PACKING pc=0x000001b2de2e218c sp=0x00000023a36fdfa0
Event: 19.772 Thread 0x000001b2f00c9620 DEOPT UNPACKING pc=0x000001b2ddd86da2 sp=0x00000023a36fdf60 mode 2

Classes loaded (20 events):
Event: 19.175 Loading class java/util/concurrent/CompletableFuture$AltResult
Event: 19.175 Loading class java/util/concurrent/CompletableFuture$AltResult done
Event: 19.175 Loading class java/util/concurrent/CompletableFuture$Completion
Event: 19.180 Loading class java/util/concurrent/CompletableFuture$AsynchronousCompletionTask
Event: 19.180 Loading class java/util/concurrent/CompletableFuture$AsynchronousCompletionTask done
Event: 19.182 Loading class java/util/concurrent/CompletableFuture$Completion done
Event: 19.216 Loading class sun/nio/ch/WindowsAsynchronousFileChannelImpl$WriteTask
Event: 19.216 Loading class sun/nio/ch/WindowsAsynchronousFileChannelImpl$WriteTask done
Event: 19.726 Loading class java/util/concurrent/CompletableFuture$UniApply
Event: 19.726 Loading class java/util/concurrent/CompletableFuture$UniCompletion
Event: 19.727 Loading class java/util/concurrent/CompletableFuture$UniCompletion done
Event: 19.727 Loading class java/util/concurrent/CompletableFuture$UniApply done
Event: 19.727 Loading class java/util/concurrent/CancellationException
Event: 19.727 Loading class java/util/concurrent/CancellationException done
Event: 19.728 Loading class java/util/concurrent/CompletableFuture$UniAccept
Event: 19.729 Loading class java/util/concurrent/CompletableFuture$UniAccept done
Event: 19.729 Loading class java/util/concurrent/CompletableFuture$UniExceptionally
Event: 19.729 Loading class java/util/concurrent/CompletableFuture$UniExceptionally done
Event: 19.747 Loading class java/nio/file/InvalidPathException
Event: 19.748 Loading class java/nio/file/InvalidPathException done

Classes unloaded (7 events):
Event: 6.449 Thread 0x000001b2d36ce4f0 Unloading class 0x000001b28118d400 'java/lang/invoke/LambdaForm$MH+0x000001b28118d400'
Event: 6.449 Thread 0x000001b2d36ce4f0 Unloading class 0x000001b28118d000 'java/lang/invoke/LambdaForm$MH+0x000001b28118d000'
Event: 6.449 Thread 0x000001b2d36ce4f0 Unloading class 0x000001b28118cc00 'java/lang/invoke/LambdaForm$MH+0x000001b28118cc00'
Event: 6.449 Thread 0x000001b2d36ce4f0 Unloading class 0x000001b28118c800 'java/lang/invoke/LambdaForm$MH+0x000001b28118c800'
Event: 6.449 Thread 0x000001b2d36ce4f0 Unloading class 0x000001b28118c400 'java/lang/invoke/LambdaForm$BMH+0x000001b28118c400'
Event: 6.449 Thread 0x000001b2d36ce4f0 Unloading class 0x000001b28118c000 'java/lang/invoke/LambdaForm$DMH+0x000001b28118c000'
Event: 6.449 Thread 0x000001b2d36ce4f0 Unloading class 0x000001b28118ac00 'java/lang/invoke/LambdaForm$DMH+0x000001b28118ac00'

Classes redefined (0 events):
No events

Internal exceptions (20 events):
Event: 8.594 Thread 0x000001b2f00c8270 Exception <a 'sun/nio/fs/WindowsException'{0x00000000d6c4da50}> (0x00000000d6c4da50) 
thrown [s\src\hotspot\share\prims\jni.cpp, line 520]
Event: 8.594 Thread 0x000001b2f00c8270 Exception <a 'sun/nio/fs/WindowsException'{0x00000000d6c4e230}> (0x00000000d6c4e230) 
thrown [s\src\hotspot\share\prims\jni.cpp, line 520]
Event: 8.595 Thread 0x000001b2f00c8270 Exception <a 'sun/nio/fs/WindowsException'{0x00000000d6c50168}> (0x00000000d6c50168) 
thrown [s\src\hotspot\share\prims\jni.cpp, line 520]
Event: 8.595 Thread 0x000001b2f00c8270 Exception <a 'sun/nio/fs/WindowsException'{0x00000000d6c50948}> (0x00000000d6c50948) 
thrown [s\src\hotspot\share\prims\jni.cpp, line 520]
Event: 8.598 Thread 0x000001b2f00c8270 Exception <a 'java/lang/NoSuchMethodError'{0x00000000d6c64988}: 'void java.lang.invoke.DirectMethodHandle$Holder.invokeVirtual(java.lang.Object, java.lang.Object, java.lang.Object, java.lang.Object)'> (0x00000000d6c64988) 
thrown [s\src\hotspot\share\interpreter\linkResolver.cpp, line 773]
Event: 8.882 Thread 0x000001b2f00c8270 Exception <a 'java/io/FileNotFoundException'{0x00000000d5a66218}> (0x00000000d5a66218) 
thrown [s\src\hotspot\share\prims\jni.cpp, line 520]
Event: 8.882 Thread 0x000001b2f00c8270 Exception <a 'java/io/FileNotFoundException'{0x00000000d5a67488}> (0x00000000d5a67488) 
thrown [s\src\hotspot\share\prims\jni.cpp, line 520]
Event: 8.883 Thread 0x000001b2f00c8270 Exception <a 'java/lang/NoSuchMethodError'{0x00000000d5a7bc30}: 'java.lang.Object java.lang.invoke.DirectMethodHandle$Holder.newInvokeSpecial(java.lang.Object, java.lang.Object, java.lang.Object, int)'> (0x00000000d5a7bc30) 
thrown [s\src\hotspot\share\interpreter\linkResolver.cpp, line 773]
Event: 8.884 Thread 0x000001b2f00c8270 Exception <a 'java/lang/NoSuchMethodError'{0x00000000d5a7f848}: 'java.lang.Object java.lang.invoke.DirectMethodHandle$Holder.invokeSpecial(java.lang.Object, java.lang.Object, java.lang.Object, java.lang.Object, int)'> (0x00000000d5a7f848) 
thrown [s\src\hotspot\share\interpreter\linkResolver.cpp, line 773]
Event: 8.884 Thread 0x000001b2f00c8270 Exception <a 'java/lang/NoSuchMethodError'{0x00000000d5a82ce0}: 'java.lang.Object java.lang.invoke.Invokers$Holder.linkToTargetMethod(java.lang.Object, java.lang.Object, int, java.lang.Object)'> (0x00000000d5a82ce0) 
thrown [s\src\hotspot\share\interpreter\linkResolver.cpp, line 773]
Event: 8.887 Thread 0x000001b2f00c8270 Exception <a 'java/lang/NoSuchMethodError'{0x00000000d5a8e460}: 'void java.lang.invoke.DirectMethodHandle$Holder.invokeStaticInit(java.lang.Object, java.lang.Object, java.lang.Object)'> (0x00000000d5a8e460) 
thrown [s\src\hotspot\share\interpreter\linkResolver.cpp, line 773]
Event: 9.118 Thread 0x000001b2d12c84d0 Exception <a 'java/lang/NoSuchMethodError'{0x00000000d601b3d0}: 'void java.lang.invoke.DirectMethodHandle$Holder.invokeSpecial(java.lang.Object, java.lang.Object, java.lang.Object, java.lang.Object, java.lang.Object, java.lang.Object)'> (0x00000000d601b3d0) 
thrown [s\src\hotspot\share\interpreter\linkResolver.cpp, line 773]
Event: 9.122 Thread 0x000001b2d12c84d0 Exception <a 'java/lang/IncompatibleClassChangeError'{0x00000000d6023550}: Found class java.lang.Object, but interface was expected> (0x00000000d6023550) 
thrown [s\src\hotspot\share\interpreter\linkResolver.cpp, line 840]
Event: 9.122 Thread 0x000001b2d12c84d0 Exception <a 'java/lang/IncompatibleClassChangeError'{0x00000000d60254d8}: Found class java.lang.Object, but interface was expected> (0x00000000d60254d8) 
thrown [s\src\hotspot\share\interpreter\linkResolver.cpp, line 840]
Event: 19.021 Thread 0x000001b2f00c9620 Exception <a 'java/lang/NoSuchMethodError'{0x00000000d6790af8}: 'java.lang.Object java.lang.invoke.DirectMethodHandle$Holder.invokeInterface(java.lang.Object, java.lang.Object, java.lang.Object)'> (0x00000000d6790af8) 
thrown [s\src\hotspot\share\interpreter\linkResolver.cpp, line 773]
Event: 19.057 Thread 0x000001b2f00c9620 Exception <a 'java/io/FileNotFoundException'{0x00000000d6826b38}> (0x00000000d6826b38) 
thrown [s\src\hotspot\share\prims\jni.cpp, line 520]
Event: 19.121 Thread 0x000001b2f00c9620 Exception <a 'sun/nio/fs/WindowsException'{0x00000000d57f0660}> (0x00000000d57f0660) 
thrown [s\src\hotspot\share\prims\jni.cpp, line 520]
Event: 19.671 Thread 0x000001b2f00c9620 Exception <a 'java/lang/IncompatibleClassChangeError'{0x00000000d5b14ff0}: Found class java.lang.Object, but interface was expected> (0x00000000d5b14ff0) 
thrown [s\src\hotspot\share\interpreter\linkResolver.cpp, line 840]
Event: 19.720 Thread 0x000001b2f00c9620 Exception <a 'java/lang/IncompatibleClassChangeError'{0x00000000d5bac620}: Found class java.lang.Object, but interface was expected> (0x00000000d5bac620) 
thrown [s\src\hotspot\share\interpreter\linkResolver.cpp, line 840]
Event: 19.744 Thread 0x000001b2f00c9620 Exception <a 'java/lang/IncompatibleClassChangeError'{0x00000000d5c2e4a0}: Found class java.lang.Object, but interface was expected> (0x00000000d5c2e4a0) 
thrown [s\src\hotspot\share\interpreter\linkResolver.cpp, line 840]

ZGC Phase Switch (0 events):
No events

VM Operations (20 events):
Event: 7.776 Executing VM operation: HandshakeAllThreads (Deoptimize)
Event: 7.776 Executing VM operation: HandshakeAllThreads (Deoptimize) done
Event: 7.778 Executing VM operation: HandshakeAllThreads (Deoptimize)
Event: 7.778 Executing VM operation: HandshakeAllThreads (Deoptimize) done
Event: 8.011 Executing VM operation: HandshakeAllThreads (Deoptimize)
Event: 8.011 Executing VM operation: HandshakeAllThreads (Deoptimize) done
Event: 8.704 Executing VM operation: ParallelGCFailedAllocation (Allocation Failure)
Event: 8.704 Executing VM operation: ParallelGCFailedAllocation (Allocation Failure) done
Event: 8.704 Executing VM operation: ParallelGCSystemGC (GCLocker Initiated GC)
Event: 8.710 Executing VM operation: ParallelGCSystemGC (GCLocker Initiated GC) done
Event: 9.718 Executing VM operation: Cleanup
Event: 9.718 Executing VM operation: Cleanup done
Event: 17.768 Executing VM operation: Cleanup
Event: 17.768 Executing VM operation: Cleanup done
Event: 19.035 Executing VM operation: HandshakeAllThreads (Deoptimize)
Event: 19.035 Executing VM operation: HandshakeAllThreads (Deoptimize) done
Event: 19.035 Executing VM operation: Cleanup
Event: 19.035 Executing VM operation: Cleanup done
Event: 19.064 Executing VM operation: ParallelGCFailedAllocation (Allocation Failure)
Event: 19.068 Executing VM operation: ParallelGCFailedAllocation (Allocation Failure) done

Memory protections (0 events):
No events

Nmethod flushes (0 events):
No events

Events (20 events):
Event: 4.644 Thread 0x000001b2ef7806e0 Thread exited: 0x000001b2ef7806e0
Event: 4.736 Thread 0x000001b2ea02ae10 Thread added: 0x000001b2efb88e60
Event: 5.154 Thread 0x000001b2efb88e60 Thread exited: 0x000001b2efb88e60
Event: 5.292 Thread 0x000001b2efa07e70 Thread added: 0x000001b2efd3af00
Event: 5.355 Thread 0x000001b2efa07e70 Thread added: 0x000001b2efdfab70
Event: 5.396 Thread 0x000001b2efa07e70 Thread added: 0x000001b2efefcdf0
Event: 5.636 Thread 0x000001b2efefcdf0 Thread added: 0x000001b2f00c8270
Event: 7.383 Thread 0x000001b2efa07e70 Thread added: 0x000001b2f00cb060
Event: 7.740 Thread 0x000001b2f00cb060 Thread exited: 0x000001b2f00cb060
Event: 8.355 Thread 0x000001b2d12c84d0 Thread added: 0x000001b2f00c7be0
Event: 8.356 Thread 0x000001b2d12c84d0 Thread added: 0x000001b2f00cb060
Event: 8.356 Thread 0x000001b2d12c84d0 Thread added: 0x000001b2f00ca340
Event: 8.356 Thread 0x000001b2d12c84d0 Thread added: 0x000001b2f00ca9d0
Event: 8.356 Thread 0x000001b2d12c84d0 Thread added: 0x000001b2f00c8900
Event: 8.401 Thread 0x000001b2d12c84d0 Thread added: 0x000001b2f00c8f90
Event: 9.227 Thread 0x000001b2d12c84d0 Thread added: 0x000001b2f00c9cb0
Event: 9.227 Thread 0x000001b2d12c84d0 Thread added: 0x000001b2f00c9620
Event: 19.728 Thread 0x000001b2f00c9620 Thread added: 0x000001b2ef8c43a0
Event: 19.741 Thread 0x000001b2ef8c43a0 Thread added: 0x000001b2ef8c8bd0
Event: 19.758 Thread 0x000001b2ef8c8bd0 Thread added: 0x000001b2ef8c9260


Dynamic libraries:
0x00007ff66dc10000 - 0x00007ff66dc1e000 	c:\Users\User\.vscode\extensions\redhat.java-1.46.0-win32-x64\jre\21.0.8-win32-x86_64\bin\java.exe
0x00007fffa6550000 - 0x00007fffa6767000 	C:\WINDOWS\SYSTEM32\ntdll.dll
0x00007fffa5630000 - 0x00007fffa56f4000 	C:\WINDOWS\System32\KERNEL32.DLL
0x00007fffa3650000 - 0x00007fffa3a23000 	C:\WINDOWS\System32\KERNELBASE.dll
0x00007fffa3cd0000 - 0x00007fffa3de1000 	C:\WINDOWS\System32\ucrtbase.dll
0x00007fff9cf00000 - 0x00007fff9cf18000 	c:\Users\User\.vscode\extensions\redhat.java-1.46.0-win32-x64\jre\21.0.8-win32-x86_64\bin\jli.dll
0x00007fffa5c30000 - 0x00007fffa5de2000 	C:\WINDOWS\System32\USER32.dll
0x00007fffa3f20000 - 0x00007fffa3f46000 	C:\WINDOWS\System32\win32u.dll
0x00007fffa59d0000 - 0x00007fffa59f9000 	C:\WINDOWS\System32\GDI32.dll
0x00007fffa3df0000 - 0x00007fffa3f13000 	C:\WINDOWS\System32\gdi32full.dll
0x00007fffa3af0000 - 0x00007fffa3b8a000 	C:\WINDOWS\System32\msvcp_win.dll
0x00007fff91b70000 - 0x00007fff91b8e000 	c:\Users\User\.vscode\extensions\redhat.java-1.46.0-win32-x64\jre\21.0.8-win32-x86_64\bin\VCRUNTIME140.dll
0x00007fff90050000 - 0x00007fff902ec000 	C:\WINDOWS\WinSxS\amd64_microsoft.windows.common-controls_6595b64144ccf1df_6.0.22621.5983_none_2714a6b37381578e\COMCTL32.dll
0x00007fffa41f0000 - 0x00007fffa4297000 	C:\WINDOWS\System32\msvcrt.dll
0x00007fffa52e0000 - 0x00007fffa5311000 	C:\WINDOWS\System32\IMM32.DLL
0x00007fff9f700000 - 0x00007fff9f70c000 	c:\Users\User\.vscode\extensions\redhat.java-1.46.0-win32-x64\jre\21.0.8-win32-x86_64\bin\vcruntime140_1.dll
0x00007fff70150000 - 0x00007fff701dd000 	c:\Users\User\.vscode\extensions\redhat.java-1.46.0-win32-x64\jre\21.0.8-win32-x86_64\bin\msvcp140.dll
0x00007fff3d310000 - 0x00007fff3e0a7000 	c:\Users\User\.vscode\extensions\redhat.java-1.46.0-win32-x64\jre\21.0.8-win32-x86_64\bin\server\jvm.dll
0x00007fffa4420000 - 0x00007fffa44d1000 	C:\WINDOWS\System32\ADVAPI32.dll
0x00007fffa4350000 - 0x00007fffa43f8000 	C:\WINDOWS\System32\sechost.dll
0x00007fffa4140000 - 0x00007fffa4168000 	C:\WINDOWS\System32\bcrypt.dll
0x00007fffa5a00000 - 0x00007fffa5b18000 	C:\WINDOWS\System32\RPCRT4.dll
0x00007fffa5950000 - 0x00007fffa59c1000 	C:\WINDOWS\System32\WS2_32.dll
0x00007fffa2460000 - 0x00007fffa24ad000 	C:\WINDOWS\SYSTEM32\POWRPROF.dll
0x00007fff9ceb0000 - 0x00007fff9cee4000 	C:\WINDOWS\SYSTEM32\WINMM.dll
0x00007fff9ce10000 - 0x00007fff9ce1a000 	C:\WINDOWS\SYSTEM32\VERSION.dll
0x00007fffa2420000 - 0x00007fffa2433000 	C:\WINDOWS\SYSTEM32\UMPDC.dll
0x00007fffa26d0000 - 0x00007fffa26e8000 	C:\WINDOWS\SYSTEM32\kernel.appcore.dll
0x00007fff9f4a0000 - 0x00007fff9f4aa000 	c:\Users\User\.vscode\extensions\redhat.java-1.46.0-win32-x64\jre\21.0.8-win32-x86_64\bin\jimage.dll
0x00007fffa19d0000 - 0x00007fffa1c03000 	C:\WINDOWS\SYSTEM32\DBGHELP.DLL
0x00007fffa4680000 - 0x00007fffa4a11000 	C:\WINDOWS\System32\combase.dll
0x00007fffa54e0000 - 0x00007fffa55b8000 	C:\WINDOWS\System32\OLEAUT32.dll
0x00007fff8dfa0000 - 0x00007fff8dfd2000 	C:\WINDOWS\SYSTEM32\dbgcore.DLL
0x00007fffa4170000 - 0x00007fffa41eb000 	C:\WINDOWS\System32\bcryptPrimitives.dll
0x00007fff9d070000 - 0x00007fff9d07f000 	c:\Users\User\.vscode\extensions\redhat.java-1.46.0-win32-x64\jre\21.0.8-win32-x86_64\bin\instrument.dll
0x00007fff91ac0000 - 0x00007fff91adf000 	c:\Users\User\.vscode\extensions\redhat.java-1.46.0-win32-x64\jre\21.0.8-win32-x86_64\bin\java.dll
0x00007fffa4a20000 - 0x00007fffa52be000 	C:\WINDOWS\System32\SHELL32.dll
0x00007fffa3b90000 - 0x00007fffa3ccf000 	C:\WINDOWS\System32\wintypes.dll
0x00007fffa1000000 - 0x00007fffa1918000 	C:\WINDOWS\SYSTEM32\windows.storage.dll
0x00007fffa6370000 - 0x00007fffa6474000 	C:\WINDOWS\System32\SHCORE.dll
0x00007fffa5710000 - 0x00007fffa5779000 	C:\WINDOWS\System32\shlwapi.dll
0x00007fffa3580000 - 0x00007fffa35a5000 	C:\WINDOWS\SYSTEM32\profapi.dll
0x00007fff80b20000 - 0x00007fff80b38000 	c:\Users\User\.vscode\extensions\redhat.java-1.46.0-win32-x64\jre\21.0.8-win32-x86_64\bin\zip.dll
0x00007fff91da0000 - 0x00007fff91db0000 	C:\Users\User\.vscode\extensions\redhat.java-1.46.0-win32-x64\jre\21.0.8-win32-x86_64\bin\net.dll
0x00007fff9d510000 - 0x00007fff9d63c000 	C:\WINDOWS\SYSTEM32\WINHTTP.dll
0x00007fffa2b90000 - 0x00007fffa2bf9000 	C:\WINDOWS\system32\mswsock.dll
0x00007fff805c0000 - 0x00007fff805d6000 	C:\Users\User\.vscode\extensions\redhat.java-1.46.0-win32-x64\jre\21.0.8-win32-x86_64\bin\nio.dll
0x00007fff91d10000 - 0x00007fff91d20000 	c:\Users\User\.vscode\extensions\redhat.java-1.46.0-win32-x64\jre\21.0.8-win32-x86_64\bin\verify.dll
0x00007fff7f2b0000 - 0x00007fff7f2f4000 	C:\Users\User\AppData\Roaming\Code\User\globalStorage\redhat.java\1.46.0\config_ss_win\org.eclipse.equinox.launcher\org.eclipse.equinox.launcher.win32.win32.x86_64_1.2.1400.v20250801-0854\eclipse_11916.dll
0x00007fffa44e0000 - 0x00007fffa4680000 	C:\WINDOWS\System32\ole32.dll
0x00007fffa2e80000 - 0x00007fffa2e9b000 	C:\WINDOWS\SYSTEM32\CRYPTSP.dll
0x00007fffa2630000 - 0x00007fffa2667000 	C:\WINDOWS\system32\rsaenh.dll
0x00007fffa2c30000 - 0x00007fffa2c58000 	C:\WINDOWS\SYSTEM32\USERENV.dll
0x00007fffa2d90000 - 0x00007fffa2d9c000 	C:\WINDOWS\SYSTEM32\CRYPTBASE.dll
0x00007fffa2060000 - 0x00007fffa208d000 	C:\WINDOWS\SYSTEM32\IPHLPAPI.DLL
0x00007fffa5700000 - 0x00007fffa5709000 	C:\WINDOWS\System32\NSI.dll
0x00007fff7f260000 - 0x00007fff7f2a9000 	C:\Users\User\AppData\Local\Temp\jna-2645995\jna14604495071076610681.dll
0x00007fffa52c0000 - 0x00007fffa52c8000 	C:\WINDOWS\System32\PSAPI.DLL
0x00007fff9d100000 - 0x00007fff9d119000 	C:\WINDOWS\SYSTEM32\dhcpcsvc6.DLL
0x00007fff9d0e0000 - 0x00007fff9d0ff000 	C:\WINDOWS\SYSTEM32\dhcpcsvc.DLL

JVMTI agents:
c:\Users\User\.vscode\extensions\redhat.java-1.46.0-win32-x64\lombok\lombok-1.18.39-4050.jar path:c:\Users\User\.vscode\extensions\redhat.java-1.46.0-win32-x64\jre\21.0.8-win32-x86_64\bin\instrument.dll, loaded, initialized, instrumentlib options:none

dbghelp: loaded successfully - version: 4.0.5 - missing functions: none
symbol engine: initialized successfully - sym options: 0x614 - pdb path: .;c:\Users\User\.vscode\extensions\redhat.java-1.46.0-win32-x64\jre\21.0.8-win32-x86_64\bin;C:\WINDOWS\SYSTEM32;C:\WINDOWS\WinSxS\amd64_microsoft.windows.common-controls_6595b64144ccf1df_6.0.22621.5983_none_2714a6b37381578e;c:\Users\User\.vscode\extensions\redhat.java-1.46.0-win32-x64\jre\21.0.8-win32-x86_64\bin\server;C:\Users\User\AppData\Roaming\Code\User\globalStorage\redhat.java\1.46.0\config_ss_win\org.eclipse.equinox.launcher\org.eclipse.equinox.launcher.win32.win32.x86_64_1.2.1400.v20250801-0854;C:\Users\User\AppData\Local\Temp\jna-2645995

VM Arguments:
jvm_args: --add-modules=ALL-SYSTEM --add-opens=java.base/java.util=ALL-UNNAMED --add-opens=java.base/java.lang=ALL-UNNAMED --add-opens=java.base/sun.nio.fs=ALL-UNNAMED -Declipse.application=org.eclipse.jdt.ls.core.id1 -Dosgi.bundles.defaultStartLevel=4 -Declipse.product=org.eclipse.jdt.ls.core.product -Djava.import.generatesMetadataFilesAtProjectRoot=false -DDetectVMInstallationsJob.disabled=true -Dfile.encoding=utf8 -XX:+UseParallelGC -XX:GCTimeRatio=4 -XX:AdaptiveSizePolicyWeight=90 -Dsun.zip.disableMemoryMapping=true -Xmx2G -Xms100m -Xlog:disable -javaagent:c:\Users\User\.vscode\extensions\redhat.java-1.46.0-win32-x64\lombok\lombok-1.18.39-4050.jar 
java_command: c:\Users\User\.vscode\extensions\redhat.java-1.46.0-win32-x64\server\plugins\org.eclipse.equinox.launcher_1.7.0.v20250519-0528.jar -configuration c:\Users\User\AppData\Roaming\Code\User\globalStorage\redhat.java\1.46.0\config_ss_win -data c:\Users\User\AppData\Roaming\Code\User\workspaceStorage\dbac1ccca7af464e6365b9032b453e86\redhat.java\ss_ws --pipe=\\.\pipe\lsp-5913e3cd0cc7ae4cc8e44215c9a33c40-sock
java_class_path (initial): c:\Users\User\.vscode\extensions\redhat.java-1.46.0-win32-x64\server\plugins\org.eclipse.equinox.launcher_1.7.0.v20250519-0528.jar
Launcher Type: SUN_STANDARD

[Global flags]
    uintx AdaptiveSizePolicyWeight                 = 90                                        {product} {command line}
     intx CICompilerCount                          = 3                                         {product} {ergonomic}
    uintx GCTimeRatio                              = 4                                         {product} {command line}
   size_t InitialHeapSize                          = 104857600                                 {product} {command line}
   size_t MaxHeapSize                              = 2147483648                                {product} {command line}
   size_t MaxNewSize                               = 715653120                                 {product} {ergonomic}
   size_t MinHeapDeltaBytes                        = 524288                                    {product} {ergonomic}
   size_t MinHeapSize                              = 104857600                                 {product} {command line}
   size_t NewSize                                  = 34603008                                  {product} {ergonomic}
    uintx NonNMethodCodeHeapSize                   = 5832780                                {pd product} {ergonomic}
    uintx NonProfiledCodeHeapSize                  = 122912730                              {pd product} {ergonomic}
   size_t OldSize                                  = 70254592                                  {product} {ergonomic}
    uintx ProfiledCodeHeapSize                     = 122912730                              {pd product} {ergonomic}
    uintx ReservedCodeCacheSize                    = 251658240                              {pd product} {ergonomic}
     bool SegmentedCodeCache                       = true                                      {product} {ergonomic}
   size_t SoftMaxHeapSize                          = 2147483648                             {manageable} {ergonomic}
     bool UseCompressedOops                        = true                           {product lp64_product} {ergonomic}
     bool UseLargePagesIndividualAllocation        = false                                  {pd product} {ergonomic}
     bool UseParallelGC                            = true                                      {product} {command line}

Logging:
Log output configuration:
 #0: stdout all=off uptime,level,tags foldmultilines=false
 #1: stderr all=off uptime,level,tags foldmultilines=false

Environment Variables:
JAVA_HOME=C:\Users\User\AppData\Local\Programs\Eclipse Adoptium\jdk-21.0.8.9-hotspot
PATH=C:\Users\User\AppData\Local\Programs\Eclipse Adoptium\jdk-21.0.8.9-hotspot\bin;C:\Program Files\MySQL\MySQL Shell 8.0\bin\;C:\Users\User\AppData\Local\Programs\Python\Launcher\;C:\Users\User\AppData\Local\Microsoft\WindowsApps;D:\Visual Studio\Microsoft VS Code\bin;D:\Pychar\PyCharm Community Edition 2022.1.1\bin;;C:\Users\User\AppData\Roaming\npm;C:\Users\User\AppData\Local\nvm;C:\nvm4w\nodejs;D:\Intelij\IntelliJ IDEA 2024.3.5\bin;C:\Users\User\AppData\Roaming\Python\Python313\Scripts;;C:\Program Files\Java\jdk-21\bin;C:\Users\User\AppData\Roaming\Python\Python313\Scripts;D:\Projects\elder_care\apache-maven-3.9.11\bin;C:\Program Files\Git\cmd;D:\Mysql Server\bin;C:\Windows\System32;C:\Windows;C:\Windows\System32\Wbem;C:\Windows\System32\WindowsPowerShell\v1.0\;
USERNAME=User
OS=Windows_NT
PROCESSOR_IDENTIFIER=Intel64 Family 6 Model 140 Stepping 1, GenuineIntel
TMP=C:\Users\User\AppData\Local\Temp
TEMP=C:\Users\User\AppData\Local\Temp




Periodic native trim disabled

---------------  S Y S T E M  ---------------

OS:
 Windows 11 , 64 bit Build 22621 (10.0.22621.5415)
OS uptime: 6 days 5:11 hours
Hyper-V role detected

CPU: total 4 (initial active 4) (2 cores per cpu, 2 threads per core) family 6 model 140 stepping 1 microcode 0xbc, cx8, cmov, fxsr, ht, mmx, 3dnowpref, sse, sse2, sse3, ssse3, sse4.1, sse4.2, popcnt, lzcnt, tsc, tscinvbit, avx, avx2, aes, erms, clmul, bmi1, bmi2, adx, avx512f, avx512dq, avx512cd, avx512bw, avx512vl, sha, fma, vzeroupper, avx512_vpopcntdq, avx512_vpclmulqdq, avx512_vaes, avx512_vnni, clflush, clflushopt, clwb, avx512_vbmi2, avx512_vbmi, hv, rdtscp, rdpid, fsrm, gfni, avx512_bitalg, f16c, cet_ibt, cet_ss, avx512_ifma
Processor Information for the first 4 processors :
  Max Mhz: 2995, Current Mhz: 2995, Mhz Limit: 2995

Memory: 4k page, system-wide physical 7914M (253M free)
TotalPageFile size 22945M (AvailPageFile size 2M)
current process WorkingSet (physical memory assigned to process): 146M, peak: 162M
current process commit charge ("private bytes"): 268M, peak: 286M

vm_info: OpenJDK 64-Bit Server VM (21.0.8+9-LTS) for windows-amd64 JRE (21.0.8+9-LTS), built on 2025-07-15T00:00:00Z by "admin" with MS VC++ 17.7 (VS2022)

END.
