#
# There is insufficient memory for the Java Runtime Environment to continue.
# Native memory allocation (malloc) failed to allocate 1048576 bytes. Error detail: AllocateHeap
# Possible reasons:
#   The system is out of physical RAM or swap space
#   This process is running with CompressedOops enabled, and the Java Heap may be blocking the growth of the native heap
# Possible solutions:
#   Reduce memory load on the system
#   Increase physical memory or swap space
#   Check if swap backing store is full
#   Decrease Java heap size (-Xmx/-Xms)
#   Decrease number of Java threads
#   Decrease Java thread stack sizes (-Xss)
#   Set larger code cache with -XX:ReservedCodeCacheSize=
#   JVM is running with Unscaled Compressed Oops mode in which the Java heap is
#     placed in the first 4GB address space. The Java Heap base address is the
#     maximum limit for the native heap growth. Please use -XX:HeapBaseMinAddress
#     to set the Java Heap base and to place the Java Heap above 4GB virtual address.
# This output file may be truncated or incomplete.
#
#  Out of Memory Error (allocation.cpp:44), pid=17712, tid=6304
#
# JRE version: OpenJDK Runtime Environment Temurin-21.0.8+9 (21.0.8+9) (build 21.0.8+9-LTS)
# Java VM: OpenJDK 64-Bit Server VM Temurin-21.0.8+9 (21.0.8+9-LTS, mixed mode, sharing, tiered, compressed oops, compressed class ptrs, parallel gc, windows-amd64)
# No core dump will be written. Minidumps are not enabled by default on client versions of Windows
#

---------------  S U M M A R Y ------------

Command Line: --add-modules=ALL-SYSTEM --add-opens=java.base/java.util=ALL-UNNAMED --add-opens=java.base/java.lang=ALL-UNNAMED --add-opens=java.base/sun.nio.fs=ALL-UNNAMED -Declipse.application=org.eclipse.jdt.ls.core.id1 -Dosgi.bundles.defaultStartLevel=4 -Declipse.product=org.eclipse.jdt.ls.core.product -Djava.import.generatesMetadataFilesAtProjectRoot=false -DDetectVMInstallationsJob.disabled=true -Dfile.encoding=utf8 -XX:+UseParallelGC -XX:GCTimeRatio=4 -XX:AdaptiveSizePolicyWeight=90 -Dsun.zip.disableMemoryMapping=true -Xmx2G -Xms100m -Xlog:disable -javaagent:c:\Users\User\.vscode\extensions\redhat.java-1.47.0-win32-x64\lombok\lombok-1.18.39-4050.jar -XX:+HeapDumpOnOutOfMemoryError -XX:HeapDumpPath=c:\Users\User\AppData\Roaming\Code\User\workspaceStorage\dbac1ccca7af464e6365b9032b453e86\redhat.java -Daether.dependencyCollector.impl=bf c:\Users\User\.vscode\extensions\redhat.java-1.47.0-win32-x64\server\plugins\org.eclipse.equinox.launcher_1.7.100.v20251014-1222.jar -configuration c:\Users\User\AppData\Roaming\Code\User\globalStorage\redhat.java\1.47.0\config_win -data c:\Users\User\AppData\Roaming\Code\User\workspaceStorage\dbac1ccca7af464e6365b9032b453e86\redhat.java\jdt_ws --pipe=\\.\pipe\lsp-1544d08935e0b1bf47ce204ea642e0cd-sock

Host: 11th Gen Intel(R) Core(TM) i3-1115G4 @ 3.00GHz, 4 cores, 7G,  Windows 11 , 64 bit Build 22621 (10.0.22621.5415)
Time: Sun Nov  2 18:40:29 2025 Sri Lanka Standard Time elapsed time: 3514.442734 seconds (0d 0h 58m 34s)

---------------  T H R E A D  ---------------

Current thread (0x000002e154b0f220):  JavaThread "Attach Listener" daemon [_thread_in_vm, id=6304, stack(0x000000f710100000,0x000000f710200000) (1024K)]

Stack: [0x000000f710100000,0x000000f710200000]
Native frames: (J=compiled Java code, j=interpreted, Vv=VM code, C=native code)
V  [jvm.dll+0x6d2449]
V  [jvm.dll+0x8ae341]
V  [jvm.dll+0x8b08be]
V  [jvm.dll+0x8b0fa3]
V  [jvm.dll+0x280c96]
V  [jvm.dll+0xc0347]
V  [jvm.dll+0x6d2cf9]
V  [jvm.dll+0x131116]
V  [jvm.dll+0x3f2d16]
V  [jvm.dll+0x857e6b]
V  [jvm.dll+0x6d0b0d]
C  [ucrtbase.dll+0x29333]
C  [KERNEL32.DLL+0x1259d]
C  [ntdll.dll+0x5af78]


---------------  P R O C E S S  ---------------

Threads class SMR info:
_java_thread_list=0x000002e19e907970, length=34, elements={
0x000002e13bf17b20, 0x000002e154b0a490, 0x000002e154b0be80, 0x000002e154b0d210,
0x000002e154b0f220, 0x000002e154b111c0, 0x000002e154b126a0, 0x000002e154b17810,
0x000002e154b8a6c0, 0x000002e1968b47f0, 0x000002e196b20b90, 0x000002e19b4e7bd0,
0x000002e19b57db90, 0x000002e19b4959b0, 0x000002e19b4963e0, 0x000002e19bac6810,
0x000002e19b9d6800, 0x000002e19b83cc70, 0x000002e19be5c6e0, 0x000002e19be5cd70,
0x000002e19be5da90, 0x000002e19be5e7b0, 0x000002e19b2da030, 0x000002e19b2d99a0,
0x000002e19b2d7f60, 0x000002e19b2da6c0, 0x000002e19b2d4ae0, 0x000002e19b2d5e90,
0x000002e19e45ba50, 0x000002e19be33320, 0x000002e19be34d60, 0x000002e19be36e30,
0x000002e19be381e0, 0x000002e19be3a940
}

Java Threads: ( => current thread )
  0x000002e13bf17b20 JavaThread "main"                              [_thread_blocked, id=7732, stack(0x000000f70fa00000,0x000000f70fb00000) (1024K)]
  0x000002e154b0a490 JavaThread "Reference Handler"          daemon [_thread_blocked, id=10100, stack(0x000000f70fe00000,0x000000f70ff00000) (1024K)]
  0x000002e154b0be80 JavaThread "Finalizer"                  daemon [_thread_blocked, id=20988, stack(0x000000f70ff00000,0x000000f710000000) (1024K)]
  0x000002e154b0d210 JavaThread "Signal Dispatcher"          daemon [_thread_blocked, id=2864, stack(0x000000f710000000,0x000000f710100000) (1024K)]
=>0x000002e154b0f220 JavaThread "Attach Listener"            daemon [_thread_in_vm, id=6304, stack(0x000000f710100000,0x000000f710200000) (1024K)]
  0x000002e154b111c0 JavaThread "Service Thread"             daemon [_thread_blocked, id=12132, stack(0x000000f710200000,0x000000f710300000) (1024K)]
  0x000002e154b126a0 JavaThread "Monitor Deflation Thread"   daemon [_thread_blocked, id=14768, stack(0x000000f710300000,0x000000f710400000) (1024K)]
  0x000002e154b17810 JavaThread "C2 CompilerThread0"         daemon [_thread_blocked, id=1888, stack(0x000000f710400000,0x000000f710500000) (1024K)]
  0x000002e154b8a6c0 JavaThread "C1 CompilerThread0"         daemon [_thread_blocked, id=16816, stack(0x000000f710500000,0x000000f710600000) (1024K)]
  0x000002e1968b47f0 JavaThread "Common-Cleaner"             daemon [_thread_blocked, id=9876, stack(0x000000f710600000,0x000000f710700000) (1024K)]
  0x000002e196b20b90 JavaThread "Notification Thread"        daemon [_thread_blocked, id=15076, stack(0x000000f710700000,0x000000f710800000) (1024K)]
  0x000002e19b4e7bd0 JavaThread "Active Thread: Equinox Container: 672fbd6d-f254-4c10-a469-822a437b7742"        [_thread_blocked, id=9652, stack(0x000000f710b00000,0x000000f710c00000) (1024K)]
  0x000002e19b57db90 JavaThread "Refresh Thread: Equinox Container: 672fbd6d-f254-4c10-a469-822a437b7742" daemon [_thread_blocked, id=4788, stack(0x000000f710c00000,0x000000f710d00000) (1024K)]
  0x000002e19b4959b0 JavaThread "Framework Event Dispatcher: Equinox Container: 672fbd6d-f254-4c10-a469-822a437b7742" daemon [_thread_blocked, id=15160, stack(0x000000f710d00000,0x000000f710e00000) (1024K)]
  0x000002e19b4963e0 JavaThread "Start Level: Equinox Container: 672fbd6d-f254-4c10-a469-822a437b7742" daemon [_thread_blocked, id=13592, stack(0x000000f710e00000,0x000000f710f00000) (1024K)]
  0x000002e19bac6810 JavaThread "Bundle File Closer"         daemon [_thread_blocked, id=18288, stack(0x000000f710f00000,0x000000f711000000) (1024K)]
  0x000002e19b9d6800 JavaThread "SCR Component Actor"        daemon [_thread_blocked, id=9784, stack(0x000000f711000000,0x000000f711100000) (1024K)]
  0x000002e19b83cc70 JavaThread "Worker-JM"                         [_thread_blocked, id=15140, stack(0x000000f711100000,0x000000f711200000) (1024K)]
  0x000002e19be5c6e0 JavaThread "JNA Cleaner"                daemon [_thread_blocked, id=16420, stack(0x000000f711200000,0x000000f711300000) (1024K)]
  0x000002e19be5cd70 JavaThread "Java indexing"              daemon [_thread_blocked, id=14700, stack(0x000000f711600000,0x000000f711700000) (1024K)]
  0x000002e19be5da90 JavaThread "Thread-1"                   daemon [_thread_in_native, id=22252, stack(0x000000f711900000,0x000000f711a00000) (1024K)]
  0x000002e19be5e7b0 JavaThread "Thread-2"                   daemon [_thread_in_native, id=16492, stack(0x000000f711a00000,0x000000f711b00000) (1024K)]
  0x000002e19b2da030 JavaThread "Thread-3"                   daemon [_thread_in_native, id=12220, stack(0x000000f711b00000,0x000000f711c00000) (1024K)]
  0x000002e19b2d99a0 JavaThread "Thread-4"                   daemon [_thread_in_native, id=4772, stack(0x000000f711c00000,0x000000f711d00000) (1024K)]
  0x000002e19b2d7f60 JavaThread "Thread-5"                   daemon [_thread_in_native, id=16124, stack(0x000000f711d00000,0x000000f711e00000) (1024K)]
  0x000002e19b2da6c0 JavaThread "pool-2-thread-1"                   [_thread_blocked, id=19776, stack(0x000000f711e00000,0x000000f711f00000) (1024K)]
  0x000002e19b2d4ae0 JavaThread "WorkspaceEventsHandler"            [_thread_blocked, id=20256, stack(0x000000f711f00000,0x000000f712000000) (1024K)]
  0x000002e19b2d5e90 JavaThread "pool-1-thread-1"                   [_thread_blocked, id=12448, stack(0x000000f712000000,0x000000f712100000) (1024K)]
  0x000002e19e45ba50 JavaThread "Cleaner-0"                  daemon [_thread_blocked, id=15528, stack(0x000000f712700000,0x000000f712800000) (1024K)]
  0x000002e19be33320 JavaThread "Worker-8"                          [_thread_blocked, id=9780, stack(0x000000f711300000,0x000000f711400000) (1024K)]
  0x000002e19be34d60 JavaThread "Worker-12"                         [_thread_blocked, id=16980, stack(0x000000f711800000,0x000000f711900000) (1024K)]
  0x000002e19be36e30 JavaThread "ForkJoinPool.commonPool-worker-14" daemon [_thread_blocked, id=19940, stack(0x000000f70f800000,0x000000f70f900000) (1024K)]
  0x000002e19be381e0 JavaThread "ForkJoinPool.commonPool-worker-15" daemon [_thread_blocked, id=15808, stack(0x000000f70f900000,0x000000f70fa00000) (1024K)]
  0x000002e19be3a940 JavaThread "ForkJoinPool.commonPool-worker-16" daemon [_thread_blocked, id=19212, stack(0x000000f711400000,0x000000f711500000) (1024K)]
Total: 34

Other Threads:
  0x000002e154af0df0 VMThread "VM Thread"                           [id=2472, stack(0x000000f70fd00000,0x000000f70fe00000) (1024K)]
  0x000002e13e19b510 WatcherThread "VM Periodic Task Thread"        [id=2788, stack(0x000000f70fc00000,0x000000f70fd00000) (1024K)]
  0x000002e13e14dc70 WorkerThread "GC Thread#0"                     [id=16476, stack(0x000000f70fb00000,0x000000f70fc00000) (1024K)]
  0x000002e19b0efb90 WorkerThread "GC Thread#1"                     [id=9044, stack(0x000000f710800000,0x000000f710900000) (1024K)]
  0x000002e19b0eff30 WorkerThread "GC Thread#2"                     [id=14448, stack(0x000000f710900000,0x000000f710a00000) (1024K)]
  0x000002e19b05fac0 WorkerThread "GC Thread#3"                     [id=2280, stack(0x000000f710a00000,0x000000f710b00000) (1024K)]
Total: 6

Threads with active compile tasks:
Total: 0

VM state: not at safepoint (normal execution)

VM Mutex/Monitor currently owned by a thread: None

Heap address: 0x0000000080000000, size: 2048 MB, Compressed Oops mode: 32-bit

CDS archive(s) mapped at: [0x000002e155000000-0x000002e155ba0000-0x000002e155ba0000), size 12189696, SharedBaseAddress: 0x000002e155000000, ArchiveRelocationMode: 1.
Compressed class space mapped at: 0x000002e156000000-0x000002e196000000, reserved size: 1073741824
Narrow klass base: 0x000002e155000000, Narrow klass shift: 0, Narrow klass range: 0x100000000

GC Precious Log:
 CardTable entry size: 512
 CPUs: 4 total, 4 available
 Memory: 7914M
 Large Page Support: Disabled
 NUMA Support: Disabled
 Compressed Oops: Enabled (32-bit)
 Alignments: Space 512K, Generation 512K, Heap 2M
 Heap Min Capacity: 100M
 Heap Initial Capacity: 100M
 Heap Max Capacity: 2G
 Pre-touch: Disabled
 Parallel Workers: 4

Heap:
 PSYoungGen      total 8192K, used 1841K [0x00000000d5580000, 0x00000000d6080000, 0x0000000100000000)
  eden space 7168K, 11% used [0x00000000d5580000,0x00000000d5653308,0x00000000d5c80000)
  from space 1024K, 97% used [0x00000000d5d00000,0x00000000d5df9250,0x00000000d5e00000)
  to   space 2048K, 0% used [0x00000000d5e80000,0x00000000d5e80000,0x00000000d6080000)
 ParOldGen       total 289792K, used 289706K [0x0000000080000000, 0x0000000091b00000, 0x00000000d5580000)
  object space 289792K, 99% used [0x0000000080000000,0x0000000091aeabb0,0x0000000091b00000)
 Metaspace       used 86130K, committed 88064K, reserved 1179648K
  class space    used 8774K, committed 9664K, reserved 1048576K

Card table byte_map: [0x000002e13dad0000,0x000002e13dee0000] _byte_map_base: 0x000002e13d6d0000

Marking Bits: (ParMarkBitMap*) 0x00007ffefc45a340
 Begin Bits: [0x000002e1505d0000, 0x000002e1525d0000)
 End Bits:   [0x000002e1525d0000, 0x000002e1545d0000)

Polling page: 0x000002e13c110000

Metaspace:

Usage:
  Non-class:     75.54 MB used.
      Class:      8.57 MB used.
       Both:     84.11 MB used.

Virtual space:
  Non-class space:      128.00 MB reserved,      76.56 MB ( 60%) committed,  2 nodes.
      Class space:        1.00 GB reserved,       9.44 MB ( <1%) committed,  1 nodes.
             Both:        1.12 GB reserved,      86.00 MB (  7%) committed. 

Chunk freelists:
   Non-Class:  2.54 MB
       Class:  6.59 MB
        Both:  9.12 MB

MaxMetaspaceSize: unlimited
CompressedClassSpaceSize: 1.00 GB
Initial GC threshold: 21.00 MB
Current GC threshold: 132.19 MB
CDS: on
 - commit_granule_bytes: 65536.
 - commit_granule_words: 8192.
 - virtual_space_node_default_size: 8388608.
 - enlarge_chunks_in_place: 1.
 - use_allocation_guard: 0.


Internal statistics:

num_allocs_failed_limit: 11.
num_arena_births: 1748.
num_arena_deaths: 18.
num_vsnodes_births: 3.
num_vsnodes_deaths: 0.
num_space_committed: 1376.
num_space_uncommitted: 0.
num_chunks_returned_to_freelist: 29.
num_chunks_taken_from_freelist: 5915.
num_chunk_merges: 17.
num_chunk_splits: 3564.
num_chunks_enlarged: 1943.
num_inconsistent_stats: 0.

CodeHeap 'non-profiled nmethods': size=120000Kb used=17872Kb max_used=17872Kb free=102127Kb
 bounds [0x000002e148df0000, 0x000002e149f70000, 0x000002e150320000]
CodeHeap 'profiled nmethods': size=120000Kb used=50570Kb max_used=50570Kb free=69429Kb
 bounds [0x000002e141320000, 0x000002e144490000, 0x000002e148850000]
CodeHeap 'non-nmethods': size=5760Kb used=1523Kb max_used=1611Kb free=4236Kb
 bounds [0x000002e148850000, 0x000002e148ac0000, 0x000002e148df0000]
CodeCache: size=245760Kb, used=69965Kb, max_used=70053Kb, free=175792Kb
 total_blobs=20455, nmethods=19618, adapters=737, full_count=0
Compilation: enabled, stopped_count=0, restarted_count=0

Compilation events (20 events):
Event: 3513.052 Thread 0x000002e154b8a6c0 21169       3       org.eclipse.jdt.internal.compiler.codegen.StackMapFrameCodeStream::generateOuterAccess (42 bytes)
Event: 3513.059 Thread 0x000002e154b8a6c0 nmethod 21169 0x000002e14447b910 code [0x000002e14447bae0, 0x000002e14447bde0]
Event: 3513.059 Thread 0x000002e154b8a6c0 21170       3       org.eclipse.jdt.internal.compiler.codegen.CodeStream::generateOuterAccess (308 bytes)
Event: 3513.093 Thread 0x000002e154b8a6c0 nmethod 21170 0x000002e14447bf90 code [0x000002e14447c3e0, 0x000002e14447eaa0]
Event: 3513.093 Thread 0x000002e154b8a6c0 21171       3       org.eclipse.jdt.internal.compiler.lookup.BlockScope::getEmulationPath (145 bytes)
Event: 3513.116 Thread 0x000002e154b8a6c0 nmethod 21171 0x000002e14447f210 code [0x000002e14447f540, 0x000002e1444812f8]
Event: 3513.124 Thread 0x000002e154b17810 21172       4       java.util.AbstractList::add (11 bytes)
Event: 3513.126 Thread 0x000002e154b17810 nmethod 21172 0x000002e149f5fa90 code [0x000002e149f5fc20, 0x000002e149f5fd00]
Event: 3513.158 Thread 0x000002e154b17810 21173   !   4       org.eclipse.jdt.core.dom.DefaultCommentMapper::storeLeadingComments (552 bytes)
Event: 3513.238 Thread 0x000002e154b17810 nmethod 21173 0x000002e149f5fe10 code [0x000002e149f60160, 0x000002e149f62068]
Event: 3513.310 Thread 0x000002e154b8a6c0 21174       3       org.eclipse.jdt.core.NamingConventions::suggestGetterName (19 bytes)
Event: 3513.312 Thread 0x000002e154b8a6c0 nmethod 21174 0x000002e144481910 code [0x000002e144481b20, 0x000002e144481f78]
Event: 3513.327 Thread 0x000002e154b8a6c0 21175       3       org.eclipse.jdt.core.dom.ASTVisitor::endVisit (1 bytes)
Event: 3513.328 Thread 0x000002e154b8a6c0 nmethod 21175 0x000002e144482190 code [0x000002e144482320, 0x000002e144482428]
Event: 3513.328 Thread 0x000002e154b8a6c0 21176       1       org.eclipse.jdt.core.dom.ASTVisitor::visit (2 bytes)
Event: 3513.328 Thread 0x000002e154b8a6c0 nmethod 21176 0x000002e149f63c10 code [0x000002e149f63da0, 0x000002e149f63e68]
Event: 3513.607 Thread 0x000002e154b8a6c0 21177       3       java.lang.StackStreamFactory$FrameBuffer::isEmpty (32 bytes)
Event: 3513.608 Thread 0x000002e154b8a6c0 nmethod 21177 0x000002e144482490 code [0x000002e144482640, 0x000002e144482800]
Event: 3514.331 Thread 0x000002e154b8a6c0 21178       1       org.eclipse.osgi.internal.location.BasicLocation::isReadOnly (5 bytes)
Event: 3514.331 Thread 0x000002e154b8a6c0 nmethod 21178 0x000002e149f63f10 code [0x000002e149f640a0, 0x000002e149f64170]

GC Heap History (20 events):
Event: 1510.883 GC heap before
{Heap before GC invocations=610 (full 4):
 PSYoungGen      total 7680K, used 7354K [0x00000000d5580000, 0x00000000d5f80000, 0x0000000100000000)
  eden space 7168K, 100% used [0x00000000d5580000,0x00000000d5c80000,0x00000000d5c80000)
  from space 512K, 36% used [0x00000000d5e80000,0x00000000d5eae900,0x00000000d5f00000)
  to   space 512K, 0% used [0x00000000d5f00000,0x00000000d5f00000,0x00000000d5f80000)
 ParOldGen       total 286720K, used 286418K [0x0000000080000000, 0x0000000091800000, 0x00000000d5580000)
  object space 286720K, 99% used [0x0000000080000000,0x00000000917b4a40,0x0000000091800000)
 Metaspace       used 86080K, committed 88000K, reserved 1179648K
  class space    used 8772K, committed 9664K, reserved 1048576K
}
Event: 1510.884 GC heap after
{Heap after GC invocations=610 (full 4):
 PSYoungGen      total 7680K, used 500K [0x00000000d5580000, 0x00000000d5f80000, 0x0000000100000000)
  eden space 7168K, 0% used [0x00000000d5580000,0x00000000d5580000,0x00000000d5c80000)
  from space 512K, 97% used [0x00000000d5f00000,0x00000000d5f7d200,0x00000000d5f80000)
  to   space 1024K, 0% used [0x00000000d5d80000,0x00000000d5d80000,0x00000000d5e80000)
 ParOldGen       total 286720K, used 286482K [0x0000000080000000, 0x0000000091800000, 0x00000000d5580000)
  object space 286720K, 99% used [0x0000000080000000,0x00000000917c4a60,0x0000000091800000)
 Metaspace       used 86080K, committed 88000K, reserved 1179648K
  class space    used 8772K, committed 9664K, reserved 1048576K
}
Event: 1516.118 GC heap before
{Heap before GC invocations=611 (full 4):
 PSYoungGen      total 7680K, used 7668K [0x00000000d5580000, 0x00000000d5f80000, 0x0000000100000000)
  eden space 7168K, 100% used [0x00000000d5580000,0x00000000d5c80000,0x00000000d5c80000)
  from space 512K, 97% used [0x00000000d5f00000,0x00000000d5f7d200,0x00000000d5f80000)
  to   space 1024K, 0% used [0x00000000d5d80000,0x00000000d5d80000,0x00000000d5e80000)
 ParOldGen       total 286720K, used 286482K [0x0000000080000000, 0x0000000091800000, 0x00000000d5580000)
  object space 286720K, 99% used [0x0000000080000000,0x00000000917c4a60,0x0000000091800000)
 Metaspace       used 86081K, committed 88000K, reserved 1179648K
  class space    used 8772K, committed 9664K, reserved 1048576K
}
Event: 1516.120 GC heap after
{Heap after GC invocations=611 (full 4):
 PSYoungGen      total 8192K, used 564K [0x00000000d5580000, 0x00000000d5f80000, 0x0000000100000000)
  eden space 7168K, 0% used [0x00000000d5580000,0x00000000d5580000,0x00000000d5c80000)
  from space 1024K, 55% used [0x00000000d5d80000,0x00000000d5e0d200,0x00000000d5e80000)
  to   space 1024K, 0% used [0x00000000d5e80000,0x00000000d5e80000,0x00000000d5f80000)
 ParOldGen       total 287232K, used 286941K [0x0000000080000000, 0x0000000091880000, 0x00000000d5580000)
  object space 287232K, 99% used [0x0000000080000000,0x0000000091837470,0x0000000091880000)
 Metaspace       used 86081K, committed 88000K, reserved 1179648K
  class space    used 8772K, committed 9664K, reserved 1048576K
}
Event: 1516.135 GC heap before
{Heap before GC invocations=612 (full 4):
 PSYoungGen      total 8192K, used 7732K [0x00000000d5580000, 0x00000000d5f80000, 0x0000000100000000)
  eden space 7168K, 100% used [0x00000000d5580000,0x00000000d5c80000,0x00000000d5c80000)
  from space 1024K, 55% used [0x00000000d5d80000,0x00000000d5e0d200,0x00000000d5e80000)
  to   space 1024K, 0% used [0x00000000d5e80000,0x00000000d5e80000,0x00000000d5f80000)
 ParOldGen       total 287232K, used 286941K [0x0000000080000000, 0x0000000091880000, 0x00000000d5580000)
  object space 287232K, 99% used [0x0000000080000000,0x0000000091837470,0x0000000091880000)
 Metaspace       used 86081K, committed 88000K, reserved 1179648K
  class space    used 8772K, committed 9664K, reserved 1048576K
}
Event: 1516.136 GC heap after
{Heap after GC invocations=612 (full 4):
 PSYoungGen      total 8192K, used 628K [0x00000000d5580000, 0x00000000d5f80000, 0x0000000100000000)
  eden space 7168K, 0% used [0x00000000d5580000,0x00000000d5580000,0x00000000d5c80000)
  from space 1024K, 61% used [0x00000000d5e80000,0x00000000d5f1d200,0x00000000d5f80000)
  to   space 1024K, 0% used [0x00000000d5d80000,0x00000000d5d80000,0x00000000d5e80000)
 ParOldGen       total 287232K, used 287173K [0x0000000080000000, 0x0000000091880000, 0x00000000d5580000)
  object space 287232K, 99% used [0x0000000080000000,0x0000000091871490,0x0000000091880000)
 Metaspace       used 86081K, committed 88000K, reserved 1179648K
  class space    used 8772K, committed 9664K, reserved 1048576K
}
Event: 1518.907 GC heap before
{Heap before GC invocations=613 (full 4):
 PSYoungGen      total 8192K, used 7796K [0x00000000d5580000, 0x00000000d5f80000, 0x0000000100000000)
  eden space 7168K, 100% used [0x00000000d5580000,0x00000000d5c80000,0x00000000d5c80000)
  from space 1024K, 61% used [0x00000000d5e80000,0x00000000d5f1d200,0x00000000d5f80000)
  to   space 1024K, 0% used [0x00000000d5d80000,0x00000000d5d80000,0x00000000d5e80000)
 ParOldGen       total 287232K, used 287173K [0x0000000080000000, 0x0000000091880000, 0x00000000d5580000)
  object space 287232K, 99% used [0x0000000080000000,0x0000000091871490,0x0000000091880000)
 Metaspace       used 86083K, committed 88000K, reserved 1179648K
  class space    used 8772K, committed 9664K, reserved 1048576K
}
Event: 1518.910 GC heap after
{Heap after GC invocations=613 (full 4):
 PSYoungGen      total 7680K, used 468K [0x00000000d5580000, 0x00000000d5f00000, 0x0000000100000000)
  eden space 7168K, 0% used [0x00000000d5580000,0x00000000d5580000,0x00000000d5c80000)
  from space 512K, 91% used [0x00000000d5d80000,0x00000000d5df5200,0x00000000d5e00000)
  to   space 1024K, 0% used [0x00000000d5e00000,0x00000000d5e00000,0x00000000d5f00000)
 ParOldGen       total 287232K, used 287181K [0x0000000080000000, 0x0000000091880000, 0x00000000d5580000)
  object space 287232K, 99% used [0x0000000080000000,0x0000000091873490,0x0000000091880000)
 Metaspace       used 86083K, committed 88000K, reserved 1179648K
  class space    used 8772K, committed 9664K, reserved 1048576K
}
Event: 1518.943 GC heap before
{Heap before GC invocations=614 (full 4):
 PSYoungGen      total 7680K, used 7636K [0x00000000d5580000, 0x00000000d5f00000, 0x0000000100000000)
  eden space 7168K, 100% used [0x00000000d5580000,0x00000000d5c80000,0x00000000d5c80000)
  from space 512K, 91% used [0x00000000d5d80000,0x00000000d5df5200,0x00000000d5e00000)
  to   space 1024K, 0% used [0x00000000d5e00000,0x00000000d5e00000,0x00000000d5f00000)
 ParOldGen       total 287232K, used 287181K [0x0000000080000000, 0x0000000091880000, 0x00000000d5580000)
  object space 287232K, 99% used [0x0000000080000000,0x0000000091873490,0x0000000091880000)
 Metaspace       used 86086K, committed 88000K, reserved 1179648K
  class space    used 8772K, committed 9664K, reserved 1048576K
}
Event: 1518.945 GC heap after
{Heap after GC invocations=614 (full 4):
 PSYoungGen      total 7680K, used 224K [0x00000000d5580000, 0x00000000d5e80000, 0x0000000100000000)
  eden space 7168K, 0% used [0x00000000d5580000,0x00000000d5580000,0x00000000d5c80000)
  from space 512K, 43% used [0x00000000d5e00000,0x00000000d5e38000,0x00000000d5e80000)
  to   space 512K, 0% used [0x00000000d5d80000,0x00000000d5d80000,0x00000000d5e00000)
 ParOldGen       total 287232K, used 287181K [0x0000000080000000, 0x0000000091880000, 0x00000000d5580000)
  object space 287232K, 99% used [0x0000000080000000,0x0000000091873490,0x0000000091880000)
 Metaspace       used 86086K, committed 88000K, reserved 1179648K
  class space    used 8772K, committed 9664K, reserved 1048576K
}
Event: 1519.279 GC heap before
{Heap before GC invocations=615 (full 4):
 PSYoungGen      total 7680K, used 7392K [0x00000000d5580000, 0x00000000d5e80000, 0x0000000100000000)
  eden space 7168K, 100% used [0x00000000d5580000,0x00000000d5c80000,0x00000000d5c80000)
  from space 512K, 43% used [0x00000000d5e00000,0x00000000d5e38000,0x00000000d5e80000)
  to   space 512K, 0% used [0x00000000d5d80000,0x00000000d5d80000,0x00000000d5e00000)
 ParOldGen       total 287232K, used 287181K [0x0000000080000000, 0x0000000091880000, 0x00000000d5580000)
  object space 287232K, 99% used [0x0000000080000000,0x0000000091873490,0x0000000091880000)
 Metaspace       used 86086K, committed 88000K, reserved 1179648K
  class space    used 8772K, committed 9664K, reserved 1048576K
}
Event: 1519.282 GC heap after
{Heap after GC invocations=615 (full 4):
 PSYoungGen      total 7680K, used 500K [0x00000000d5580000, 0x00000000d5e80000, 0x0000000100000000)
  eden space 7168K, 0% used [0x00000000d5580000,0x00000000d5580000,0x00000000d5c80000)
  from space 512K, 97% used [0x00000000d5d80000,0x00000000d5dfd200,0x00000000d5e00000)
  to   space 512K, 0% used [0x00000000d5e00000,0x00000000d5e00000,0x00000000d5e80000)
 ParOldGen       total 287232K, used 287205K [0x0000000080000000, 0x0000000091880000, 0x00000000d5580000)
  object space 287232K, 99% used [0x0000000080000000,0x0000000091879490,0x0000000091880000)
 Metaspace       used 86086K, committed 88000K, reserved 1179648K
  class space    used 8772K, committed 9664K, reserved 1048576K
}
Event: 1519.312 GC heap before
{Heap before GC invocations=616 (full 4):
 PSYoungGen      total 7680K, used 7668K [0x00000000d5580000, 0x00000000d5e80000, 0x0000000100000000)
  eden space 7168K, 100% used [0x00000000d5580000,0x00000000d5c80000,0x00000000d5c80000)
  from space 512K, 97% used [0x00000000d5d80000,0x00000000d5dfd200,0x00000000d5e00000)
  to   space 512K, 0% used [0x00000000d5e00000,0x00000000d5e00000,0x00000000d5e80000)
 ParOldGen       total 287232K, used 287205K [0x0000000080000000, 0x0000000091880000, 0x00000000d5580000)
  object space 287232K, 99% used [0x0000000080000000,0x0000000091879490,0x0000000091880000)
 Metaspace       used 86094K, committed 88064K, reserved 1179648K
  class space    used 8772K, committed 9664K, reserved 1048576K
}
Event: 1519.314 GC heap after
{Heap after GC invocations=616 (full 4):
 PSYoungGen      total 7680K, used 442K [0x00000000d5580000, 0x00000000d5e80000, 0x0000000100000000)
  eden space 7168K, 0% used [0x00000000d5580000,0x00000000d5580000,0x00000000d5c80000)
  from space 512K, 86% used [0x00000000d5e00000,0x00000000d5e6e900,0x00000000d5e80000)
  to   space 512K, 0% used [0x00000000d5d80000,0x00000000d5d80000,0x00000000d5e00000)
 ParOldGen       total 287744K, used 287671K [0x0000000080000000, 0x0000000091900000, 0x00000000d5580000)
  object space 287744K, 99% used [0x0000000080000000,0x00000000918edea0,0x0000000091900000)
 Metaspace       used 86094K, committed 88064K, reserved 1179648K
  class space    used 8772K, committed 9664K, reserved 1048576K
}
Event: 1524.103 GC heap before
{Heap before GC invocations=617 (full 4):
 PSYoungGen      total 7680K, used 7610K [0x00000000d5580000, 0x00000000d5e80000, 0x0000000100000000)
  eden space 7168K, 100% used [0x00000000d5580000,0x00000000d5c80000,0x00000000d5c80000)
  from space 512K, 86% used [0x00000000d5e00000,0x00000000d5e6e900,0x00000000d5e80000)
  to   space 512K, 0% used [0x00000000d5d80000,0x00000000d5d80000,0x00000000d5e00000)
 ParOldGen       total 287744K, used 287671K [0x0000000080000000, 0x0000000091900000, 0x00000000d5580000)
  object space 287744K, 99% used [0x0000000080000000,0x00000000918edea0,0x0000000091900000)
 Metaspace       used 86098K, committed 88064K, reserved 1179648K
  class space    used 8772K, committed 9664K, reserved 1048576K
}
Event: 1524.108 GC heap after
{Heap after GC invocations=617 (full 4):
 PSYoungGen      total 7680K, used 500K [0x00000000d5580000, 0x00000000d6080000, 0x0000000100000000)
  eden space 7168K, 0% used [0x00000000d5580000,0x00000000d5580000,0x00000000d5c80000)
  from space 512K, 97% used [0x00000000d5d80000,0x00000000d5dfd200,0x00000000d5e00000)
  to   space 2048K, 0% used [0x00000000d5e80000,0x00000000d5e80000,0x00000000d6080000)
 ParOldGen       total 288768K, used 288752K [0x0000000080000000, 0x0000000091a00000, 0x00000000d5580000)
  object space 288768K, 99% used [0x0000000080000000,0x00000000919fc160,0x0000000091a00000)
 Metaspace       used 86098K, committed 88064K, reserved 1179648K
  class space    used 8772K, committed 9664K, reserved 1048576K
}
Event: 3509.850 GC heap before
{Heap before GC invocations=618 (full 4):
 PSYoungGen      total 7680K, used 7668K [0x00000000d5580000, 0x00000000d6080000, 0x0000000100000000)
  eden space 7168K, 100% used [0x00000000d5580000,0x00000000d5c80000,0x00000000d5c80000)
  from space 512K, 97% used [0x00000000d5d80000,0x00000000d5dfd200,0x00000000d5e00000)
  to   space 2048K, 0% used [0x00000000d5e80000,0x00000000d5e80000,0x00000000d6080000)
 ParOldGen       total 288768K, used 288752K [0x0000000080000000, 0x0000000091a00000, 0x00000000d5580000)
  object space 288768K, 99% used [0x0000000080000000,0x00000000919fc160,0x0000000091a00000)
 Metaspace       used 86118K, committed 88064K, reserved 1179648K
  class space    used 8774K, committed 9664K, reserved 1048576K
}
Event: 3510.117 GC heap after
{Heap after GC invocations=618 (full 4):
 PSYoungGen      total 7680K, used 224K [0x00000000d5580000, 0x00000000d5f00000, 0x0000000100000000)
  eden space 7168K, 0% used [0x00000000d5580000,0x00000000d5580000,0x00000000d5c80000)
  from space 512K, 43% used [0x00000000d5e80000,0x00000000d5eb8000,0x00000000d5f00000)
  to   space 1024K, 0% used [0x00000000d5d00000,0x00000000d5d00000,0x00000000d5e00000)
 ParOldGen       total 289280K, used 289260K [0x0000000080000000, 0x0000000091a80000, 0x00000000d5580000)
  object space 289280K, 99% used [0x0000000080000000,0x0000000091a7b360,0x0000000091a80000)
 Metaspace       used 86118K, committed 88064K, reserved 1179648K
  class space    used 8774K, committed 9664K, reserved 1048576K
}
Event: 3513.068 GC heap before
{Heap before GC invocations=619 (full 4):
 PSYoungGen      total 7680K, used 7392K [0x00000000d5580000, 0x00000000d5f00000, 0x0000000100000000)
  eden space 7168K, 100% used [0x00000000d5580000,0x00000000d5c80000,0x00000000d5c80000)
  from space 512K, 43% used [0x00000000d5e80000,0x00000000d5eb8000,0x00000000d5f00000)
  to   space 1024K, 0% used [0x00000000d5d00000,0x00000000d5d00000,0x00000000d5e00000)
 ParOldGen       total 289280K, used 289260K [0x0000000080000000, 0x0000000091a80000, 0x00000000d5580000)
  object space 289280K, 99% used [0x0000000080000000,0x0000000091a7b360,0x0000000091a80000)
 Metaspace       used 86128K, committed 88064K, reserved 1179648K
  class space    used 8774K, committed 9664K, reserved 1048576K
}
Event: 3513.075 GC heap after
{Heap after GC invocations=619 (full 4):
 PSYoungGen      total 8192K, used 996K [0x00000000d5580000, 0x00000000d6080000, 0x0000000100000000)
  eden space 7168K, 0% used [0x00000000d5580000,0x00000000d5580000,0x00000000d5c80000)
  from space 1024K, 97% used [0x00000000d5d00000,0x00000000d5df9250,0x00000000d5e00000)
  to   space 2048K, 0% used [0x00000000d5e80000,0x00000000d5e80000,0x00000000d6080000)
 ParOldGen       total 289792K, used 289706K [0x0000000080000000, 0x0000000091b00000, 0x00000000d5580000)
  object space 289792K, 99% used [0x0000000080000000,0x0000000091aeabb0,0x0000000091b00000)
 Metaspace       used 86128K, committed 88064K, reserved 1179648K
  class space    used 8774K, committed 9664K, reserved 1048576K
}

Dll operation events (12 events):
Event: 0.083 Loaded shared library c:\Users\User\.vscode\extensions\redhat.java-1.47.0-win32-x64\jre\21.0.8-win32-x86_64\bin\java.dll
Event: 0.319 Loaded shared library c:\Users\User\.vscode\extensions\redhat.java-1.47.0-win32-x64\jre\21.0.8-win32-x86_64\bin\zip.dll
Event: 0.391 Loaded shared library C:\Users\User\.vscode\extensions\redhat.java-1.47.0-win32-x64\jre\21.0.8-win32-x86_64\bin\instrument.dll
Event: 0.398 Loaded shared library C:\Users\User\.vscode\extensions\redhat.java-1.47.0-win32-x64\jre\21.0.8-win32-x86_64\bin\net.dll
Event: 0.399 Loaded shared library C:\Users\User\.vscode\extensions\redhat.java-1.47.0-win32-x64\jre\21.0.8-win32-x86_64\bin\nio.dll
Event: 0.402 Loaded shared library C:\Users\User\.vscode\extensions\redhat.java-1.47.0-win32-x64\jre\21.0.8-win32-x86_64\bin\zip.dll
Event: 0.481 Loaded shared library C:\Users\User\.vscode\extensions\redhat.java-1.47.0-win32-x64\jre\21.0.8-win32-x86_64\bin\jimage.dll
Event: 0.631 Loaded shared library c:\Users\User\.vscode\extensions\redhat.java-1.47.0-win32-x64\jre\21.0.8-win32-x86_64\bin\verify.dll
Event: 3.193 Loaded shared library C:\Users\User\AppData\Roaming\Code\User\globalStorage\redhat.java\1.47.0\config_win\org.eclipse.equinox.launcher\org.eclipse.equinox.launcher.win32.win32.x86_64_1.2.1400.v20250801-0854\eclipse_11916.dll
Event: 7.607 Loaded shared library C:\Users\User\AppData\Local\Temp\jna-2645995\jna11067730312855303148.dll
Event: 12.226 Loaded shared library C:\Users\User\.vscode\extensions\redhat.java-1.47.0-win32-x64\jre\21.0.8-win32-x86_64\bin\sunmscapi.dll
Event: 12.737 Loaded shared library C:\Users\User\.vscode\extensions\redhat.java-1.47.0-win32-x64\jre\21.0.8-win32-x86_64\bin\extnet.dll

Deoptimization events (20 events):
Event: 3510.585 Thread 0x000002e19be381e0 Uncommon trap: trap_request=0xffffff45 fr.pc=0x000002e14976be38 relative=0x00000000000009f8
Event: 3510.588 Thread 0x000002e19be381e0 Uncommon trap: reason=unstable_if action=reinterpret pc=0x000002e14976be38 method=lombok.core.configuration.FileSystemSourceCache.cacheClear()V @ 16 c2
Event: 3510.588 Thread 0x000002e19be381e0 DEOPT PACKING pc=0x000002e14976be38 sp=0x000000f70f9fdb90
Event: 3510.591 Thread 0x000002e19be381e0 DEOPT UNPACKING pc=0x000002e1488a6da2 sp=0x000000f70f9fdad0 mode 2
Event: 3511.099 Thread 0x000002e19be381e0 Uncommon trap: trap_request=0xffffffbe fr.pc=0x000002e149f438b0 relative=0x0000000000000cd0
Event: 3511.103 Thread 0x000002e19be381e0 Uncommon trap: reason=profile_predicate action=maybe_recompile pc=0x000002e149f438b0 method=org.eclipse.jdt.internal.compiler.ast.ASTNode.resolveAnnotations(Lorg/eclipse/jdt/internal/compiler/lookup/BlockScope;[Lorg/eclipse/jdt/internal/compiler/ast/Annot
Event: 3511.103 Thread 0x000002e19be381e0 DEOPT PACKING pc=0x000002e149f438b0 sp=0x000000f70f9fdb90
Event: 3511.104 Thread 0x000002e19be381e0 DEOPT UNPACKING pc=0x000002e1488a6da2 sp=0x000000f70f9fdae0 mode 2
Event: 3511.146 Thread 0x000002e19be381e0 Uncommon trap: trap_request=0xffffffbe fr.pc=0x000002e149f438b0 relative=0x0000000000000cd0
Event: 3511.146 Thread 0x000002e19be381e0 Uncommon trap: reason=profile_predicate action=maybe_recompile pc=0x000002e149f438b0 method=org.eclipse.jdt.internal.compiler.ast.ASTNode.resolveAnnotations(Lorg/eclipse/jdt/internal/compiler/lookup/BlockScope;[Lorg/eclipse/jdt/internal/compiler/ast/Annot
Event: 3511.146 Thread 0x000002e19be381e0 DEOPT PACKING pc=0x000002e149f438b0 sp=0x000000f70f9fdb90
Event: 3511.146 Thread 0x000002e19be381e0 DEOPT UNPACKING pc=0x000002e1488a6da2 sp=0x000000f70f9fdae0 mode 2
Event: 3513.631 Thread 0x000002e19b2d5e90 Uncommon trap: trap_request=0xffffffc6 fr.pc=0x000002e149a7648c relative=0x000000000000074c
Event: 3513.631 Thread 0x000002e19b2d5e90 Uncommon trap: reason=bimorphic_or_optimized_type_check action=maybe_recompile pc=0x000002e149a7648c method=java.io.Writer.write(Ljava/lang/String;)V @ 7 c2
Event: 3513.631 Thread 0x000002e19b2d5e90 DEOPT PACKING pc=0x000002e149a7648c sp=0x000000f7120fe5b0
Event: 3513.631 Thread 0x000002e19b2d5e90 DEOPT UNPACKING pc=0x000002e1488a6da2 sp=0x000000f7120fe578 mode 2
Event: 3513.685 Thread 0x000002e19b2d5e90 Uncommon trap: trap_request=0xffffff45 fr.pc=0x000002e1495bd5c8 relative=0x0000000000000208
Event: 3513.685 Thread 0x000002e19b2d5e90 Uncommon trap: reason=unstable_if action=reinterpret pc=0x000002e1495bd5c8 method=java.io.BufferedOutputStream.implWrite([BII)V @ 5 c2
Event: 3513.685 Thread 0x000002e19b2d5e90 DEOPT PACKING pc=0x000002e1495bd5c8 sp=0x000000f7120fe290
Event: 3513.685 Thread 0x000002e19b2d5e90 DEOPT UNPACKING pc=0x000002e1488a6da2 sp=0x000000f7120fe258 mode 2

Classes loaded (20 events):
Event: 1175.747 Loading class sun/security/provider/certpath/OCSP$RevocationStatus done
Event: 1175.747 Loading class sun/security/provider/certpath/OCSPResponse$SingleResponse done
Event: 1175.747 Loading class sun/security/provider/certpath/CertId
Event: 1175.748 Loading class sun/security/provider/certpath/CertId done
Event: 1175.748 Loading class sun/security/provider/certpath/OCSP$RevocationStatus$CertStatus
Event: 1175.748 Loading class sun/security/provider/certpath/OCSP$RevocationStatus$CertStatus done
Event: 1175.792 Loading class sun/security/ssl/CertificateVerify$T13CertificateVerifyMessage
Event: 1175.793 Loading class sun/security/ssl/CertificateVerify$T13CertificateVerifyMessage done
Event: 1175.796 Loading class sun/security/ssl/SSLBasicKeyDerivation
Event: 1175.796 Loading class sun/security/ssl/SSLBasicKeyDerivation done
Event: 1175.797 Loading class sun/security/ssl/SSLBasicKeyDerivation$SecretSizeSpec
Event: 1175.797 Loading class sun/security/ssl/SSLBasicKeyDerivation$SecretSizeSpec done
Event: 1175.871 Loading class java/io/CharArrayReader
Event: 1175.872 Loading class java/io/CharArrayReader done
Event: 1175.872 Loading class java/util/regex/Pattern$Bound
Event: 1175.872 Loading class java/util/regex/Pattern$Bound done
Event: 1175.891 Loading class sun/security/ssl/PostHandshakeContext
Event: 1175.893 Loading class sun/security/ssl/PostHandshakeContext done
Event: 1175.893 Loading class sun/security/ssl/NewSessionTicket$T13NewSessionTicketMessage
Event: 1175.894 Loading class sun/security/ssl/NewSessionTicket$T13NewSessionTicketMessage done

Classes unloaded (9 events):
Event: 8.647 Thread 0x000002e154af0df0 Unloading class 0x000002e1561aac00 'java/lang/invoke/LambdaForm$MH+0x000002e1561aac00'
Event: 8.647 Thread 0x000002e154af0df0 Unloading class 0x000002e1561aa800 'java/lang/invoke/LambdaForm$MH+0x000002e1561aa800'
Event: 8.647 Thread 0x000002e154af0df0 Unloading class 0x000002e1561aa400 'java/lang/invoke/LambdaForm$MH+0x000002e1561aa400'
Event: 8.647 Thread 0x000002e154af0df0 Unloading class 0x000002e1561aa000 'java/lang/invoke/LambdaForm$MH+0x000002e1561aa000'
Event: 8.647 Thread 0x000002e154af0df0 Unloading class 0x000002e1561a9c00 'java/lang/invoke/LambdaForm$BMH+0x000002e1561a9c00'
Event: 8.647 Thread 0x000002e154af0df0 Unloading class 0x000002e1561a9800 'java/lang/invoke/LambdaForm$DMH+0x000002e1561a9800'
Event: 8.647 Thread 0x000002e154af0df0 Unloading class 0x000002e1561a8400 'java/lang/invoke/LambdaForm$DMH+0x000002e1561a8400'
Event: 900.452 Thread 0x000002e154af0df0 Unloading class 0x000002e156784400 'java/lang/invoke/LambdaForm$DMH+0x000002e156784400'
Event: 900.455 Thread 0x000002e154af0df0 Unloading class 0x000002e15676c800 'java/lang/invoke/LambdaForm$DMH+0x000002e15676c800'

Classes redefined (0 events):
No events

Internal exceptions (20 events):
Event: 1492.718 Thread 0x000002e19b2d85f0 Exception <a 'sun/nio/fs/WindowsException'{0x00000000d577b360}> (0x00000000d577b360) 
thrown [s\src\hotspot\share\prims\jni.cpp, line 520]
Event: 1492.722 Thread 0x000002e19b2d85f0 Exception <a 'sun/nio/fs/WindowsException'{0x00000000d579e270}> (0x00000000d579e270) 
thrown [s\src\hotspot\share\prims\jni.cpp, line 520]
Event: 1492.722 Thread 0x000002e19b2d85f0 Exception <a 'sun/nio/fs/WindowsException'{0x00000000d579ece8}> (0x00000000d579ece8) 
thrown [s\src\hotspot\share\prims\jni.cpp, line 520]
Event: 1499.648 Thread 0x000002e19be36e30 Exception <a 'sun/nio/fs/WindowsException'{0x00000000d56c1b78}> (0x00000000d56c1b78) 
thrown [s\src\hotspot\share\prims\jni.cpp, line 520]
Event: 1499.648 Thread 0x000002e19be36e30 Exception <a 'sun/nio/fs/WindowsException'{0x00000000d56c25f0}> (0x00000000d56c25f0) 
thrown [s\src\hotspot\share\prims\jni.cpp, line 520]
Event: 1499.649 Thread 0x000002e19be36e30 Exception <a 'sun/nio/fs/WindowsException'{0x00000000d56c3720}> (0x00000000d56c3720) 
thrown [s\src\hotspot\share\prims\jni.cpp, line 520]
Event: 1499.649 Thread 0x000002e19be36e30 Exception <a 'sun/nio/fs/WindowsException'{0x00000000d56c4198}> (0x00000000d56c4198) 
thrown [s\src\hotspot\share\prims\jni.cpp, line 520]
Event: 1499.649 Thread 0x000002e19be36e30 Exception <a 'sun/nio/fs/WindowsException'{0x00000000d56c5cd8}> (0x00000000d56c5cd8) 
thrown [s\src\hotspot\share\prims\jni.cpp, line 520]
Event: 1499.649 Thread 0x000002e19be36e30 Exception <a 'sun/nio/fs/WindowsException'{0x00000000d56c6750}> (0x00000000d56c6750) 
thrown [s\src\hotspot\share\prims\jni.cpp, line 520]
Event: 1499.651 Thread 0x000002e19be36e30 Exception <a 'sun/nio/fs/WindowsException'{0x00000000d56f1f68}> (0x00000000d56f1f68) 
thrown [s\src\hotspot\share\prims\jni.cpp, line 520]
Event: 1499.651 Thread 0x000002e19be36e30 Exception <a 'sun/nio/fs/WindowsException'{0x00000000d56f29e0}> (0x00000000d56f29e0) 
thrown [s\src\hotspot\share\prims\jni.cpp, line 520]
Event: 1508.299 Thread 0x000002e19be35a80 Exception <a 'sun/nio/fs/WindowsException'{0x00000000d5614ad8}> (0x00000000d5614ad8) 
thrown [s\src\hotspot\share\prims\jni.cpp, line 520]
Event: 1508.299 Thread 0x000002e19be35a80 Exception <a 'sun/nio/fs/WindowsException'{0x00000000d5640850}> (0x00000000d5640850) 
thrown [s\src\hotspot\share\prims\jni.cpp, line 520]
Event: 1508.299 Thread 0x000002e19be35a80 Exception <a 'sun/nio/fs/WindowsException'{0x00000000d5641998}> (0x00000000d5641998) 
thrown [s\src\hotspot\share\prims\jni.cpp, line 520]
Event: 1508.299 Thread 0x000002e19be35a80 Exception <a 'sun/nio/fs/WindowsException'{0x00000000d5642410}> (0x00000000d5642410) 
thrown [s\src\hotspot\share\prims\jni.cpp, line 520]
Event: 1508.300 Thread 0x000002e19be35a80 Exception <a 'sun/nio/fs/WindowsException'{0x00000000d5643f38}> (0x00000000d5643f38) 
thrown [s\src\hotspot\share\prims\jni.cpp, line 520]
Event: 1508.300 Thread 0x000002e19be35a80 Exception <a 'sun/nio/fs/WindowsException'{0x00000000d56449b0}> (0x00000000d56449b0) 
thrown [s\src\hotspot\share\prims\jni.cpp, line 520]
Event: 1508.302 Thread 0x000002e19be35a80 Exception <a 'sun/nio/fs/WindowsException'{0x00000000d56be0f8}> (0x00000000d56be0f8) 
thrown [s\src\hotspot\share\prims\jni.cpp, line 520]
Event: 1508.302 Thread 0x000002e19be35a80 Exception <a 'sun/nio/fs/WindowsException'{0x00000000d56beb70}> (0x00000000d56beb70) 
thrown [s\src\hotspot\share\prims\jni.cpp, line 520]
Event: 2963.032 Thread 0x000002e19b2d5e90 Exception <a 'java/lang/IncompatibleClassChangeError'{0x00000000d5ae6500}: Found class java.lang.Object, but interface was expected> (0x00000000d5ae6500) 
thrown [s\src\hotspot\share\interpreter\linkResolver.cpp, line 840]

ZGC Phase Switch (0 events):
No events

VM Operations (20 events):
Event: 3307.460 Executing VM operation: HandshakeAllThreads (HandshakeForDeflation)
Event: 3307.460 Executing VM operation: HandshakeAllThreads (HandshakeForDeflation) done
Event: 3307.460 Executing VM operation: RendezvousGCThreads
Event: 3307.460 Executing VM operation: RendezvousGCThreads done
Event: 3367.533 Executing VM operation: HandshakeAllThreads (HandshakeForDeflation)
Event: 3367.533 Executing VM operation: HandshakeAllThreads (HandshakeForDeflation) done
Event: 3367.533 Executing VM operation: RendezvousGCThreads
Event: 3367.533 Executing VM operation: RendezvousGCThreads done
Event: 3427.657 Executing VM operation: HandshakeAllThreads (HandshakeForDeflation)
Event: 3427.657 Executing VM operation: HandshakeAllThreads (HandshakeForDeflation) done
Event: 3427.658 Executing VM operation: RendezvousGCThreads
Event: 3427.658 Executing VM operation: RendezvousGCThreads done
Event: 3509.840 Executing VM operation: ParallelGCFailedAllocation (Allocation Failure)
Event: 3510.117 Executing VM operation: ParallelGCFailedAllocation (Allocation Failure) done
Event: 3511.129 Executing VM operation: Cleanup
Event: 3511.130 Executing VM operation: Cleanup done
Event: 3513.068 Executing VM operation: ParallelGCFailedAllocation (Allocation Failure)
Event: 3513.075 Executing VM operation: ParallelGCFailedAllocation (Allocation Failure) done
Event: 3514.079 Executing VM operation: Cleanup
Event: 3514.079 Executing VM operation: Cleanup done

Memory protections (0 events):
No events

Nmethod flushes (20 events):
Event: 902.117 Thread 0x000002e154af0df0 flushing  nmethod 0x000002e142145410
Event: 902.117 Thread 0x000002e154af0df0 flushing  nmethod 0x000002e14214a210
Event: 902.117 Thread 0x000002e154af0df0 flushing  nmethod 0x000002e14214c790
Event: 902.117 Thread 0x000002e154af0df0 flushing  nmethod 0x000002e14214d290
Event: 902.117 Thread 0x000002e154af0df0 flushing  nmethod 0x000002e14214e090
Event: 902.117 Thread 0x000002e154af0df0 flushing  nmethod 0x000002e14214f110
Event: 902.117 Thread 0x000002e154af0df0 flushing  nmethod 0x000002e14215a210
Event: 902.117 Thread 0x000002e154af0df0 flushing  nmethod 0x000002e14215a610
Event: 902.117 Thread 0x000002e154af0df0 flushing  nmethod 0x000002e14215d190
Event: 902.117 Thread 0x000002e154af0df0 flushing  nmethod 0x000002e142160b90
Event: 902.117 Thread 0x000002e154af0df0 flushing  nmethod 0x000002e14216a110
Event: 902.117 Thread 0x000002e154af0df0 flushing  nmethod 0x000002e14216e410
Event: 902.117 Thread 0x000002e154af0df0 flushing  nmethod 0x000002e14216ea90
Event: 902.117 Thread 0x000002e154af0df0 flushing  nmethod 0x000002e142171490
Event: 902.117 Thread 0x000002e154af0df0 flushing  nmethod 0x000002e142174210
Event: 902.117 Thread 0x000002e154af0df0 flushing  nmethod 0x000002e142174f10
Event: 902.117 Thread 0x000002e154af0df0 flushing  nmethod 0x000002e14219d790
Event: 902.117 Thread 0x000002e154af0df0 flushing  nmethod 0x000002e1421ace90
Event: 902.117 Thread 0x000002e154af0df0 flushing  nmethod 0x000002e1421ad310
Event: 902.117 Thread 0x000002e154af0df0 flushing osr nmethod 0x000002e1421af610

Events (20 events):
Event: 1299.252 Thread 0x000002e19be35a80 Thread exited: 0x000002e19be35a80
Event: 1357.118 Thread 0x000002e19be381e0 Thread exited: 0x000002e19be381e0
Event: 1417.130 Thread 0x000002e19be36e30 Thread exited: 0x000002e19be36e30
Event: 1479.583 Thread 0x000002e19be346d0 Thread added: 0x000002e19b2d5170
Event: 1479.587 Thread 0x000002e19b2d5e90 Thread added: 0x000002e19b2d85f0
Event: 1479.600 Thread 0x000002e19b2d5e90 Thread added: 0x000002e19be35a80
Event: 1479.601 Thread 0x000002e19be35a80 Thread added: 0x000002e19be36e30
Event: 1481.935 Thread 0x000002e154b8a6c0 Thread added: 0x000002e19eb62730
Event: 1482.097 Thread 0x000002e19eb62730 Thread exited: 0x000002e19eb62730
Event: 1492.523 Thread 0x000002e19be346d0 Thread added: 0x000002e19be34d60
Event: 1500.595 Thread 0x000002e19be34d60 Thread added: 0x000002e19be381e0
Event: 1569.202 Thread 0x000002e19b2d5170 Thread exited: 0x000002e19b2d5170
Event: 1569.202 Thread 0x000002e19be346d0 Thread exited: 0x000002e19be346d0
Event: 1569.202 Thread 0x000002e19be381e0 Thread exited: 0x000002e19be381e0
Event: 1584.141 Thread 0x000002e19b2d85f0 Thread exited: 0x000002e19b2d85f0
Event: 1644.145 Thread 0x000002e19be35a80 Thread exited: 0x000002e19be35a80
Event: 1704.157 Thread 0x000002e19be36e30 Thread exited: 0x000002e19be36e30
Event: 3509.296 Thread 0x000002e19b2d5e90 Thread added: 0x000002e19be36e30
Event: 3509.404 Thread 0x000002e19b2d5e90 Thread added: 0x000002e19be381e0
Event: 3509.412 Thread 0x000002e19b2d5e90 Thread added: 0x000002e19be3a940


Dynamic libraries:
0x00007ff75ea80000 - 0x00007ff75ea8e000 	c:\Users\User\.vscode\extensions\redhat.java-1.47.0-win32-x64\jre\21.0.8-win32-x86_64\bin\java.exe
0x00007fffa0630000 - 0x00007fffa0847000 	C:\WINDOWS\SYSTEM32\ntdll.dll
0x00007fff9efc0000 - 0x00007fff9f084000 	C:\WINDOWS\System32\KERNEL32.DLL
0x00007fff9dac0000 - 0x00007fff9de93000 	C:\WINDOWS\System32\KERNELBASE.dll
0x00007fff9e010000 - 0x00007fff9e121000 	C:\WINDOWS\System32\ucrtbase.dll
0x00007fff6d100000 - 0x00007fff6d118000 	c:\Users\User\.vscode\extensions\redhat.java-1.47.0-win32-x64\jre\21.0.8-win32-x86_64\bin\jli.dll
0x00007fff9f990000 - 0x00007fff9fb42000 	C:\WINDOWS\System32\USER32.dll
0x00007fff9e2a0000 - 0x00007fff9e2c6000 	C:\WINDOWS\System32\win32u.dll
0x00007fff9f960000 - 0x00007fff9f989000 	C:\WINDOWS\System32\GDI32.dll
0x00007fff9d870000 - 0x00007fff9d993000 	C:\WINDOWS\System32\gdi32full.dll
0x00007fff9d9a0000 - 0x00007fff9da3a000 	C:\WINDOWS\System32\msvcp_win.dll
0x00007fff2e230000 - 0x00007fff2e24e000 	c:\Users\User\.vscode\extensions\redhat.java-1.47.0-win32-x64\jre\21.0.8-win32-x86_64\bin\VCRUNTIME140.dll
0x00007fff893a0000 - 0x00007fff8963c000 	C:\WINDOWS\WinSxS\amd64_microsoft.windows.common-controls_6595b64144ccf1df_6.0.22621.5983_none_2714a6b37381578e\COMCTL32.dll
0x00007fff9e8f0000 - 0x00007fff9e997000 	C:\WINDOWS\System32\msvcrt.dll
0x00007fff9e5d0000 - 0x00007fff9e601000 	C:\WINDOWS\System32\IMM32.DLL
0x00007fff75750000 - 0x00007fff7575c000 	c:\Users\User\.vscode\extensions\redhat.java-1.47.0-win32-x64\jre\21.0.8-win32-x86_64\bin\vcruntime140_1.dll
0x00007fff0aa60000 - 0x00007fff0aaed000 	c:\Users\User\.vscode\extensions\redhat.java-1.47.0-win32-x64\jre\21.0.8-win32-x86_64\bin\msvcp140.dll
0x00007ffefb7a0000 - 0x00007ffefc537000 	c:\Users\User\.vscode\extensions\redhat.java-1.47.0-win32-x64\jre\21.0.8-win32-x86_64\bin\server\jvm.dll
0x00007fff9ede0000 - 0x00007fff9ee91000 	C:\WINDOWS\System32\ADVAPI32.dll
0x00007fff9e6f0000 - 0x00007fff9e798000 	C:\WINDOWS\System32\sechost.dll
0x00007fff9e270000 - 0x00007fff9e298000 	C:\WINDOWS\System32\bcrypt.dll
0x00007fff9e2d0000 - 0x00007fff9e3e8000 	C:\WINDOWS\System32\RPCRT4.dll
0x00007fff9ebc0000 - 0x00007fff9ec31000 	C:\WINDOWS\System32\WS2_32.dll
0x00007fff9c540000 - 0x00007fff9c58d000 	C:\WINDOWS\SYSTEM32\POWRPROF.dll
0x00007fff97580000 - 0x00007fff975b4000 	C:\WINDOWS\SYSTEM32\WINMM.dll
0x00007fff96440000 - 0x00007fff9644a000 	C:\WINDOWS\SYSTEM32\VERSION.dll
0x00007fff9c520000 - 0x00007fff9c533000 	C:\WINDOWS\SYSTEM32\UMPDC.dll
0x00007fff9c7f0000 - 0x00007fff9c808000 	C:\WINDOWS\SYSTEM32\kernel.appcore.dll
0x00007fff75470000 - 0x00007fff7547a000 	c:\Users\User\.vscode\extensions\redhat.java-1.47.0-win32-x64\jre\21.0.8-win32-x86_64\bin\jimage.dll
0x00007fff9b010000 - 0x00007fff9b243000 	C:\WINDOWS\SYSTEM32\DBGHELP.DLL
0x00007fff9ffd0000 - 0x00007fffa0361000 	C:\WINDOWS\System32\combase.dll
0x00007fff9e610000 - 0x00007fff9e6e8000 	C:\WINDOWS\System32\OLEAUT32.dll
0x00007fff819d0000 - 0x00007fff81a02000 	C:\WINDOWS\SYSTEM32\dbgcore.DLL
0x00007fff9e1f0000 - 0x00007fff9e26b000 	C:\WINDOWS\System32\bcryptPrimitives.dll
0x00007fff6beb0000 - 0x00007fff6bebf000 	c:\Users\User\.vscode\extensions\redhat.java-1.47.0-win32-x64\jre\21.0.8-win32-x86_64\bin\instrument.dll
0x00007fff18ad0000 - 0x00007fff18aef000 	c:\Users\User\.vscode\extensions\redhat.java-1.47.0-win32-x64\jre\21.0.8-win32-x86_64\bin\java.dll
0x00007fff9f090000 - 0x00007fff9f92e000 	C:\WINDOWS\System32\SHELL32.dll
0x00007fff9d730000 - 0x00007fff9d86f000 	C:\WINDOWS\System32\wintypes.dll
0x00007fff9b5d0000 - 0x00007fff9bee8000 	C:\WINDOWS\SYSTEM32\windows.storage.dll
0x00007fff9eab0000 - 0x00007fff9ebb4000 	C:\WINDOWS\System32\SHCORE.dll
0x00007fffa0580000 - 0x00007fffa05e9000 	C:\WINDOWS\System32\shlwapi.dll
0x00007fff9d660000 - 0x00007fff9d685000 	C:\WINDOWS\SYSTEM32\profapi.dll
0x00007fff182d0000 - 0x00007fff182e8000 	c:\Users\User\.vscode\extensions\redhat.java-1.47.0-win32-x64\jre\21.0.8-win32-x86_64\bin\zip.dll
0x00007fff677a0000 - 0x00007fff677b0000 	C:\Users\User\.vscode\extensions\redhat.java-1.47.0-win32-x64\jre\21.0.8-win32-x86_64\bin\net.dll
0x00007fff971f0000 - 0x00007fff9731c000 	C:\WINDOWS\SYSTEM32\WINHTTP.dll
0x00007fff9ccd0000 - 0x00007fff9cd39000 	C:\WINDOWS\system32\mswsock.dll
0x00007fff154b0000 - 0x00007fff154c6000 	C:\Users\User\.vscode\extensions\redhat.java-1.47.0-win32-x64\jre\21.0.8-win32-x86_64\bin\nio.dll
0x00007fff65f40000 - 0x00007fff65f50000 	c:\Users\User\.vscode\extensions\redhat.java-1.47.0-win32-x64\jre\21.0.8-win32-x86_64\bin\verify.dll
0x00007fff08a20000 - 0x00007fff08a64000 	C:\Users\User\AppData\Roaming\Code\User\globalStorage\redhat.java\1.47.0\config_win\org.eclipse.equinox.launcher\org.eclipse.equinox.launcher.win32.win32.x86_64_1.2.1400.v20250801-0854\eclipse_11916.dll
0x00007fff9ec40000 - 0x00007fff9ede0000 	C:\WINDOWS\System32\ole32.dll
0x00007fff9cf20000 - 0x00007fff9cf3b000 	C:\WINDOWS\SYSTEM32\CRYPTSP.dll
0x00007fff9c750000 - 0x00007fff9c787000 	C:\WINDOWS\system32\rsaenh.dll
0x00007fff9cdc0000 - 0x00007fff9cde8000 	C:\WINDOWS\SYSTEM32\USERENV.dll
0x00007fff9cf40000 - 0x00007fff9cf4c000 	C:\WINDOWS\SYSTEM32\CRYPTBASE.dll
0x00007fff9c150000 - 0x00007fff9c17d000 	C:\WINDOWS\SYSTEM32\IPHLPAPI.DLL
0x00007fff9eea0000 - 0x00007fff9eea9000 	C:\WINDOWS\System32\NSI.dll
0x00007fff14df0000 - 0x00007fff14e39000 	C:\Users\User\AppData\Local\Temp\jna-2645995\jna11067730312855303148.dll
0x00007fff9e3f0000 - 0x00007fff9e3f8000 	C:\WINDOWS\System32\PSAPI.DLL
0x00007fff971d0000 - 0x00007fff971e9000 	C:\WINDOWS\SYSTEM32\dhcpcsvc6.DLL
0x00007fff971b0000 - 0x00007fff971cf000 	C:\WINDOWS\SYSTEM32\dhcpcsvc.DLL
0x00007fff61070000 - 0x00007fff6107e000 	C:\Users\User\.vscode\extensions\redhat.java-1.47.0-win32-x64\jre\21.0.8-win32-x86_64\bin\sunmscapi.dll
0x00007fff9dea0000 - 0x00007fff9e008000 	C:\WINDOWS\System32\CRYPT32.dll
0x00007fff9d0c0000 - 0x00007fff9d0ee000 	C:\WINDOWS\SYSTEM32\ncrypt.dll
0x00007fff9d080000 - 0x00007fff9d0b7000 	C:\WINDOWS\SYSTEM32\NTASN1.dll
0x00007fff9c180000 - 0x00007fff9c278000 	C:\WINDOWS\SYSTEM32\DNSAPI.dll
0x000000006b000000 - 0x000000006b026000 	C:\Program Files\Bonjour\mdnsNSP.dll
0x00007fff8d710000 - 0x00007fff8d71a000 	C:\Windows\System32\rasadhlp.dll
0x00007fff94ca0000 - 0x00007fff94d24000 	C:\WINDOWS\System32\fwpuclnt.dll
0x00007fff60f60000 - 0x00007fff60f69000 	C:\Users\User\.vscode\extensions\redhat.java-1.47.0-win32-x64\jre\21.0.8-win32-x86_64\bin\extnet.dll

JVMTI agents:
c:\Users\User\.vscode\extensions\redhat.java-1.47.0-win32-x64\lombok\lombok-1.18.39-4050.jar path:c:\Users\User\.vscode\extensions\redhat.java-1.47.0-win32-x64\jre\21.0.8-win32-x86_64\bin\instrument.dll, loaded, initialized, instrumentlib options:none

dbghelp: loaded successfully - version: 4.0.5 - missing functions: none
symbol engine: initialized successfully - sym options: 0x614 - pdb path: .;c:\Users\User\.vscode\extensions\redhat.java-1.47.0-win32-x64\jre\21.0.8-win32-x86_64\bin;C:\WINDOWS\SYSTEM32;C:\WINDOWS\WinSxS\amd64_microsoft.windows.common-controls_6595b64144ccf1df_6.0.22621.5983_none_2714a6b37381578e;c:\Users\User\.vscode\extensions\redhat.java-1.47.0-win32-x64\jre\21.0.8-win32-x86_64\bin\server;C:\Users\User\AppData\Roaming\Code\User\globalStorage\redhat.java\1.47.0\config_win\org.eclipse.equinox.launcher\org.eclipse.equinox.launcher.win32.win32.x86_64_1.2.1400.v20250801-0854;C:\Users\User\AppData\Local\Temp\jna-2645995;C:\Program Files\Bonjour

VM Arguments:
jvm_args: --add-modules=ALL-SYSTEM --add-opens=java.base/java.util=ALL-UNNAMED --add-opens=java.base/java.lang=ALL-UNNAMED --add-opens=java.base/sun.nio.fs=ALL-UNNAMED -Declipse.application=org.eclipse.jdt.ls.core.id1 -Dosgi.bundles.defaultStartLevel=4 -Declipse.product=org.eclipse.jdt.ls.core.product -Djava.import.generatesMetadataFilesAtProjectRoot=false -DDetectVMInstallationsJob.disabled=true -Dfile.encoding=utf8 -XX:+UseParallelGC -XX:GCTimeRatio=4 -XX:AdaptiveSizePolicyWeight=90 -Dsun.zip.disableMemoryMapping=true -Xmx2G -Xms100m -Xlog:disable -javaagent:c:\Users\User\.vscode\extensions\redhat.java-1.47.0-win32-x64\lombok\lombok-1.18.39-4050.jar -XX:+HeapDumpOnOutOfMemoryError -XX:HeapDumpPath=c:\Users\User\AppData\Roaming\Code\User\workspaceStorage\dbac1ccca7af464e6365b9032b453e86\redhat.java -Daether.dependencyCollector.impl=bf 
java_command: c:\Users\User\.vscode\extensions\redhat.java-1.47.0-win32-x64\server\plugins\org.eclipse.equinox.launcher_1.7.100.v20251014-1222.jar -configuration c:\Users\User\AppData\Roaming\Code\User\globalStorage\redhat.java\1.47.0\config_win -data c:\Users\User\AppData\Roaming\Code\User\workspaceStorage\dbac1ccca7af464e6365b9032b453e86\redhat.java\jdt_ws --pipe=\\.\pipe\lsp-1544d08935e0b1bf47ce204ea642e0cd-sock
java_class_path (initial): c:\Users\User\.vscode\extensions\redhat.java-1.47.0-win32-x64\server\plugins\org.eclipse.equinox.launcher_1.7.100.v20251014-1222.jar
Launcher Type: SUN_STANDARD

[Global flags]
    uintx AdaptiveSizePolicyWeight                 = 90                                        {product} {command line}
     intx CICompilerCount                          = 3                                         {product} {ergonomic}
    uintx GCTimeRatio                              = 4                                         {product} {command line}
     bool HeapDumpOnOutOfMemoryError               = true                                   {manageable} {command line}
    ccstr HeapDumpPath                             = c:\Users\User\AppData\Roaming\Code\User\workspaceStorage\dbac1ccca7af464e6365b9032b453e86\redhat.java         {manageable} {command line}
   size_t InitialHeapSize                          = 104857600                                 {product} {command line}
   size_t MaxHeapSize                              = 2147483648                                {product} {command line}
   size_t MaxNewSize                               = 715653120                                 {product} {ergonomic}
   size_t MinHeapDeltaBytes                        = 524288                                    {product} {ergonomic}
   size_t MinHeapSize                              = 104857600                                 {product} {command line}
   size_t NewSize                                  = 34603008                                  {product} {ergonomic}
    uintx NonNMethodCodeHeapSize                   = 5832780                                {pd product} {ergonomic}
    uintx NonProfiledCodeHeapSize                  = 122912730                              {pd product} {ergonomic}
   size_t OldSize                                  = 70254592                                  {product} {ergonomic}
    uintx ProfiledCodeHeapSize                     = 122912730                              {pd product} {ergonomic}
    uintx ReservedCodeCacheSize                    = 251658240                              {pd product} {ergonomic}
     bool SegmentedCodeCache                       = true                                      {product} {ergonomic}
   size_t SoftMaxHeapSize                          = 2147483648                             {manageable} {ergonomic}
     bool UseCompressedOops                        = true                           {product lp64_product} {ergonomic}
     bool UseLargePagesIndividualAllocation        = false                                  {pd product} {ergonomic}
     bool UseParallelGC                            = true                                      {product} {command line}

Logging:
Log output configuration:
 #0: stdout all=off uptime,level,tags foldmultilines=false
 #1: stderr all=off uptime,level,tags foldmultilines=false

Environment Variables:
JAVA_HOME=C:\Users\User\AppData\Local\Programs\Eclipse Adoptium\jdk-21.0.8.9-hotspot
PATH=C:\Users\User\AppData\Local\Programs\Eclipse Adoptium\jdk-21.0.8.9-hotspot\bin;C:\Users\User\AppData\Local\Programs\Python\Launcher\;C:\Program Files\MySQL\MySQL Shell 8.0\bin\;C:\Users\User\AppData\Local\Microsoft\WindowsApps;D:\Visual Studio\Microsoft VS Code\bin;D:\Pychar\PyCharm Community Edition 2022.1.1\bin;;C:\Users\User\AppData\Roaming\npm;C:\Users\User\AppData\Local\nvm;C:\nvm4w\nodejs;D:\Intelij\IntelliJ IDEA 2024.3.5\bin;C:\Users\User\AppData\Roaming\Python\Python313\Scripts;;C:\Program Files\Java\jdk-21\bin;C:\Users\User\AppData\Roaming\Python\Python313\Scripts;D:\Projects\elder_care\apache-maven-3.9.11\bin;C:\Program Files\Git\cmd;D:\Mysql Server\bin;C:\Windows\System32;C:\Windows;C:\Windows\System32\Wbem;C:\Windows\System32\WindowsPowerShell\v1.0\;C:\nvm4w\nodejs;C:\Program Files\Python313\Scripts;C:\Program Files\Python313\;
USERNAME=User
OS=Windows_NT
PROCESSOR_IDENTIFIER=Intel64 Family 6 Model 140 Stepping 1, GenuineIntel
TMP=C:\Users\User\AppData\Local\Temp
TEMP=C:\Users\User\AppData\Local\Temp




Periodic native trim disabled

---------------  S Y S T E M  ---------------

OS:
 Windows 11 , 64 bit Build 22621 (10.0.22621.5415)
OS uptime: 1 days 9:27 hours
Hyper-V role detected

CPU: total 4 (initial active 4) (2 cores per cpu, 2 threads per core) family 6 model 140 stepping 1 microcode 0xbc, cx8, cmov, fxsr, ht, mmx, 3dnowpref, sse, sse2, sse3, ssse3, sse4.1, sse4.2, popcnt, lzcnt, tsc, tscinvbit, avx, avx2, aes, erms, clmul, bmi1, bmi2, adx, avx512f, avx512dq, avx512cd, avx512bw, avx512vl, sha, fma, vzeroupper, avx512_vpopcntdq, avx512_vpclmulqdq, avx512_vaes, avx512_vnni, clflush, clflushopt, clwb, avx512_vbmi2, avx512_vbmi, hv, rdtscp, rdpid, fsrm, gfni, avx512_bitalg, f16c, cet_ibt, cet_ss, avx512_ifma
Processor Information for the first 4 processors :
  Max Mhz: 2995, Current Mhz: 2995, Mhz Limit: 2995

Memory: 4k page, system-wide physical 7914M (236M free)
TotalPageFile size 22945M (AvailPageFile size 3M)
current process WorkingSet (physical memory assigned to process): 142M, peak: 495M
current process commit charge ("private bytes"): 651M, peak: 653M

vm_info: OpenJDK 64-Bit Server VM (21.0.8+9-LTS) for windows-amd64 JRE (21.0.8+9-LTS), built on 2025-07-15T00:00:00Z by "admin" with MS VC++ 17.7 (VS2022)

END.
