#
# There is insufficient memory for the Java Runtime Environment to continue.
# Native memory allocation (mmap) failed to map 65536 bytes. Error detail: Failed to commit metaspace.
# Possible reasons:
#   The system is out of physical RAM or swap space
#   This process is running with CompressedOops enabled, and the Java Heap may be blocking the growth of the native heap
# Possible solutions:
#   Reduce memory load on the system
#   Increase physical memory or swap space
#   Check if swap backing store is full
#   Decrease Java heap size (-Xmx/-Xms)
#   Decrease number of Java threads
#   Decrease Java thread stack sizes (-Xss)
#   Set larger code cache with -XX:ReservedCodeCacheSize=
#   JVM is running with Unscaled Compressed Oops mode in which the Java heap is
#     placed in the first 4GB address space. The Java Heap base address is the
#     maximum limit for the native heap growth. Please use -XX:HeapBaseMinAddress
#     to set the Java Heap base and to place the Java Heap above 4GB virtual address.
# This output file may be truncated or incomplete.
#
#  Out of Memory Error (virtualSpaceNode.cpp:113), pid=804, tid=10456
#
# JRE version: OpenJDK Runtime Environment Temurin-21.0.8+9 (21.0.8+9) (build 21.0.8+9-LTS)
# Java VM: OpenJDK 64-Bit Server VM Temurin-21.0.8+9 (21.0.8+9-LTS, mixed mode, emulated-client, sharing, tiered, compressed oops, compressed class ptrs, g1 gc, windows-amd64)
# No core dump will be written. Minidumps are not enabled by default on client versions of Windows
#

---------------  S U M M A R Y ------------

Command Line: -XX:TieredStopAtLevel=1 com.eldercare.eldercare.EldercareApplication

Host: 11th Gen Intel(R) Core(TM) i3-1115G4 @ 3.00GHz, 4 cores, 7G,  Windows 11 , 64 bit Build 22621 (10.0.22621.5415)
Time: Wed Oct 22 21:01:31 2025 Sri Lanka Standard Time elapsed time: 16.442841 seconds (0d 0h 0m 16s)

---------------  T H R E A D  ---------------

Current thread (0x00000200fd3980b0):  JavaThread "cluster-rtt-ClusterId{value='68f8f8cf70a43aa95752d0f3', description='Cluster0'}-ac-kj8urrr-shard-00-02.pbcbknd.mongodb.net:27017" daemon [_thread_in_vm, id=10456, stack(0x0000008442000000,0x0000008442100000) (1024K)]

Stack: [0x0000008442000000,0x0000008442100000]
Native frames: (J=compiled Java code, j=interpreted, Vv=VM code, C=native code)
V  [jvm.dll+0x6d2449]
V  [jvm.dll+0x8ae341]
V  [jvm.dll+0x8b08be]
V  [jvm.dll+0x8b0fa3]
V  [jvm.dll+0x280c96]
V  [jvm.dll+0x8aa07e]
V  [jvm.dll+0x6745b5]
V  [jvm.dll+0x67461a]
V  [jvm.dll+0x676e02]
V  [jvm.dll+0x676cd2]
V  [jvm.dll+0x674f8e]
V  [jvm.dll+0x26a9af]
V  [jvm.dll+0x67f1f5]
V  [jvm.dll+0x21695d]
V  [jvm.dll+0x216eda]
V  [jvm.dll+0x217905]
V  [jvm.dll+0x20cece]
V  [jvm.dll+0x5b19dc]
V  [jvm.dll+0x21e5ba]
V  [jvm.dll+0x826c6c]
V  [jvm.dll+0x827c94]
V  [jvm.dll+0x828262]
V  [jvm.dll+0x827ee8]
V  [jvm.dll+0x26e30b]
V  [jvm.dll+0x3d725e]
C  0x00000200ee629594

The last pc belongs to new (printed below).
Java frames: (J=compiled Java code, j=interpreted, Vv=VM code)
j  sun.security.ssl.PreSharedKeyExtension.computeBinder(Lsun/security/ssl/HandshakeContext;Ljavax/crypto/SecretKey;Lsun/security/ssl/HandshakeHash;Lsun/security/ssl/SSLSessionImpl;Lsun/security/ssl/HandshakeContext;Lsun/security/ssl/ClientHello$ClientHelloMessage;Lsun/security/ssl/PreSharedKeyExtension$CHPreSharedKeySpec;)[B+15 java.base@21.0.8
j  sun.security.ssl.PreSharedKeyExtension$CHPreSharedKeyProducer.produce(Lsun/security/ssl/ConnectionContext;Lsun/security/ssl/SSLHandshake$HandshakeMessage;)[B+346 java.base@21.0.8
j  sun.security.ssl.SSLExtension.produce(Lsun/security/ssl/ConnectionContext;Lsun/security/ssl/SSLHandshake$HandshakeMessage;)[B+13 java.base@21.0.8
j  sun.security.ssl.SSLExtensions.produce(Lsun/security/ssl/HandshakeContext;[Lsun/security/ssl/SSLExtension;)V+145 java.base@21.0.8
j  sun.security.ssl.ClientHello$ClientHelloKickstartProducer.produce(Lsun/security/ssl/ConnectionContext;)[B+962 java.base@21.0.8
j  sun.security.ssl.SSLHandshake.kickstart(Lsun/security/ssl/HandshakeContext;)V+47 java.base@21.0.8
j  sun.security.ssl.ClientHandshakeContext.kickstart()V+9 java.base@21.0.8
j  sun.security.ssl.TransportContext.kickstart()V+234 java.base@21.0.8
j  sun.security.ssl.SSLSocketImpl.startHandshake(Z)V+108 java.base@21.0.8
j  sun.security.ssl.SSLSocketImpl.ensureNegotiated(Z)V+98 java.base@21.0.8
j  sun.security.ssl.SSLSocketImpl$AppOutputStream.write([BII)V+138 java.base@21.0.8
j  com.mongodb.internal.connection.SocketStream.write(Ljava/util/List;Lcom/mongodb/internal/connection/OperationContext;)V+46
j  com.mongodb.internal.connection.InternalStreamConnection.sendMessage(Ljava/util/List;ILcom/mongodb/internal/connection/OperationContext;)V+39
j  com.mongodb.internal.connection.InternalStreamConnection.trySendMessage(Lcom/mongodb/internal/connection/CommandMessage;Lcom/mongodb/internal/connection/ByteBufferBsonOutput;Lcom/mongodb/internal/connection/OperationContext;)V+29
j  com.mongodb.internal.connection.InternalStreamConnection.sendCommandMessage(Lcom/mongodb/internal/connection/CommandMessage;Lcom/mongodb/internal/connection/ByteBufferBsonOutput;Lcom/mongodb/internal/connection/OperationContext;)V+34
j  com.mongodb.internal.connection.InternalStreamConnection.sendAndReceiveInternal(Lcom/mongodb/internal/connection/CommandMessage;Lorg/bson/codecs/Decoder;Lcom/mongodb/internal/connection/OperationContext;)Ljava/lang/Object;+39
j  com.mongodb.internal.connection.InternalStreamConnection.lambda$sendAndReceive$0(Lcom/mongodb/internal/connection/CommandMessage;Lorg/bson/codecs/Decoder;Lcom/mongodb/internal/connection/OperationContext;)Ljava/lang/Object;+4
j  com.mongodb.internal.connection.InternalStreamConnection$$Lambda+0x0000020081a1e800.get()Ljava/lang/Object;+16
j  com.mongodb.internal.connection.InternalStreamConnection.sendAndReceive(Lcom/mongodb/internal/connection/CommandMessage;Lorg/bson/codecs/Decoder;Lcom/mongodb/internal/connection/OperationContext;)Ljava/lang/Object;+13
j  com.mongodb.internal.connection.CommandHelper.sendAndReceive(Ljava/lang/String;Lorg/bson/BsonDocument;Lcom/mongodb/connection/ClusterConnectionMode;Lcom/mongodb/ServerApi;Lcom/mongodb/internal/connection/InternalConnection;Lcom/mongodb/internal/connection/OperationContext;)Lorg/bson/BsonDocument;+20
j  com.mongodb.internal.connection.CommandHelper.executeCommand(Ljava/lang/String;Lorg/bson/BsonDocument;Lcom/mongodb/connection/ClusterConnectionMode;Lcom/mongodb/ServerApi;Lcom/mongodb/internal/connection/InternalConnection;Lcom/mongodb/internal/connection/OperationContext;)Lorg/bson/BsonDocument;+8
j  com.mongodb.internal.connection.InternalStreamConnectionInitializer.initializeConnectionDescription(Lcom/mongodb/internal/connection/InternalConnection;Lcom/mongodb/internal/connection/OperationContext;)Lcom/mongodb/internal/connection/InternalConnectionInitializationDescription;+30
j  com.mongodb.internal.connection.InternalStreamConnectionInitializer.startHandshake(Lcom/mongodb/internal/connection/InternalConnection;Lcom/mongodb/internal/connection/OperationContext;)Lcom/mongodb/internal/connection/InternalConnectionInitializationDescription;+10
j  com.mongodb.internal.connection.InternalStreamConnection.open(Lcom/mongodb/internal/connection/OperationContext;)V+65
j  com.mongodb.internal.connection.DefaultServerMonitor$RoundTripTimeMonitor.initialize()V+42
j  com.mongodb.internal.connection.DefaultServerMonitor$RoundTripTimeMonitor.run()V+18
v  ~StubRoutines::call_stub 0x00000200ee6110e7
new  187 new  [0x00000200ee629400, 0x00000200ee629608]  520 bytes
[MachCode]
  0x00000200ee629400: 4883 ec08 | c5fa 1104 | 24eb 1f48 | 83ec 10c5 | fb11 0424 | eb14 4883 | ec10 4889 | 0424 48c7 
  0x00000200ee629420: 4424 0800 | 0000 00eb | 0150 410f | b755 010f | cac1 ea10 | 488b 4de8 | 488b 4908 | 488b 4908 
  0x00000200ee629440: 488b 4108 | 807c 1004 | 070f 85d3 | 0000 0066 | 8b54 d148 | 488b 4928 | 488b 4cd1 | 0851 80b9 
  0x00000200ee629460: 3101 0000 | 040f 85b6 | 0000 008b | 5108 f6c2 | 010f 85aa | 0000 0049 | 8b87 b801 | 0000 488d 
  0x00000200ee629480: 1c10 493b | 9fc8 0100 | 000f 8792 | 0000 0049 | 899f b801 | 0000 4883 | ea10 0f84 | 0f00 0000 
  0x00000200ee6294a0: 33c9 c1ea | 0348 894c | d008 48ff | ca75 f648 | c700 0100 | 0000 5933 | f689 700c | 49ba 0000 
  0x00000200ee6294c0: 0080 0002 | 0000 492b | ca89 4808 | 49ba 57cc | b414 ff7f | 0000 4180 | 3a00 0f84 | 3c00 0000 
  0x00000200ee6294e0: 5048 8bc8 | 4883 ec20 | 40f6 c40f | 0f84 1900 | 0000 4883 | ec08 48b8 | d08d 5e14 | ff7f 0000 
  0x00000200ee629500: ffd0 4883 | c408 e90c | 0000 0048 | b8d0 8d5e | 14ff 7f00 | 00ff d048 | 83c4 2058 | e9cb 0000 
  0x00000200ee629520: 0059 488b | 55e8 488b | 5208 488b | 5208 450f | b745 0141 | 0fc8 41c1 | e810 e805 | 0000 00e9 
  0x00000200ee629540: a800 0000 | 488d 4424 | 084c 896d | c049 8bcf | c5f8 7749 | 89af a803 | 0000 4989 | 8798 0300 
  0x00000200ee629560: 0048 83ec | 2040 f6c4 | 0f0f 8419 | 0000 0048 | 83ec 0848 | b810 7228 | 14ff 7f00 | 00ff d048 
  0x00000200ee629580: 83c4 08e9 | 0c00 0000 | 48b8 1072 | 2814 ff7f | 0000 ffd0 | 4883 c420 | 49c7 8798 | 0300 0000 
  0x00000200ee6295a0: 0000 0049 | c787 a803 | 0000 0000 | 0000 49c7 | 87a0 0300 | 0000 0000 | 00c5 f877 | 4983 7f08 
  0x00000200ee6295c0: 000f 8405 | 0000 00e9 | 3479 feff | 498b 87f0 | 0300 0049 | c787 f003 | 0000 0000 | 0000 4c8b 
  0x00000200ee6295e0: 6dc0 4c8b | 75c8 4e8d | 74f5 00c3 | 410f b65d | 0349 83c5 | 0349 ba30 | 94b7 14ff | 7f00 0041 
  0x00000200ee629600: ff24 da0f | 1f44 0000 
[/MachCode]

---------------  P R O C E S S  ---------------

Threads class SMR info:
_java_thread_list=0x00000200fd3d39b0, length=41, elements={
0x00000200f6084300, 0x00000200f6085100, 0x00000200f6086aa0, 0x00000200f6088750,
0x00000200f6089290, 0x00000200f608a510, 0x00000200f60977c0, 0x00000200f61a2b20,
0x00000200f61b98f0, 0x00000200f61b9f50, 0x00000200fb9d5180, 0x00000200f6842970,
0x00000200fb26d970, 0x00000200fb26dfd0, 0x00000200f6723bd0, 0x00000200fca1fc40,
0x00000200fb00ce60, 0x00000200fcc685e0, 0x00000200fcc66ba0, 0x00000200fcc68c70,
0x00000200fcc67230, 0x00000200fcc678c0, 0x00000200fcc657f0, 0x00000200fcc66510,
0x00000200fcc67f50, 0x00000200fcc65e80, 0x00000200fd39a180, 0x00000200fd39a810,
0x00000200fd399af0, 0x00000200fd39f040, 0x00000200fd39e9b0, 0x00000200fd39c250,
0x00000200fd39b530, 0x00000200fd39cf70, 0x00000200fd39c8e0, 0x00000200fd39d600,
0x00000200fd3980b0, 0x00000200fd39e320, 0x00000200fd39f6d0, 0x00000200fd39dc90,
0x00000200fd398dd0
}

Java Threads: ( => current thread )
  0x00000200f6084300 JavaThread "Reference Handler"          daemon [_thread_blocked, id=16628, stack(0x000000843f900000,0x000000843fa00000) (1024K)]
  0x00000200f6085100 JavaThread "Finalizer"                  daemon [_thread_blocked, id=20956, stack(0x000000843fa00000,0x000000843fb00000) (1024K)]
  0x00000200f6086aa0 JavaThread "Signal Dispatcher"          daemon [_thread_blocked, id=21684, stack(0x000000843fb00000,0x000000843fc00000) (1024K)]
  0x00000200f6088750 JavaThread "Attach Listener"            daemon [_thread_blocked, id=20680, stack(0x000000843fc00000,0x000000843fd00000) (1024K)]
  0x00000200f6089290 JavaThread "Service Thread"             daemon [_thread_blocked, id=9948, stack(0x000000843fd00000,0x000000843fe00000) (1024K)]
  0x00000200f608a510 JavaThread "Monitor Deflation Thread"   daemon [_thread_blocked, id=8996, stack(0x000000843fe00000,0x000000843ff00000) (1024K)]
  0x00000200f60977c0 JavaThread "C1 CompilerThread0"         daemon [_thread_blocked, id=3016, stack(0x000000843ff00000,0x0000008440000000) (1024K)]
  0x00000200f61a2b20 JavaThread "C1 CompilerThread1"         daemon [_thread_blocked, id=9872, stack(0x0000008440000000,0x0000008440100000) (1024K)]
  0x00000200f61b98f0 JavaThread "Notification Thread"        daemon [_thread_blocked, id=20544, stack(0x0000008440100000,0x0000008440200000) (1024K)]
  0x00000200f61b9f50 JavaThread "Common-Cleaner"             daemon [_thread_blocked, id=14372, stack(0x0000008440200000,0x0000008440300000) (1024K)]
  0x00000200fb9d5180 JavaThread "mysql-cj-abandoned-connection-cleanup" daemon [_thread_blocked, id=2112, stack(0x0000008440600000,0x0000008440700000) (1024K)]
  0x00000200f6842970 JavaThread "HikariPool-1:housekeeper"   daemon [_thread_blocked, id=22112, stack(0x0000008440900000,0x0000008440a00000) (1024K)]
  0x00000200fb26d970 JavaThread "Catalina-utility-1"                [_thread_blocked, id=1124, stack(0x0000008440b00000,0x0000008440c00000) (1024K)]
  0x00000200fb26dfd0 JavaThread "Catalina-utility-2"                [_thread_blocked, id=20804, stack(0x0000008440c00000,0x0000008440d00000) (1024K)]
  0x00000200f6723bd0 JavaThread "container-0"                       [_thread_blocked, id=19528, stack(0x0000008440d00000,0x0000008440e00000) (1024K)]
  0x00000200fca1fc40 JavaThread "Jndi-Dns-address-change-listener" daemon [_thread_in_native, id=21084, stack(0x0000008440e00000,0x0000008440f00000) (1024K)]
  0x00000200fb00ce60 JavaThread "BufferPoolPruner-1-thread-1" daemon [_thread_blocked, id=10596, stack(0x0000008440700000,0x0000008440800000) (1024K)]
  0x00000200fcc685e0 JavaThread "cluster-ClusterId{value='68f8f8cf70a43aa95752d0f3', description='Cluster0'}-srv-cluster0.pbcbknd.mongodb.net" daemon [_thread_blocked, id=16712, stack(0x0000008440f00000,0x0000008441000000) (1024K)]
  0x00000200fcc66ba0 JavaThread "cluster-ClusterId{value='68f8f8cf70a43aa95752d0f3', description='Cluster0'}-ac-kj8urrr-shard-00-00.pbcbknd.mongodb.net:27017" daemon [_thread_in_native, id=21320, stack(0x0000008440a00000,0x0000008440b00000) (1024K)]
  0x00000200fcc68c70 JavaThread "cluster-ClusterId{value='68f8f8cf70a43aa95752d0f3', description='Cluster0'}-ac-kj8urrr-shard-00-02.pbcbknd.mongodb.net:27017" daemon [_thread_in_native, id=7716, stack(0x0000008441000000,0x0000008441100000) (1024K)]
  0x00000200fcc67230 JavaThread "cluster-ClusterId{value='68f8f8cf70a43aa95752d0f3', description='Cluster0'}-ac-kj8urrr-shard-00-01.pbcbknd.mongodb.net:27017" daemon [_thread_in_native, id=11812, stack(0x0000008441100000,0x0000008441200000) (1024K)]
  0x00000200fcc678c0 JavaThread "http-nio-8080-exec-1"       daemon [_thread_blocked, id=21980, stack(0x0000008441200000,0x0000008441300000) (1024K)]
  0x00000200fcc657f0 JavaThread "http-nio-8080-exec-2"       daemon [_thread_blocked, id=9084, stack(0x0000008441300000,0x0000008441400000) (1024K)]
  0x00000200fcc66510 JavaThread "http-nio-8080-exec-3"       daemon [_thread_blocked, id=20260, stack(0x0000008441400000,0x0000008441500000) (1024K)]
  0x00000200fcc67f50 JavaThread "http-nio-8080-exec-4"       daemon [_thread_blocked, id=4036, stack(0x0000008441500000,0x0000008441600000) (1024K)]
  0x00000200fcc65e80 JavaThread "http-nio-8080-exec-5"       daemon [_thread_blocked, id=17084, stack(0x0000008441600000,0x0000008441700000) (1024K)]
  0x00000200fd39a180 JavaThread "http-nio-8080-exec-6"       daemon [_thread_blocked, id=20644, stack(0x0000008441700000,0x0000008441800000) (1024K)]
  0x00000200fd39a810 JavaThread "http-nio-8080-exec-7"       daemon [_thread_blocked, id=8064, stack(0x0000008441800000,0x0000008441900000) (1024K)]
  0x00000200fd399af0 JavaThread "http-nio-8080-exec-8"       daemon [_thread_blocked, id=21736, stack(0x0000008441900000,0x0000008441a00000) (1024K)]
  0x00000200fd39f040 JavaThread "http-nio-8080-exec-9"       daemon [_thread_blocked, id=18956, stack(0x0000008441a00000,0x0000008441b00000) (1024K)]
  0x00000200fd39e9b0 JavaThread "http-nio-8080-exec-10"      daemon [_thread_blocked, id=18868, stack(0x0000008441b00000,0x0000008441c00000) (1024K)]
  0x00000200fd39c250 JavaThread "http-nio-8080-Poller"       daemon [_thread_in_native, id=5692, stack(0x0000008441c00000,0x0000008441d00000) (1024K)]
  0x00000200fd39b530 JavaThread "http-nio-8080-Acceptor"     daemon [_thread_in_native, id=11872, stack(0x0000008441d00000,0x0000008441e00000) (1024K)]
  0x00000200fd39cf70 JavaThread "scheduling-1"                      [_thread_blocked, id=20708, stack(0x0000008441e00000,0x0000008441f00000) (1024K)]
  0x00000200fd39c8e0 JavaThread "DestroyJavaVM"                     [_thread_blocked, id=7232, stack(0x000000843f100000,0x000000843f200000) (1024K)]
  0x00000200fd39d600 JavaThread "cluster-rtt-ClusterId{value='68f8f8cf70a43aa95752d0f3', description='Cluster0'}-ac-kj8urrr-shard-00-00.pbcbknd.mongodb.net:27017" daemon [_thread_in_vm, id=16988, stack(0x0000008441f00000,0x0000008442000000) (1024K)]
=>0x00000200fd3980b0 JavaThread "cluster-rtt-ClusterId{value='68f8f8cf70a43aa95752d0f3', description='Cluster0'}-ac-kj8urrr-shard-00-02.pbcbknd.mongodb.net:27017" daemon [_thread_in_vm, id=10456, stack(0x0000008442000000,0x0000008442100000) (1024K)]
  0x00000200fd39e320 JavaThread "MaintenanceTimer-3-thread-1" daemon [_thread_blocked, id=21124, stack(0x0000008442100000,0x0000008442200000) (1024K)]
  0x00000200fd39f6d0 JavaThread "MaintenanceTimer-2-thread-1" daemon [_thread_blocked, id=20876, stack(0x0000008442200000,0x0000008442300000) (1024K)]
  0x00000200fd39dc90 JavaThread "cluster-rtt-ClusterId{value='68f8f8cf70a43aa95752d0f3', description='Cluster0'}-ac-kj8urrr-shard-00-01.pbcbknd.mongodb.net:27017" daemon [_thread_blocked, id=7892, stack(0x0000008442300000,0x0000008442400000) (1024K)]
  0x00000200fd398dd0 JavaThread "MaintenanceTimer-4-thread-1" daemon [_thread_blocked, id=21432, stack(0x0000008442400000,0x0000008442500000) (1024K)]
Total: 41

Other Threads:
  0x00000200e3c1dac0 VMThread "VM Thread"                           [id=14896, stack(0x000000843f800000,0x000000843f900000) (1024K)]
  0x00000200f6056410 WatcherThread "VM Periodic Task Thread"        [id=14208, stack(0x000000843f700000,0x000000843f800000) (1024K)]
  0x00000200e3c1de60 WorkerThread "GC Thread#0"                     [id=22216, stack(0x000000843f200000,0x000000843f300000) (1024K)]
  0x00000200e3c1e200 WorkerThread "GC Thread#1"                     [id=6804, stack(0x0000008440300000,0x0000008440400000) (1024K)]
  0x00000200e3c1e5a0 WorkerThread "GC Thread#2"                     [id=19616, stack(0x0000008440400000,0x0000008440500000) (1024K)]
  0x00000200e3c1e940 WorkerThread "GC Thread#3"                     [id=17944, stack(0x0000008440500000,0x0000008440600000) (1024K)]
  0x00000200e5f82d10 ConcurrentGCThread "G1 Main Marker"            [id=21820, stack(0x000000843f300000,0x000000843f400000) (1024K)]
  0x00000200e3c1d720 WorkerThread "G1 Conc#0"                       [id=15576, stack(0x000000843f400000,0x000000843f500000) (1024K)]
  0x00000200e5fceb80 ConcurrentGCThread "G1 Refine#0"               [id=19444, stack(0x000000843f500000,0x000000843f600000) (1024K)]
  0x00000200f5f21990 ConcurrentGCThread "G1 Service"                [id=14692, stack(0x000000843f600000,0x000000843f700000) (1024K)]
Total: 10

Threads with active compile tasks:
Total: 0

VM state: not at safepoint (normal execution)

VM Mutex/Monitor currently owned by a thread:  ([mutex/lock_event])
[0x00007fff14b63458] Metaspace_lock - owner thread: 0x00000200fd3980b0

Heap address: 0x0000000084400000, size: 1980 MB, Compressed Oops mode: 32-bit

CDS archive(s) mapped at: [0x0000020080000000-0x0000020080c80000-0x0000020080c80000), size 13107200, SharedBaseAddress: 0x0000020080000000, ArchiveRelocationMode: 1.
Compressed class space mapped at: 0x0000020081000000-0x00000200c1000000, reserved size: 1073741824
Narrow klass base: 0x0000020080000000, Narrow klass shift: 0, Narrow klass range: 0x100000000

GC Precious Log:
 CardTable entry size: 512
 Card Set container configuration: InlinePtr #cards 5 size 8 Array Of Cards #cards 12 size 40 Howl #buckets 4 coarsen threshold 1843 Howl Bitmap #cards 512 size 80 coarsen threshold 460 Card regions per heap region 1 cards per card region 2048
 CPUs: 4 total, 4 available
 Memory: 7914M
 Large Page Support: Disabled
 NUMA Support: Disabled
 Compressed Oops: Enabled (32-bit)
 Heap Region Size: 1M
 Heap Min Capacity: 8M
 Heap Initial Capacity: 124M
 Heap Max Capacity: 1980M
 Pre-touch: Disabled
 Parallel Workers: 4
 Concurrent Workers: 1
 Concurrent Refinement Workers: 4
 Periodic GC: Disabled

Heap:
 garbage-first heap   total 66560K, used 41954K [0x0000000084400000, 0x0000000100000000)
  region size 1024K, 11 young (11264K), 4 survivors (4096K)
 Metaspace       used 72972K, committed 73728K, reserved 1114112K
  class space    used 10499K, committed 10816K, reserved 1048576K

Heap Regions: E=young(eden), S=young(survivor), O=old, HS=humongous(starts), HC=humongous(continues), CS=collection set, F=free, TAMS=top-at-mark-start, PB=parsable bottom
|   0|0x0000000084400000, 0x0000000084500000, 0x0000000084500000|100%|HS|  |TAMS 0x0000000084400000| PB 0x0000000084400000| Complete 
|   1|0x0000000084500000, 0x0000000084600000, 0x0000000084600000|100%|HS|  |TAMS 0x0000000084500000| PB 0x0000000084500000| Complete 
|   2|0x0000000084600000, 0x0000000084700000, 0x0000000084700000|100%| O|  |TAMS 0x0000000084600000| PB 0x0000000084600000| Untracked 
|   3|0x0000000084700000, 0x0000000084800000, 0x0000000084800000|100%| O|  |TAMS 0x0000000084700000| PB 0x0000000084700000| Untracked 
|   4|0x0000000084800000, 0x0000000084900000, 0x0000000084900000|100%| O|  |TAMS 0x0000000084800000| PB 0x0000000084800000| Untracked 
|   5|0x0000000084900000, 0x0000000084a00000, 0x0000000084a00000|100%| O|  |TAMS 0x0000000084900000| PB 0x0000000084900000| Untracked 
|   6|0x0000000084a00000, 0x0000000084b00000, 0x0000000084b00000|100%| O|  |TAMS 0x0000000084a00000| PB 0x0000000084a00000| Untracked 
|   7|0x0000000084b00000, 0x0000000084c00000, 0x0000000084c00000|100%| O|  |TAMS 0x0000000084b00000| PB 0x0000000084b00000| Untracked 
|   8|0x0000000084c00000, 0x0000000084d00000, 0x0000000084d00000|100%| O|  |TAMS 0x0000000084c00000| PB 0x0000000084c00000| Untracked 
|   9|0x0000000084d00000, 0x0000000084e00000, 0x0000000084e00000|100%| O|  |TAMS 0x0000000084d00000| PB 0x0000000084d00000| Untracked 
|  10|0x0000000084e00000, 0x0000000084f00000, 0x0000000084f00000|100%| O|  |TAMS 0x0000000084e00000| PB 0x0000000084e00000| Untracked 
|  11|0x0000000084f00000, 0x0000000085000000, 0x0000000085000000|100%| O|  |TAMS 0x0000000084f00000| PB 0x0000000084f00000| Untracked 
|  12|0x0000000085000000, 0x0000000085100000, 0x0000000085100000|100%| O|  |TAMS 0x0000000085000000| PB 0x0000000085000000| Untracked 
|  13|0x0000000085100000, 0x0000000085200000, 0x0000000085200000|100%| O|  |TAMS 0x0000000085100000| PB 0x0000000085100000| Untracked 
|  14|0x0000000085200000, 0x0000000085300000, 0x0000000085300000|100%| O|  |TAMS 0x0000000085200000| PB 0x0000000085200000| Untracked 
|  15|0x0000000085300000, 0x0000000085400000, 0x0000000085400000|100%| O|  |TAMS 0x0000000085300000| PB 0x0000000085300000| Untracked 
|  16|0x0000000085400000, 0x0000000085500000, 0x0000000085500000|100%| O|  |TAMS 0x0000000085400000| PB 0x0000000085400000| Untracked 
|  17|0x0000000085500000, 0x0000000085600000, 0x0000000085600000|100%| O|  |TAMS 0x0000000085500000| PB 0x0000000085500000| Untracked 
|  18|0x0000000085600000, 0x0000000085700000, 0x0000000085700000|100%| O|  |TAMS 0x0000000085600000| PB 0x0000000085600000| Untracked 
|  19|0x0000000085700000, 0x0000000085800000, 0x0000000085800000|100%| O|Cm|TAMS 0x0000000085700000| PB 0x0000000085700000| Complete 
|  20|0x0000000085800000, 0x0000000085900000, 0x0000000085900000|100%| O|  |TAMS 0x0000000085800000| PB 0x0000000085800000| Untracked 
|  21|0x0000000085900000, 0x0000000085a00000, 0x0000000085a00000|100%| O|  |TAMS 0x0000000085900000| PB 0x0000000085900000| Untracked 
|  22|0x0000000085a00000, 0x0000000085b00000, 0x0000000085b00000|100%| O|  |TAMS 0x0000000085a00000| PB 0x0000000085a00000| Untracked 
|  23|0x0000000085b00000, 0x0000000085c00000, 0x0000000085c00000|100%| O|  |TAMS 0x0000000085b00000| PB 0x0000000085b00000| Untracked 
|  24|0x0000000085c00000, 0x0000000085d00000, 0x0000000085d00000|100%| O|  |TAMS 0x0000000085c00000| PB 0x0000000085c00000| Untracked 
|  25|0x0000000085d00000, 0x0000000085e00000, 0x0000000085e00000|100%| O|  |TAMS 0x0000000085d00000| PB 0x0000000085d00000| Untracked 
|  26|0x0000000085e00000, 0x0000000085f00000, 0x0000000085f00000|100%| O|  |TAMS 0x0000000085e00000| PB 0x0000000085e00000| Untracked 
|  27|0x0000000085f00000, 0x0000000086000000, 0x0000000086000000|100%| O|  |TAMS 0x0000000085f00000| PB 0x0000000085f00000| Untracked 
|  28|0x0000000086000000, 0x0000000086100000, 0x0000000086100000|100%| O|  |TAMS 0x0000000086000000| PB 0x0000000086000000| Untracked 
|  29|0x0000000086100000, 0x0000000086100000, 0x0000000086200000|  0%| F|  |TAMS 0x0000000086100000| PB 0x0000000086100000| Untracked 
|  30|0x0000000086200000, 0x0000000086200000, 0x0000000086300000|  0%| F|  |TAMS 0x0000000086200000| PB 0x0000000086200000| Untracked 
|  31|0x0000000086300000, 0x0000000086300000, 0x0000000086400000|  0%| F|  |TAMS 0x0000000086300000| PB 0x0000000086300000| Untracked 
|  32|0x0000000086400000, 0x0000000086500000, 0x0000000086500000|100%| O|  |TAMS 0x0000000086400000| PB 0x0000000086400000| Untracked 
|  33|0x0000000086500000, 0x0000000086600000, 0x0000000086600000|100%| O|  |TAMS 0x0000000086500000| PB 0x0000000086500000| Untracked 
|  34|0x0000000086600000, 0x0000000086700000, 0x0000000086700000|100%| O|Cm|TAMS 0x0000000086600000| PB 0x0000000086600000| Complete 
|  35|0x0000000086700000, 0x0000000086700000, 0x0000000086800000|  0%| F|  |TAMS 0x0000000086700000| PB 0x0000000086700000| Untracked 
|  36|0x0000000086800000, 0x00000000868cc9a8, 0x0000000086900000| 79%| O|  |TAMS 0x0000000086800000| PB 0x0000000086800000| Untracked 
|  37|0x0000000086900000, 0x000000008692bf10, 0x0000000086a00000| 17%| S|CS|TAMS 0x0000000086900000| PB 0x0000000086900000| Complete 
|  38|0x0000000086a00000, 0x0000000086b00000, 0x0000000086b00000|100%| S|CS|TAMS 0x0000000086a00000| PB 0x0000000086a00000| Complete 
|  39|0x0000000086b00000, 0x0000000086c00000, 0x0000000086c00000|100%| S|CS|TAMS 0x0000000086b00000| PB 0x0000000086b00000| Complete 
|  40|0x0000000086c00000, 0x0000000086d00000, 0x0000000086d00000|100%| S|CS|TAMS 0x0000000086c00000| PB 0x0000000086c00000| Complete 
|  41|0x0000000086d00000, 0x0000000086d00000, 0x0000000086e00000|  0%| F|  |TAMS 0x0000000086d00000| PB 0x0000000086d00000| Untracked 
|  42|0x0000000086e00000, 0x0000000086e00000, 0x0000000086f00000|  0%| F|  |TAMS 0x0000000086e00000| PB 0x0000000086e00000| Untracked 
|  43|0x0000000086f00000, 0x0000000086f00000, 0x0000000087000000|  0%| F|  |TAMS 0x0000000086f00000| PB 0x0000000086f00000| Untracked 
|  44|0x0000000087000000, 0x0000000087000000, 0x0000000087100000|  0%| F|  |TAMS 0x0000000087000000| PB 0x0000000087000000| Untracked 
|  45|0x0000000087100000, 0x0000000087100000, 0x0000000087200000|  0%| F|  |TAMS 0x0000000087100000| PB 0x0000000087100000| Untracked 
|  46|0x0000000087200000, 0x0000000087200000, 0x0000000087300000|  0%| F|  |TAMS 0x0000000087200000| PB 0x0000000087200000| Untracked 
|  47|0x0000000087300000, 0x0000000087300000, 0x0000000087400000|  0%| F|  |TAMS 0x0000000087300000| PB 0x0000000087300000| Untracked 
|  48|0x0000000087400000, 0x0000000087400000, 0x0000000087500000|  0%| F|  |TAMS 0x0000000087400000| PB 0x0000000087400000| Untracked 
|  49|0x0000000087500000, 0x0000000087500000, 0x0000000087600000|  0%| F|  |TAMS 0x0000000087500000| PB 0x0000000087500000| Untracked 
|  50|0x0000000087600000, 0x0000000087600000, 0x0000000087700000|  0%| F|  |TAMS 0x0000000087600000| PB 0x0000000087600000| Untracked 
|  51|0x0000000087700000, 0x0000000087700000, 0x0000000087800000|  0%| F|  |TAMS 0x0000000087700000| PB 0x0000000087700000| Untracked 
|  52|0x0000000087800000, 0x0000000087800000, 0x0000000087900000|  0%| F|  |TAMS 0x0000000087800000| PB 0x0000000087800000| Untracked 
|  53|0x0000000087900000, 0x0000000087900000, 0x0000000087a00000|  0%| F|  |TAMS 0x0000000087900000| PB 0x0000000087900000| Untracked 
|  54|0x0000000087a00000, 0x0000000087a00000, 0x0000000087b00000|  0%| F|  |TAMS 0x0000000087a00000| PB 0x0000000087a00000| Untracked 
|  55|0x0000000087b00000, 0x0000000087b00000, 0x0000000087c00000|  0%| F|  |TAMS 0x0000000087b00000| PB 0x0000000087b00000| Untracked 
|  68|0x0000000088800000, 0x0000000088800000, 0x0000000088900000|  0%| F|  |TAMS 0x0000000088800000| PB 0x0000000088800000| Untracked 
|  69|0x0000000088900000, 0x0000000088900000, 0x0000000088a00000|  0%| F|  |TAMS 0x0000000088900000| PB 0x0000000088900000| Untracked 
|  70|0x0000000088a00000, 0x0000000088a68900, 0x0000000088b00000| 40%| E|  |TAMS 0x0000000088a00000| PB 0x0000000088a00000| Complete 
|  71|0x0000000088b00000, 0x0000000088c00000, 0x0000000088c00000|100%| E|CS|TAMS 0x0000000088b00000| PB 0x0000000088b00000| Complete 
|  72|0x0000000088c00000, 0x0000000088d00000, 0x0000000088d00000|100%| E|CS|TAMS 0x0000000088c00000| PB 0x0000000088c00000| Complete 
|  73|0x0000000088d00000, 0x0000000088e00000, 0x0000000088e00000|100%| E|CS|TAMS 0x0000000088d00000| PB 0x0000000088d00000| Complete 
|  74|0x0000000088e00000, 0x0000000088f00000, 0x0000000088f00000|100%| E|CS|TAMS 0x0000000088e00000| PB 0x0000000088e00000| Complete 
|  75|0x0000000088f00000, 0x0000000089000000, 0x0000000089000000|100%| E|  |TAMS 0x0000000088f00000| PB 0x0000000088f00000| Complete 
| 123|0x000000008bf00000, 0x000000008c000000, 0x000000008c000000|100%| E|CS|TAMS 0x000000008bf00000| PB 0x000000008bf00000| Complete 

Card table byte_map: [0x00000200f19f0000,0x00000200f1dd0000] _byte_map_base: 0x00000200f15ce000

Marking Bits: (CMBitMap*) 0x00000200e5f71af0
 Bits: [0x00000200f1dd0000, 0x00000200f3cc0000)

Polling page: 0x00000200e3dc0000

Metaspace:

Usage:
  Non-class:     61.01 MB used.
      Class:     10.25 MB used.
       Both:     71.26 MB used.

Virtual space:
  Non-class space:       64.00 MB reserved,      61.44 MB ( 96%) committed,  1 nodes.
      Class space:        1.00 GB reserved,      10.56 MB (  1%) committed,  1 nodes.
             Both:        1.06 GB reserved,      72.00 MB (  7%) committed. 

Chunk freelists:
   Non-Class:  2.17 MB
       Class:  5.45 MB
        Both:  7.62 MB

MaxMetaspaceSize: unlimited
CompressedClassSpaceSize: 1.00 GB
Initial GC threshold: 21.00 MB
Current GC threshold: 119.00 MB
CDS: on
 - commit_granule_bytes: 65536.
 - commit_granule_words: 8192.
 - virtual_space_node_default_size: 8388608.
 - enlarge_chunks_in_place: 1.
 - use_allocation_guard: 0.


Internal statistics:

num_allocs_failed_limit: 9.
num_arena_births: 1072.
num_arena_deaths: 0.
num_vsnodes_births: 2.
num_vsnodes_deaths: 0.
num_space_committed: 1152.
num_space_uncommitted: 0.
num_chunks_returned_to_freelist: 9.
num_chunks_taken_from_freelist: 3681.
num_chunk_merges: 9.
num_chunk_splits: 2652.
num_chunks_enlarged: 2054.
num_inconsistent_stats: 0.

CodeCache: size=49152Kb used=12086Kb max_used=12086Kb free=37066Kb
 bounds [0x00000200ee610000, 0x00000200ef1e0000, 0x00000200f1610000]
 total_blobs=7055, nmethods=6298, adapters=679, full_count=0
Compilation: enabled, stopped_count=0, restarted_count=0

Compilation events (20 events):
Event: 16.234 Thread 0x00000200f61a2b20 6375       1       com.mongodb.internal.connection.ByteBufferBsonOutput::getCurrentByteBuffer (63 bytes)
Event: 16.234 Thread 0x00000200f60977c0 6376       1       org.bson.ByteBufNIO::hasRemaining (8 bytes)
Event: 16.234 Thread 0x00000200f60977c0 nmethod 6376 0x00000200ef1d9490 code [0x00000200ef1d9620, 0x00000200ef1d9708]
Event: 16.234 Thread 0x00000200f61a2b20 nmethod 6375 0x00000200ef1d9790 code [0x00000200ef1d9960, 0x00000200ef1d9bd8]
Event: 16.234 Thread 0x00000200f61a2b20 6377       1       java.nio.HeapByteBuffer::isDirect (2 bytes)
Event: 16.234 Thread 0x00000200f61a2b20 nmethod 6377 0x00000200ef1d9d10 code [0x00000200ef1d9ea0, 0x00000200ef1d9f68]
Event: 16.408 Thread 0x00000200f61a2b20 6378       1       com.mongodb.internal.connection.ByteBufferBsonOutput$BufferPositionPair::access$200 (5 bytes)
Event: 16.408 Thread 0x00000200f61a2b20 nmethod 6378 0x00000200ef1da010 code [0x00000200ef1da1a0, 0x00000200ef1da250]
Event: 16.408 Thread 0x00000200f60977c0 6379       1       java.util.EnumMap::get (29 bytes)
Event: 16.408 Thread 0x00000200f61a2b20 6380       1       java.util.EnumMap::isValidKey (36 bytes)
Event: 16.408 Thread 0x00000200f61a2b20 nmethod 6380 0x00000200ef1da310 code [0x00000200ef1da4c0, 0x00000200ef1da630]
Event: 16.408 Thread 0x00000200f60977c0 nmethod 6379 0x00000200ef1da710 code [0x00000200ef1da8c0, 0x00000200ef1daa88]
Event: 16.408 Thread 0x00000200f60977c0 6381       1       java.util.LinkedList::contains (14 bytes)
Event: 16.409 Thread 0x00000200f60977c0 nmethod 6381 0x00000200ef1dab90 code [0x00000200ef1dad40, 0x00000200ef1dae38]
Event: 16.409 Thread 0x00000200f60977c0 6382       1       sun.security.ssl.Record::putInt16 (31 bytes)
Event: 16.409 Thread 0x00000200f61a2b20 6383       1       sun.security.ssl.SSLConfiguration::isAvailable (78 bytes)
Event: 16.409 Thread 0x00000200f60977c0 nmethod 6382 0x00000200ef1daf10 code [0x00000200ef1db0e0, 0x00000200ef1db2f8]
Event: 16.409 Thread 0x00000200f61a2b20 nmethod 6383 0x00000200ef1db410 code [0x00000200ef1db620, 0x00000200ef1db9a0]
Event: 16.409 Thread 0x00000200f60977c0 6384       1       sun.security.jca.GetInstance::getServices (11 bytes)
Event: 16.409 Thread 0x00000200f60977c0 nmethod 6384 0x00000200ef1dbb90 code [0x00000200ef1dbd60, 0x00000200ef1dbf80]

GC Heap History (20 events):
Event: 5.246 GC heap before
{Heap before GC invocations=7 (full 0):
 garbage-first heap   total 55296K, used 44163K [0x0000000084400000, 0x0000000100000000)
  region size 1024K, 27 young (27648K), 3 survivors (3072K)
 Metaspace       used 33239K, committed 33728K, reserved 1114112K
  class space    used 4707K, committed 4928K, reserved 1048576K
}
Event: 5.252 GC heap after
{Heap after GC invocations=8 (full 0):
 garbage-first heap   total 55296K, used 21913K [0x0000000084400000, 0x0000000100000000)
  region size 1024K, 2 young (2048K), 2 survivors (2048K)
 Metaspace       used 33239K, committed 33728K, reserved 1114112K
  class space    used 4707K, committed 4928K, reserved 1048576K
}
Event: 5.283 GC heap before
{Heap before GC invocations=8 (full 0):
 garbage-first heap   total 55296K, used 23961K [0x0000000084400000, 0x0000000100000000)
  region size 1024K, 5 young (5120K), 2 survivors (2048K)
 Metaspace       used 33739K, committed 34240K, reserved 1114112K
  class space    used 4802K, committed 5056K, reserved 1048576K
}
Event: 5.286 GC heap after
{Heap after GC invocations=9 (full 0):
 garbage-first heap   total 66560K, used 21899K [0x0000000084400000, 0x0000000100000000)
  region size 1024K, 2 young (2048K), 2 survivors (2048K)
 Metaspace       used 33739K, committed 34240K, reserved 1114112K
  class space    used 4802K, committed 5056K, reserved 1048576K
}
Event: 7.116 GC heap before
{Heap before GC invocations=10 (full 0):
 garbage-first heap   total 66560K, used 55691K [0x0000000084400000, 0x0000000100000000)
  region size 1024K, 36 young (36864K), 2 survivors (2048K)
 Metaspace       used 42122K, committed 42688K, reserved 1114112K
  class space    used 5980K, committed 6208K, reserved 1048576K
}
Event: 7.124 GC heap after
{Heap after GC invocations=11 (full 0):
 garbage-first heap   total 66560K, used 25059K [0x0000000084400000, 0x0000000100000000)
  region size 1024K, 5 young (5120K), 5 survivors (5120K)
 Metaspace       used 42122K, committed 42688K, reserved 1114112K
  class space    used 5980K, committed 6208K, reserved 1048576K
}
Event: 7.964 GC heap before
{Heap before GC invocations=11 (full 0):
 garbage-first heap   total 66560K, used 56803K [0x0000000084400000, 0x0000000100000000)
  region size 1024K, 36 young (36864K), 5 survivors (5120K)
 Metaspace       used 50291K, committed 50880K, reserved 1114112K
  class space    used 7221K, committed 7424K, reserved 1048576K
}
Event: 7.974 GC heap after
{Heap after GC invocations=12 (full 0):
 garbage-first heap   total 66560K, used 26183K [0x0000000084400000, 0x0000000100000000)
  region size 1024K, 2 young (2048K), 2 survivors (2048K)
 Metaspace       used 50291K, committed 50880K, reserved 1114112K
  class space    used 7221K, committed 7424K, reserved 1048576K
}
Event: 8.925 GC heap before
{Heap before GC invocations=12 (full 0):
 garbage-first heap   total 66560K, used 57927K [0x0000000084400000, 0x0000000100000000)
  region size 1024K, 33 young (33792K), 2 survivors (2048K)
 Metaspace       used 56481K, committed 57088K, reserved 1114112K
  class space    used 8105K, committed 8384K, reserved 1048576K
}
Event: 8.930 GC heap after
{Heap after GC invocations=13 (full 0):
 garbage-first heap   total 66560K, used 27344K [0x0000000084400000, 0x0000000100000000)
  region size 1024K, 3 young (3072K), 3 survivors (3072K)
 Metaspace       used 56481K, committed 57088K, reserved 1114112K
  class space    used 8105K, committed 8384K, reserved 1048576K
}
Event: 8.970 GC heap before
{Heap before GC invocations=13 (full 0):
 garbage-first heap   total 66560K, used 29392K [0x0000000084400000, 0x0000000100000000)
  region size 1024K, 6 young (6144K), 3 survivors (3072K)
 Metaspace       used 57004K, committed 57600K, reserved 1114112K
  class space    used 8166K, committed 8448K, reserved 1048576K
}
Event: 8.976 GC heap after
{Heap after GC invocations=14 (full 0):
 garbage-first heap   total 66560K, used 27893K [0x0000000084400000, 0x0000000100000000)
  region size 1024K, 3 young (3072K), 3 survivors (3072K)
 Metaspace       used 57004K, committed 57600K, reserved 1114112K
  class space    used 8166K, committed 8448K, reserved 1048576K
}
Event: 9.757 GC heap before
{Heap before GC invocations=15 (full 0):
 garbage-first heap   total 66560K, used 58613K [0x0000000084400000, 0x0000000100000000)
  region size 1024K, 33 young (33792K), 3 survivors (3072K)
 Metaspace       used 59417K, committed 60096K, reserved 1114112K
  class space    used 8601K, committed 8896K, reserved 1048576K
}
Event: 9.761 GC heap after
{Heap after GC invocations=16 (full 0):
 garbage-first heap   total 66560K, used 29793K [0x0000000084400000, 0x0000000100000000)
  region size 1024K, 5 young (5120K), 5 survivors (5120K)
 Metaspace       used 59417K, committed 60096K, reserved 1114112K
  class space    used 8601K, committed 8896K, reserved 1048576K
}
Event: 10.308 GC heap before
{Heap before GC invocations=16 (full 0):
 garbage-first heap   total 66560K, used 56417K [0x0000000084400000, 0x0000000100000000)
  region size 1024K, 31 young (31744K), 5 survivors (5120K)
 Metaspace       used 61545K, committed 62208K, reserved 1114112K
  class space    used 8945K, committed 9216K, reserved 1048576K
}
Event: 10.314 GC heap after
{Heap after GC invocations=17 (full 0):
 garbage-first heap   total 66560K, used 31575K [0x0000000084400000, 0x0000000100000000)
  region size 1024K, 3 young (3072K), 3 survivors (3072K)
 Metaspace       used 61545K, committed 62208K, reserved 1114112K
  class space    used 8945K, committed 9216K, reserved 1048576K
}
Event: 12.962 GC heap before
{Heap before GC invocations=17 (full 0):
 garbage-first heap   total 66560K, used 58199K [0x0000000084400000, 0x0000000100000000)
  region size 1024K, 29 young (29696K), 3 survivors (3072K)
 Metaspace       used 67443K, committed 68096K, reserved 1114112K
  class space    used 9763K, committed 10048K, reserved 1048576K
}
Event: 12.969 GC heap after
{Heap after GC invocations=18 (full 0):
 garbage-first heap   total 66560K, used 33603K [0x0000000084400000, 0x0000000100000000)
  region size 1024K, 4 young (4096K), 4 survivors (4096K)
 Metaspace       used 67443K, committed 68096K, reserved 1114112K
  class space    used 9763K, committed 10048K, reserved 1048576K
}
Event: 14.725 GC heap before
{Heap before GC invocations=18 (full 0):
 garbage-first heap   total 66560K, used 57155K [0x0000000084400000, 0x0000000100000000)
  region size 1024K, 28 young (28672K), 4 survivors (4096K)
 Metaspace       used 72151K, committed 72960K, reserved 1114112K
  class space    used 10376K, committed 10752K, reserved 1048576K
}
Event: 14.731 GC heap after
{Heap after GC invocations=19 (full 0):
 garbage-first heap   total 66560K, used 36834K [0x0000000084400000, 0x0000000100000000)
  region size 1024K, 4 young (4096K), 4 survivors (4096K)
 Metaspace       used 72151K, committed 72960K, reserved 1114112K
  class space    used 10376K, committed 10752K, reserved 1048576K
}

Dll operation events (10 events):
Event: 0.006 Loaded shared library C:\Users\User\AppData\Local\Programs\Eclipse Adoptium\jdk-21.0.8.9-hotspot\bin\java.dll
Event: 0.067 Loaded shared library C:\Users\User\AppData\Local\Programs\Eclipse Adoptium\jdk-21.0.8.9-hotspot\bin\net.dll
Event: 0.070 Loaded shared library C:\Users\User\AppData\Local\Programs\Eclipse Adoptium\jdk-21.0.8.9-hotspot\bin\nio.dll
Event: 0.074 Loaded shared library C:\Users\User\AppData\Local\Programs\Eclipse Adoptium\jdk-21.0.8.9-hotspot\bin\zip.dll
Event: 0.267 Loaded shared library C:\Users\User\AppData\Local\Programs\Eclipse Adoptium\jdk-21.0.8.9-hotspot\bin\jimage.dll
Event: 2.866 Loaded shared library C:\Users\User\AppData\Local\Programs\Eclipse Adoptium\jdk-21.0.8.9-hotspot\bin\sunmscapi.dll
Event: 4.640 Loaded shared library C:\Users\User\AppData\Local\Programs\Eclipse Adoptium\jdk-21.0.8.9-hotspot\bin\management.dll
Event: 4.650 Loaded shared library C:\Users\User\AppData\Local\Programs\Eclipse Adoptium\jdk-21.0.8.9-hotspot\bin\management_ext.dll
Event: 5.231 Loaded shared library C:\Users\User\AppData\Local\Programs\Eclipse Adoptium\jdk-21.0.8.9-hotspot\bin\verify.dll
Event: 5.747 Loaded shared library C:\Users\User\AppData\Local\Programs\Eclipse Adoptium\jdk-21.0.8.9-hotspot\bin\extnet.dll

Deoptimization events (4 events):
Event: 4.204 Thread 0x00000200e5f15910 DEOPT PACKING pc=0x00000200eed89a1c sp=0x000000843f1fbad0
Event: 4.204 Thread 0x00000200e5f15910 DEOPT UNPACKING pc=0x00000200ee6688e2 sp=0x000000843f1fb078 mode 0
Event: 4.204 Thread 0x00000200e5f15910 DEOPT PACKING pc=0x00000200eed2568c sp=0x000000843f1fbcd0
Event: 4.204 Thread 0x00000200e5f15910 DEOPT UNPACKING pc=0x00000200ee6688e2 sp=0x000000843f1fb190 mode 0

Classes loaded (20 events):
Event: 15.571 Loading class javax/net/ssl/SSLEngineResult$HandshakeStatus done
Event: 15.571 Loading class jdk/internal/event/TLSHandshakeEvent
Event: 15.571 Loading class jdk/internal/event/TLSHandshakeEvent done
Event: 16.036 Loading class sun/security/ssl/PostHandshakeContext
Event: 16.036 Loading class sun/security/ssl/PostHandshakeContext done
Event: 16.036 Loading class sun/security/ssl/NewSessionTicket$T13NewSessionTicketMessage
Event: 16.040 Loading class sun/security/ssl/NewSessionTicket$NewSessionTicketMessage
Event: 16.040 Loading class sun/security/ssl/NewSessionTicket$NewSessionTicketMessage done
Event: 16.040 Loading class sun/security/ssl/NewSessionTicket$T13NewSessionTicketMessage done
Event: 16.070 Loading class java/util/function/LongBinaryOperator
Event: 16.070 Loading class java/util/function/LongBinaryOperator done
Event: 16.075 Loading class sun/util/resources/ParallelListResourceBundle
Event: 16.075 Loading class sun/util/resources/ParallelListResourceBundle done
Event: 16.411 Loading class sun/security/ssl/PreSharedKeyExtension$PskIdentity
Event: 16.411 Loading class sun/security/ssl/PreSharedKeyExtension$PskIdentity done
Event: 16.411 Loading class sun/security/ssl/PreSharedKeyExtension$CHPreSharedKeySpec
Event: 16.411 Loading class sun/security/ssl/PreSharedKeyExtension$CHPreSharedKeySpec done
Event: 16.411 Loading class sun/security/ssl/PreSharedKeyExtension$PartialClientHelloMessage
Event: 16.411 Loading class sun/security/ssl/PreSharedKeyExtension$PartialClientHelloMessage done
Event: 16.411 Loading class sun/security/ssl/SSLEngineOutputRecord

Classes unloaded (0 events):
No events

Classes redefined (0 events):
No events

Internal exceptions (20 events):
Event: 12.783 Thread 0x00000200fcc685e0 Exception <a 'sun/nio/fs/WindowsException'{0x0000000086e736a8}> (0x0000000086e736a8) 
thrown [s\src\hotspot\share\prims\jni.cpp, line 520]
Event: 12.813 Thread 0x00000200e5f15910 Exception <a 'java/lang/NoSuchMethodError'{0x0000000086e9b600}: 'long java.lang.invoke.DirectMethodHandle$Holder.invokeVirtual(java.lang.Object, java.lang.Object, java.lang.Object, java.lang.Object, java.lang.Object, java.lang.Object)'> (0x0000000086e9b600) 
thrown [s\src\hotspot\share\interpreter\linkResolver.cpp, line 773]
Event: 12.846 Thread 0x00000200fcc685e0 Exception <a 'sun/nio/fs/WindowsException'{0x0000000086de5d20}> (0x0000000086de5d20) 
thrown [s\src\hotspot\share\prims\jni.cpp, line 520]
Event: 12.847 Thread 0x00000200fcc685e0 Exception <a 'sun/nio/fs/WindowsException'{0x0000000086df3740}> (0x0000000086df3740) 
thrown [s\src\hotspot\share\prims\jni.cpp, line 520]
Event: 12.850 Thread 0x00000200fcc685e0 Exception <a 'sun/nio/fs/WindowsException'{0x0000000086c0ef78}> (0x0000000086c0ef78) 
thrown [s\src\hotspot\share\prims\jni.cpp, line 520]
Event: 12.854 Thread 0x00000200fcc685e0 Exception <a 'sun/nio/fs/WindowsException'{0x0000000086cb2d30}> (0x0000000086cb2d30) 
thrown [s\src\hotspot\share\prims\jni.cpp, line 520]
Event: 12.945 Thread 0x00000200fcc68c70 Exception <a 'sun/nio/fs/WindowsException'{0x0000000086b138c0}> (0x0000000086b138c0) 
thrown [s\src\hotspot\share\prims\jni.cpp, line 520]
Event: 13.075 Thread 0x00000200e5f15910 Exception <a 'java/lang/NoSuchMethodError'{0x0000000088c88d48}: 'java.lang.Object java.lang.invoke.Invokers$Holder.invoke_MT(java.lang.Object, java.lang.Object, java.lang.Object, java.lang.Object, java.lang.Object, java.lang.Object, java.lang.Object, java.lang.Object, java.lang.Object, java.lang.Object, java.lang.Object)'> (0x0000000088c88d48) 
thrown [s\src\hotspot\share\interpreter\linkResolver.cpp, line 773]
Event: 13.212 Thread 0x00000200e5f15910 Exception <a 'java/lang/NoSuchMethodError'{0x0000000087aea0d8}: 'java.lang.Object java.lang.invoke.DirectMethodHandle$Holder.newInvokeSpecial(java.lang.Object, java.lang.Object, int, java.lang.Object, java.lang.Object)'> (0x0000000087aea0d8) 
thrown [s\src\hotspot\share\interpreter\linkResolver.cpp, line 773]
Event: 13.852 Thread 0x00000200fcc66ba0 Exception <a 'java/lang/NoSuchMethodError'{0x0000000086f55610}: 'java.lang.Object java.lang.invoke.DirectMethodHandle$Holder.invokeStatic(java.lang.Object, long, long)'> (0x0000000086f55610) 
thrown [s\src\hotspot\share\interpreter\linkResolver.cpp, line 773]
Event: 13.852 Thread 0x00000200fcc67230 Exception <a 'java/lang/NoSuchMethodError'{0x00000000870be928}: 'java.lang.Object java.lang.invoke.DirectMethodHandle$Holder.invokeStatic(java.lang.Object, long, long)'> (0x00000000870be928) 
thrown [s\src\hotspot\share\interpreter\linkResolver.cpp, line 773]
Event: 13.852 Thread 0x00000200fcc68c70 Exception <a 'java/lang/NoSuchMethodError'{0x00000000870ea008}: 'java.lang.Object java.lang.invoke.DirectMethodHandle$Holder.invokeStatic(java.lang.Object, long, long)'> (0x00000000870ea008) 
thrown [s\src\hotspot\share\interpreter\linkResolver.cpp, line 773]
Event: 13.853 Thread 0x00000200fcc66ba0 Exception <a 'java/lang/NoSuchMethodError'{0x0000000086f600e8}: 'java.lang.Object java.lang.invoke.DirectMethodHandle$Holder.invokeInterface(java.lang.Object, java.lang.Object, long)'> (0x0000000086f600e8) 
thrown [s\src\hotspot\share\interpreter\linkResolver.cpp, line 773]
Event: 13.853 Thread 0x00000200fcc67230 Exception <a 'java/lang/NoSuchMethodError'{0x0000000086f71ca8}: 'java.lang.Object java.lang.invoke.DirectMethodHandle$Holder.invokeInterface(java.lang.Object, java.lang.Object, long)'> (0x0000000086f71ca8) 
thrown [s\src\hotspot\share\interpreter\linkResolver.cpp, line 773]
Event: 13.853 Thread 0x00000200fcc68c70 Exception <a 'java/lang/NoSuchMethodError'{0x0000000086f674a8}: 'java.lang.Object java.lang.invoke.DirectMethodHandle$Holder.invokeInterface(java.lang.Object, java.lang.Object, long)'> (0x0000000086f674a8) 
thrown [s\src\hotspot\share\interpreter\linkResolver.cpp, line 773]
Event: 15.576 Thread 0x00000200fcc67230 Exception <a 'java/lang/NoSuchMethodError'{0x0000000088cdfcf0}: 'void java.lang.invoke.DirectMethodHandle$Holder.invokeStatic(java.lang.Object, long)'> (0x0000000088cdfcf0) 
thrown [s\src\hotspot\share\interpreter\linkResolver.cpp, line 773]
Event: 15.576 Thread 0x00000200fcc68c70 Exception <a 'java/lang/NoSuchMethodError'{0x0000000088cf9a30}: 'void java.lang.invoke.DirectMethodHandle$Holder.invokeStatic(java.lang.Object, long)'> (0x0000000088cf9a30) 
thrown [s\src\hotspot\share\interpreter\linkResolver.cpp, line 773]
Event: 15.576 Thread 0x00000200fcc66ba0 Exception <a 'java/lang/NoSuchMethodError'{0x0000000088cf1918}: 'void java.lang.invoke.DirectMethodHandle$Holder.invokeStatic(java.lang.Object, long)'> (0x0000000088cf1918) 
thrown [s\src\hotspot\share\interpreter\linkResolver.cpp, line 773]
Event: 16.115 Thread 0x00000200fcc66ba0 Exception <a 'java/lang/NoSuchMethodError'{0x0000000088bcc890}: 'void java.lang.invoke.DirectMethodHandle$Holder.invokeStatic(java.lang.Object, java.lang.Object, long)'> (0x0000000088bcc890) 
thrown [s\src\hotspot\share\interpreter\linkResolver.cpp, line 773]
Event: 16.115 Thread 0x00000200fcc68c70 Exception <a 'java/lang/NoSuchMethodError'{0x0000000088bf6060}: 'void java.lang.invoke.DirectMethodHandle$Holder.invokeStatic(java.lang.Object, java.lang.Object, long)'> (0x0000000088bf6060) 
thrown [s\src\hotspot\share\interpreter\linkResolver.cpp, line 773]

ZGC Phase Switch (0 events):
No events

VM Operations (20 events):
Event: 13.725 Executing VM operation: HandshakeAllThreads (Deoptimize)
Event: 13.725 Executing VM operation: HandshakeAllThreads (Deoptimize) done
Event: 14.021 Executing VM operation: HandshakeAllThreads (Deoptimize)
Event: 14.021 Executing VM operation: HandshakeAllThreads (Deoptimize) done
Event: 14.021 Executing VM operation: Cleanup
Event: 14.021 Executing VM operation: Cleanup done
Event: 14.024 Executing VM operation: HandshakeAllThreads (Deoptimize)
Event: 14.024 Executing VM operation: HandshakeAllThreads (Deoptimize) done
Event: 14.034 Executing VM operation: HandshakeAllThreads (Deoptimize)
Event: 14.035 Executing VM operation: HandshakeAllThreads (Deoptimize) done
Event: 14.724 Executing VM operation: G1CollectForAllocation (G1 Evacuation Pause)
Event: 14.731 Executing VM operation: G1CollectForAllocation (G1 Evacuation Pause) done
Event: 14.783 Executing VM operation: G1PauseRemark
Event: 15.284 Executing VM operation: G1PauseRemark done
Event: 15.317 Executing VM operation: G1PauseCleanup
Event: 15.385 Executing VM operation: G1PauseCleanup done
Event: 16.138 Executing VM operation: HandshakeAllThreads (Deoptimize)
Event: 16.160 Executing VM operation: HandshakeAllThreads (Deoptimize) done
Event: 16.167 Executing VM operation: HandshakeAllThreads (Deoptimize)
Event: 16.167 Executing VM operation: HandshakeAllThreads (Deoptimize) done

Memory protections (0 events):
No events

Nmethod flushes (20 events):
Event: 9.013 Thread 0x00000200e3c1dac0 flushing  nmethod 0x00000200eee65790
Event: 9.013 Thread 0x00000200e3c1dac0 flushing  nmethod 0x00000200eee74590
Event: 15.283 Thread 0x00000200e3c1dac0 flushing  nmethod 0x00000200ee8d5890
Event: 15.283 Thread 0x00000200e3c1dac0 flushing  nmethod 0x00000200ee8e6910
Event: 15.283 Thread 0x00000200e3c1dac0 flushing  nmethod 0x00000200ee937a10
Event: 15.283 Thread 0x00000200e3c1dac0 flushing  nmethod 0x00000200ee9f0d10
Event: 15.283 Thread 0x00000200e3c1dac0 flushing  nmethod 0x00000200eed36110
Event: 15.283 Thread 0x00000200e3c1dac0 flushing  nmethod 0x00000200eeda4f10
Event: 15.283 Thread 0x00000200e3c1dac0 flushing  nmethod 0x00000200eede9090
Event: 15.283 Thread 0x00000200e3c1dac0 flushing  nmethod 0x00000200eef17490
Event: 15.283 Thread 0x00000200e3c1dac0 flushing  nmethod 0x00000200eef71d10
Event: 15.283 Thread 0x00000200e3c1dac0 flushing  nmethod 0x00000200eef76590
Event: 15.283 Thread 0x00000200e3c1dac0 flushing  nmethod 0x00000200eef24410
Event: 15.283 Thread 0x00000200e3c1dac0 flushing  nmethod 0x00000200ee8c3390
Event: 15.283 Thread 0x00000200e3c1dac0 flushing  nmethod 0x00000200ee8df910
Event: 15.283 Thread 0x00000200e3c1dac0 flushing  nmethod 0x00000200eeca8f10
Event: 15.283 Thread 0x00000200e3c1dac0 flushing  nmethod 0x00000200eee52e10
Event: 15.283 Thread 0x00000200e3c1dac0 flushing  nmethod 0x00000200eef1bd90
Event: 15.283 Thread 0x00000200e3c1dac0 flushing  nmethod 0x00000200eef98a90
Event: 15.283 Thread 0x00000200e3c1dac0 flushing  nmethod 0x00000200eecd4a10

Events (20 events):
Event: 13.227 Thread 0x00000200e5f15910 Thread added: 0x00000200fcc657f0
Event: 13.227 Thread 0x00000200e5f15910 Thread added: 0x00000200fcc66510
Event: 13.227 Thread 0x00000200e5f15910 Thread added: 0x00000200fcc67f50
Event: 13.227 Thread 0x00000200e5f15910 Thread added: 0x00000200fcc65e80
Event: 13.227 Thread 0x00000200e5f15910 Thread added: 0x00000200fd39a180
Event: 13.227 Thread 0x00000200e5f15910 Thread added: 0x00000200fd39a810
Event: 13.227 Thread 0x00000200e5f15910 Thread added: 0x00000200fd399af0
Event: 13.227 Thread 0x00000200e5f15910 Thread added: 0x00000200fd39f040
Event: 13.227 Thread 0x00000200e5f15910 Thread added: 0x00000200fd39e9b0
Event: 13.239 Thread 0x00000200e5f15910 Thread added: 0x00000200fd39c250
Event: 13.244 Thread 0x00000200e5f15910 Thread added: 0x00000200fd39b530
Event: 13.262 Thread 0x00000200e5f15910 Thread added: 0x00000200fd39cf70
Event: 13.274 Thread 0x00000200e5f15910 Thread exited: 0x00000200e5f15910
Event: 13.274 Thread 0x00000200fd39c8e0 Thread added: 0x00000200fd39c8e0
Event: 16.074 Thread 0x00000200fcc66ba0 Thread added: 0x00000200fd39d600
Event: 16.074 Thread 0x00000200fcc68c70 Thread added: 0x00000200fd3980b0
Event: 16.111 Thread 0x00000200fcc68c70 Thread added: 0x00000200fd39e320
Event: 16.114 Thread 0x00000200fcc66ba0 Thread added: 0x00000200fd39f6d0
Event: 16.230 Thread 0x00000200fcc67230 Thread added: 0x00000200fd39dc90
Event: 16.232 Thread 0x00000200fcc67230 Thread added: 0x00000200fd398dd0


Dynamic libraries:
0x00007ff7a4d90000 - 0x00007ff7a4d9e000 	C:\Users\User\AppData\Local\Programs\Eclipse Adoptium\jdk-21.0.8.9-hotspot\bin\java.exe
0x00007fffa6550000 - 0x00007fffa6767000 	C:\WINDOWS\SYSTEM32\ntdll.dll
0x00007fffa5630000 - 0x00007fffa56f4000 	C:\WINDOWS\System32\KERNEL32.DLL
0x00007fffa3650000 - 0x00007fffa3a23000 	C:\WINDOWS\System32\KERNELBASE.dll
0x00007fffa3cd0000 - 0x00007fffa3de1000 	C:\WINDOWS\System32\ucrtbase.dll
0x00007fff8b8f0000 - 0x00007fff8b908000 	C:\Users\User\AppData\Local\Programs\Eclipse Adoptium\jdk-21.0.8.9-hotspot\bin\jli.dll
0x00007fff7f130000 - 0x00007fff7f14e000 	C:\Users\User\AppData\Local\Programs\Eclipse Adoptium\jdk-21.0.8.9-hotspot\bin\VCRUNTIME140.dll
0x00007fffa5c30000 - 0x00007fffa5de2000 	C:\WINDOWS\System32\USER32.dll
0x00007fffa3f20000 - 0x00007fffa3f46000 	C:\WINDOWS\System32\win32u.dll
0x00007fff90050000 - 0x00007fff902ec000 	C:\WINDOWS\WinSxS\amd64_microsoft.windows.common-controls_6595b64144ccf1df_6.0.22621.5983_none_2714a6b37381578e\COMCTL32.dll
0x00007fffa59d0000 - 0x00007fffa59f9000 	C:\WINDOWS\System32\GDI32.dll
0x00007fffa41f0000 - 0x00007fffa4297000 	C:\WINDOWS\System32\msvcrt.dll
0x00007fffa3df0000 - 0x00007fffa3f13000 	C:\WINDOWS\System32\gdi32full.dll
0x00007fffa3af0000 - 0x00007fffa3b8a000 	C:\WINDOWS\System32\msvcp_win.dll
0x00007fffa52e0000 - 0x00007fffa5311000 	C:\WINDOWS\System32\IMM32.DLL
0x00007fff7ad50000 - 0x00007fff7ad5c000 	C:\Users\User\AppData\Local\Programs\Eclipse Adoptium\jdk-21.0.8.9-hotspot\bin\vcruntime140_1.dll
0x00007fff642c0000 - 0x00007fff6434d000 	C:\Users\User\AppData\Local\Programs\Eclipse Adoptium\jdk-21.0.8.9-hotspot\bin\msvcp140.dll
0x00007fff13eb0000 - 0x00007fff14c47000 	C:\Users\User\AppData\Local\Programs\Eclipse Adoptium\jdk-21.0.8.9-hotspot\bin\server\jvm.dll
0x00007fffa4420000 - 0x00007fffa44d1000 	C:\WINDOWS\System32\ADVAPI32.dll
0x00007fffa4350000 - 0x00007fffa43f8000 	C:\WINDOWS\System32\sechost.dll
0x00007fffa4140000 - 0x00007fffa4168000 	C:\WINDOWS\System32\bcrypt.dll
0x00007fffa5a00000 - 0x00007fffa5b18000 	C:\WINDOWS\System32\RPCRT4.dll
0x00007fffa5950000 - 0x00007fffa59c1000 	C:\WINDOWS\System32\WS2_32.dll
0x00007fff9ceb0000 - 0x00007fff9cee4000 	C:\WINDOWS\SYSTEM32\WINMM.dll
0x00007fffa2460000 - 0x00007fffa24ad000 	C:\WINDOWS\SYSTEM32\POWRPROF.dll
0x00007fff9ce10000 - 0x00007fff9ce1a000 	C:\WINDOWS\SYSTEM32\VERSION.dll
0x00007fffa2420000 - 0x00007fffa2433000 	C:\WINDOWS\SYSTEM32\UMPDC.dll
0x00007fffa26d0000 - 0x00007fffa26e8000 	C:\WINDOWS\SYSTEM32\kernel.appcore.dll
0x00007fff7ad40000 - 0x00007fff7ad4a000 	C:\Users\User\AppData\Local\Programs\Eclipse Adoptium\jdk-21.0.8.9-hotspot\bin\jimage.dll
0x00007fffa19d0000 - 0x00007fffa1c03000 	C:\WINDOWS\SYSTEM32\DBGHELP.DLL
0x00007fffa4680000 - 0x00007fffa4a11000 	C:\WINDOWS\System32\combase.dll
0x00007fffa54e0000 - 0x00007fffa55b8000 	C:\WINDOWS\System32\OLEAUT32.dll
0x00007fff8dfa0000 - 0x00007fff8dfd2000 	C:\WINDOWS\SYSTEM32\dbgcore.DLL
0x00007fffa4170000 - 0x00007fffa41eb000 	C:\WINDOWS\System32\bcryptPrimitives.dll
0x00007fff7ad20000 - 0x00007fff7ad3f000 	C:\Users\User\AppData\Local\Programs\Eclipse Adoptium\jdk-21.0.8.9-hotspot\bin\java.dll
0x00007fffa4a20000 - 0x00007fffa52be000 	C:\WINDOWS\System32\SHELL32.dll
0x00007fffa3b90000 - 0x00007fffa3ccf000 	C:\WINDOWS\System32\wintypes.dll
0x00007fffa1000000 - 0x00007fffa1918000 	C:\WINDOWS\SYSTEM32\windows.storage.dll
0x00007fffa6370000 - 0x00007fffa6474000 	C:\WINDOWS\System32\SHCORE.dll
0x00007fffa5710000 - 0x00007fffa5779000 	C:\WINDOWS\System32\shlwapi.dll
0x00007fffa3580000 - 0x00007fffa35a5000 	C:\WINDOWS\SYSTEM32\profapi.dll
0x00007fff75740000 - 0x00007fff75750000 	C:\Users\User\AppData\Local\Programs\Eclipse Adoptium\jdk-21.0.8.9-hotspot\bin\net.dll
0x00007fff9d510000 - 0x00007fff9d63c000 	C:\WINDOWS\SYSTEM32\WINHTTP.dll
0x00007fffa2b90000 - 0x00007fffa2bf9000 	C:\WINDOWS\system32\mswsock.dll
0x00007fff65450000 - 0x00007fff65466000 	C:\Users\User\AppData\Local\Programs\Eclipse Adoptium\jdk-21.0.8.9-hotspot\bin\nio.dll
0x00007fff640c0000 - 0x00007fff640d8000 	C:\Users\User\AppData\Local\Programs\Eclipse Adoptium\jdk-21.0.8.9-hotspot\bin\zip.dll
0x00007fff91c60000 - 0x00007fff91c6e000 	C:\Users\User\AppData\Local\Programs\Eclipse Adoptium\jdk-21.0.8.9-hotspot\bin\sunmscapi.dll
0x00007fffa3f50000 - 0x00007fffa40b8000 	C:\WINDOWS\System32\CRYPT32.dll
0x00007fffa2fc0000 - 0x00007fffa2fee000 	C:\WINDOWS\SYSTEM32\ncrypt.dll
0x00007fffa2f50000 - 0x00007fffa2f87000 	C:\WINDOWS\SYSTEM32\NTASN1.dll
0x00007fffa2e80000 - 0x00007fffa2e9b000 	C:\WINDOWS\SYSTEM32\CRYPTSP.dll
0x00007fffa2630000 - 0x00007fffa2667000 	C:\WINDOWS\system32\rsaenh.dll
0x00007fffa2c30000 - 0x00007fffa2c58000 	C:\WINDOWS\SYSTEM32\USERENV.dll
0x00007fffa2d90000 - 0x00007fffa2d9c000 	C:\WINDOWS\SYSTEM32\CRYPTBASE.dll
0x00007fffa2060000 - 0x00007fffa208d000 	C:\WINDOWS\SYSTEM32\IPHLPAPI.DLL
0x00007fffa5700000 - 0x00007fffa5709000 	C:\WINDOWS\System32\NSI.dll
0x00007fff91010000 - 0x00007fff9101a000 	C:\Users\User\AppData\Local\Programs\Eclipse Adoptium\jdk-21.0.8.9-hotspot\bin\management.dll
0x00007fff91000000 - 0x00007fff9100b000 	C:\Users\User\AppData\Local\Programs\Eclipse Adoptium\jdk-21.0.8.9-hotspot\bin\management_ext.dll
0x00007fffa52c0000 - 0x00007fffa52c8000 	C:\WINDOWS\System32\PSAPI.DLL
0x00007fff9f6a0000 - 0x00007fff9f6b0000 	C:\Users\User\AppData\Local\Programs\Eclipse Adoptium\jdk-21.0.8.9-hotspot\bin\verify.dll
0x00007fffa2090000 - 0x00007fffa2188000 	C:\WINDOWS\SYSTEM32\DNSAPI.dll
0x000000006bc70000 - 0x000000006bc96000 	C:\Program Files\Bonjour\mdnsNSP.dll
0x00007fff9c8e0000 - 0x00007fff9c8ea000 	C:\Windows\System32\rasadhlp.dll
0x00007fff9c5e0000 - 0x00007fff9c664000 	C:\WINDOWS\System32\fwpuclnt.dll
0x00007fff86250000 - 0x00007fff86259000 	C:\Users\User\AppData\Local\Programs\Eclipse Adoptium\jdk-21.0.8.9-hotspot\bin\extnet.dll
0x00007fff9d100000 - 0x00007fff9d119000 	C:\WINDOWS\SYSTEM32\dhcpcsvc6.DLL
0x00007fff9d0e0000 - 0x00007fff9d0ff000 	C:\WINDOWS\SYSTEM32\dhcpcsvc.DLL
0x00007fff3b470000 - 0x00007fff3b478000 	C:\WINDOWS\system32\wshunix.dll

JVMTI agents: none

dbghelp: loaded successfully - version: 4.0.5 - missing functions: none
symbol engine: initialized successfully - sym options: 0x614 - pdb path: .;C:\Users\User\AppData\Local\Programs\Eclipse Adoptium\jdk-21.0.8.9-hotspot\bin;C:\WINDOWS\SYSTEM32;C:\WINDOWS\WinSxS\amd64_microsoft.windows.common-controls_6595b64144ccf1df_6.0.22621.5983_none_2714a6b37381578e;C:\Users\User\AppData\Local\Programs\Eclipse Adoptium\jdk-21.0.8.9-hotspot\bin\server;C:\Program Files\Bonjour

VM Arguments:
jvm_args: -XX:TieredStopAtLevel=1 
java_command: com.eldercare.eldercare.EldercareApplication
java_class_path (initial): D:\Projects\elder_care\Elder_Care_Backend\target\classes;C:\Users\User\.m2\repository\org\springframework\boot\spring-boot\3.5.6\spring-boot-3.5.6.jar;C:\Users\User\.m2\repository\org\springframework\boot\spring-boot-autoconfigure\3.5.6\spring-boot-autoconfigure-3.5.6.jar;C:\Users\User\.m2\repository\ch\qos\logback\logback-classic\1.5.18\logback-classic-1.5.18.jar;C:\Users\User\.m2\repository\ch\qos\logback\logback-core\1.5.18\logback-core-1.5.18.jar;C:\Users\User\.m2\repository\org\apache\logging\log4j\log4j-to-slf4j\2.24.3\log4j-to-slf4j-2.24.3.jar;C:\Users\User\.m2\repository\org\apache\logging\log4j\log4j-api\2.24.3\log4j-api-2.24.3.jar;C:\Users\User\.m2\repository\org\slf4j\jul-to-slf4j\2.0.17\jul-to-slf4j-2.0.17.jar;C:\Users\User\.m2\repository\jakarta\annotation\jakarta.annotation-api\2.1.1\jakarta.annotation-api-2.1.1.jar;C:\Users\User\.m2\repository\org\yaml\snakeyaml\2.4\snakeyaml-2.4.jar;C:\Users\User\.m2\repository\org\mongodb\mongodb-driver-sync\5.5.1\mongodb-driver-sync-5.5.1.jar;C:\Users\User\.m2\repository\org\mongodb\bson\5.5.1\bson-5.5.1.jar;C:\Users\User\.m2\repository\org\mongodb\mongodb-driver-core\5.5.1\mongodb-driver-core-5.5.1.jar;C:\Users\User\.m2\repository\org\mongodb\bson-record-codec\5.5.1\bson-record-codec-5.5.1.jar;C:\Users\User\.m2\repository\org\springframework\data\spring-data-mongodb\4.5.4\spring-data-mongodb-4.5.4.jar;C:\Users\User\.m2\repository\org\springframework\spring-tx\6.2.11\spring-tx-6.2.11.jar;C:\Users\User\.m2\repository\org\springframework\spring-context\6.2.11\spring-context-6.2.11.jar;C:\Users\User\.m2\repository\org\springframework\spring-beans\6.2.11\spring-beans-6.2.11.jar;C:\Users\User\.m2\repository\org\springframework\spring-expression\6.2.11\spring-expression-6.2.11.jar;C:\Users\User\.m2\repository\org\springframework\data\spring-data-commons\3.5.4\spring-data-commons-3.5.4.jar;C:\Users\User\.m2\repository\org\slf4j\slf4j-api\2.0.17\slf4j-api-2.0.17.jar;C:\Users\User\.m2\repository\com\fasterxml\jackson\datatype\jackson-datatype-jdk8\2.19.2\jackson-datatype-jdk8-2.19.2.jar;C:\Users\User\.m2\repository\com\fasterxml\jackson\datatype\jackson-datatype-jsr310\2.19.2\jackson-datatype-jsr310-2.19.2.jar;C:\Users\User\.m2\repository\com\fasterxml\jackson\module\jackson-module-parameter-names\2.19.2\jackson-module-parameter-names-2.19.2.jar;C:\Users\User\.m2\repository\org\apache\tomcat\embed\tomcat-embed-core\10.1.46\tomcat-embed-core-10.1.46.jar;C:\Users\User\.m2\repository\org\apache\tomcat\embed\tomcat-embed-el\10.1.46\tomcat-embed-el-10.1.46.jar;C:\Users\User\.m2\repository\org\apache\tomcat\embed\tomcat-embed-websocket\10.1.46\tomcat-embed-websocket-10.1.46.jar;C:\Users\User\.m2\repository\org\springframework\spring-web\6.2.11\spring-web-6.2.11.jar;C:\Users\User\.m2\repository\io\micrometer\micrometer-observation\1.15.4\micrometer-observation-1.15.4.jar;C:\Users\User\.m2\repository\io\micrometer\micrometer-commons\1.15.4\micrometer-commons-1.15.4.jar;C:\Users\User\.m2\repository\org\springframework\spring-webmvc\6.2.11\spring-webmvc-6.2.11.jar;C:\Users\User\.m2\repository\jakarta\xml\bind\jakarta.xml.bind-api\4.0.2\jakarta.xml.bind-api-4.0.2.jar;C:\Users\User\.m2\repository\jakarta\activation\jakarta.activation-api\2.1.4\jakarta.activation-api-2.1.4.jar;C:\Users\User\.m2\repository\net\bytebuddy\byte-buddy\1.17.7\byte-buddy-1.17.7.jar;C:\Users\User\.m2\repository\org\springframework\spring-core\6.2.11\spring-core-6.2.11.jar;C:\Users\User\.m2\repository\org\springframework\spring-jcl\6.2.11\spring-jcl-6.2.11.jar;C:\Users\User\.m2\repository\org\springframework\spring-aop\6.2.11\spring-aop-6.2.11.jar;C:\Users\User\.m2\repository\org\springframework\security\spring-security-config\6.5.5\spring-security-config-6.5.5.jar;C:\Users\User\.m2\repository\org\springframework\security\spring-security-core\6.5.5\spring-security-core-6.5.5.jar;C:\Users\User\.m2\repository\org\springframework\security\spring-security-crypto\6.5.5\spring-security-crypto-6.5.5.jar;C:\Users\User\.m2\repository\org\springframework\security\spring-security-web\6.5.5\spring-security-web-6.5.5.jar;C:\Users\User\.m2\repository\io\jsonwebtoken\jjwt-api\0.11.5\jjwt-api-0.11.5.jar;C:\Users\User\.m2\repository\io\jsonwebtoken\jjwt-impl\0.11.5\jjwt-impl-0.11.5.jar;C:\Users\User\.m2\repository\io\jsonwebtoken\jjwt-jackson\0.11.5\jjwt-jackson-0.11.5.jar;C:\Users\User\.m2\repository\com\fasterxml\jackson\core\jackson-databind\2.19.2\jackson-databind-2.19.2.jar;C:\Users\User\.m2\repository\com\fasterxml\jackson\core\jackson-annotations\2.19.2\jackson-annotations-2.19.2.jar;C:\Users\User\.m2\repository\com\fasterxml\jackson\core\jackson-core\2.19.2\jackson-core-2.19.2.jar;C:\Users\User\.m2\repository\org\springframework\spring-context-support\6.2.11\spring-context-support-6.2.11.jar;C:\Users\User\.m2\repository\org\eclipse\angus\jakarta.mail\2.0.4\jakarta.mail-2.0.4.jar;C:\Users\User\.m2\repository\org\eclipse\angus\angus-activation\2.0.2\angus-activation-2.0.2.jar;C:\Users\User\.m2\repository\com\zaxxer\HikariCP\6.3.3\HikariCP-6.3.3.jar;C:\Users\User\.m2\repository\org\springframework\spring-jdbc\6.2.11\spring-jdbc-6.2.11.jar;C:\Users\User\.m2\repository\org\hibernate\orm\hibernate-core\6.6.29.Final\hibernate-core-6.6.29.Final.jar;C:\Users\User\.m2\repository\jakarta\persistence\jakarta.persistence-api\3.1.0\jakarta.persistence-api-3.1.0.jar;C:\Users\User\.m2\repository\jakarta\transaction\jakarta.transaction-api\2.0.1\jakarta.transaction-api-2.0.1.jar;C:\Users\User\.m2\repository\org\jboss\logging\jboss-logging\3.6.1.Final\jboss-logging-3.6.1.Final.jar;C:\Users\User\.m2\repository\org\hibernate\common\hibernate-commons-annotations\7.0.3.Final\hibernate-commons-annotations-7.0.3.Final.jar;C:\Users\User\.m2\repository\io\smallrye\jandex\3.2.0\jandex-3.2.0.jar;C:\Users\User\.m2\repository\com\fasterxml\classmate\1.7.0\classmate-1.7.0.jar;C:\Users\User\.m2\repository\org\glassfish\jaxb\jaxb-runtime\4.0.5\jaxb-runtime-4.0.5.jar;C:\Users\User\.m2\repository\org\glassfish\jaxb\jaxb-core\4.0.5\jaxb-core-4.0.5.jar;C:\Users\User\.m2\repository\org\glassfish\jaxb\txw2\4.0.5\txw2-4.0.5.jar;C:\Users\User\.m2\repository\com\sun\istack\istack-commons-runtime\4.1.2\istack-commons-runtime-4.1.2.jar;C:\Users\User\.m2\repository\jakarta\inject\jakarta.inject-api\2.0.1\jakarta.inject-api-2.0.1.jar;C:\Users\User\.m2\repository\org\antlr\antlr4-runtime\4.13.0\antlr4-runtime-4.13.0.jar;C:\Users\User\.m2\repository\org\springframework\data\spring-data-jpa\3.5.4\spring-data-jpa-3.5.4.jar;C:\Users\User\.m2\repository\org\springframework\spring-orm\6.2.11\spring-orm-6.2.11.jar;C:\Users\User\.m2\repository\org\springframework\spring-aspects\6.2.11\spring-aspects-6.2.11.jar;C:\Users\User\.m2\repository\org\aspectj\aspectjweaver\1.9.24\aspectjweaver-1.9.24.jar;C:\Users\User\.m2\repository\com\mysql\mysql-connector-j\9.4.0\mysql-connector-j-9.4.0.jar
Launcher Type: SUN_STANDARD

[Global flags]
     intx CICompilerCount                          = 3                                         {product} {ergonomic}
     uint ConcGCThreads                            = 1                                         {product} {ergonomic}
     uint G1ConcRefinementThreads                  = 4                                         {product} {ergonomic}
   size_t G1HeapRegionSize                         = 1048576                                   {product} {ergonomic}
    uintx GCDrainStackTargetSize                   = 64                                        {product} {ergonomic}
   size_t InitialHeapSize                          = 130023424                                 {product} {ergonomic}
   size_t MarkStackSize                            = 4194304                                   {product} {ergonomic}
   size_t MaxHeapSize                              = 2076180480                                {product} {ergonomic}
   size_t MaxNewSize                               = 1245708288                                {product} {ergonomic}
   size_t MinHeapDeltaBytes                        = 1048576                                   {product} {ergonomic}
   size_t MinHeapSize                              = 8388608                                   {product} {ergonomic}
    uintx NonNMethodCodeHeapSize                   = 4096                                   {pd product} {ergonomic}
    uintx NonProfiledCodeHeapSize                  = 0                                      {pd product} {ergonomic}
     bool ProfileInterpreter                       = false                                  {pd product} {command line}
    uintx ProfiledCodeHeapSize                     = 0                                      {pd product} {ergonomic}
   size_t SoftMaxHeapSize                          = 2076180480                             {manageable} {ergonomic}
     intx TieredStopAtLevel                        = 1                                         {product} {command line}
     bool UseCompressedOops                        = true                           {product lp64_product} {ergonomic}
     bool UseG1GC                                  = true                                      {product} {ergonomic}
     bool UseLargePagesIndividualAllocation        = false                                  {pd product} {ergonomic}

Logging:
Log output configuration:
 #0: stdout all=warning uptime,level,tags foldmultilines=false
 #1: stderr all=off uptime,level,tags foldmultilines=false

Environment Variables:
JAVA_HOME=C:\Users\User\AppData\Local\Programs\Eclipse Adoptium\jdk-21.0.8.9-hotspot
PATH=C:\Users\User\AppData\Local\Programs\Eclipse Adoptium\jdk-21.0.8.9-hotspot\bin;C:\Program Files\MySQL\MySQL Shell 8.0\bin\;C:\Users\User\AppData\Local\Programs\Python\Launcher\;C:\Users\User\AppData\Local\Microsoft\WindowsApps;D:\Visual Studio\Microsoft VS Code\bin;D:\Pychar\PyCharm Community Edition 2022.1.1\bin;;C:\Users\User\AppData\Roaming\npm;C:\Users\User\AppData\Local\nvm;C:\nvm4w\nodejs;D:\Intelij\IntelliJ IDEA 2024.3.5\bin;C:\Users\User\AppData\Roaming\Python\Python313\Scripts;;C:\Program Files\Java\jdk-21\bin;C:\Users\User\AppData\Roaming\Python\Python313\Scripts;D:\Projects\elder_care\apache-maven-3.9.11\bin;C:\Program Files\Git\cmd;
USERNAME=User
LANG=en_US.UTF-8
OS=Windows_NT
PROCESSOR_IDENTIFIER=Intel64 Family 6 Model 140 Stepping 1, GenuineIntel
TMP=C:\Users\User\AppData\Local\Temp
TEMP=C:\Users\User\AppData\Local\Temp




Periodic native trim disabled

---------------  S Y S T E M  ---------------

OS:
 Windows 11 , 64 bit Build 22621 (10.0.22621.5415)
OS uptime: 1 days 2:35 hours
Hyper-V role detected

CPU: total 4 (initial active 4) (2 cores per cpu, 2 threads per core) family 6 model 140 stepping 1 microcode 0xbc, cx8, cmov, fxsr, ht, mmx, 3dnowpref, sse, sse2, sse3, ssse3, sse4.1, sse4.2, popcnt, lzcnt, tsc, tscinvbit, avx, avx2, aes, erms, clmul, bmi1, bmi2, adx, avx512f, avx512dq, avx512cd, avx512bw, avx512vl, sha, fma, vzeroupper, avx512_vpopcntdq, avx512_vpclmulqdq, avx512_vaes, avx512_vnni, clflush, clflushopt, clwb, avx512_vbmi2, avx512_vbmi, hv, rdtscp, rdpid, fsrm, gfni, avx512_bitalg, f16c, cet_ibt, cet_ss, avx512_ifma
Processor Information for the first 4 processors :
  Max Mhz: 2995, Current Mhz: 2995, Mhz Limit: 2995

Memory: 4k page, system-wide physical 7914M (198M free)
TotalPageFile size 22945M (AvailPageFile size 1M)
current process WorkingSet (physical memory assigned to process): 229M, peak: 229M
current process commit charge ("private bytes"): 259M, peak: 259M

vm_info: OpenJDK 64-Bit Server VM (21.0.8+9-LTS) for windows-amd64 JRE (21.0.8+9-LTS), built on 2025-07-15T00:00:00Z by "admin" with MS VC++ 17.7 (VS2022)

END.
